2026-05-19 11:20:25,543 - INFO - Iniciando compilação do arquivo entrada.cmm.
2026-05-19 11:20:25,551 - INFO - Token: <TIPO_INT, 'i', 1, 0>
2026-05-19 11:20:25,551 - INFO - Token: <ID, 'x', 1, 2>
2026-05-19 11:20:25,551 - INFO - Token: <ATRIBUICAO, '=', 1, 4>
2026-05-19 11:20:25,551 - INFO - Token: <NUMERO, '1', 1, 6>
2026-05-19 11:20:25,551 - INFO - Token: <SOMA, '+', 1, 8>
2026-05-19 11:20:25,551 - INFO - Token: <NUMERO, '2', 1, 10>
2026-05-19 11:20:25,551 - INFO - Token: <SOMA, '+', 1, 12>
2026-05-19 11:20:25,551 - INFO - Token: <NUMERO, '3', 1, 14>
2026-05-19 11:20:25,551 - INFO - Token: <PONTO_VIRGULA, ';', 1, 15>
2026-05-19 11:20:25,551 - INFO - Token: <TIPO_INT, 'i', 2, 0>
2026-05-19 11:20:25,552 - INFO - Token: <ID, 'y', 2, 2>
2026-05-19 11:20:25,552 - INFO - Token: <ATRIBUICAO, '=', 2, 4>
2026-05-19 11:20:25,552 - INFO - Token: <NUMERO, '2', 2, 6>
2026-05-19 11:20:25,552 - INFO - Token: <MULTIPLICACAO, '*', 2, 8>
2026-05-19 11:20:25,552 - INFO - Token: <NUMERO, '3', 2, 10>
2026-05-19 11:20:25,552 - INFO - Token: <PONTO_VIRGULA, ';', 2, 11>
2026-05-19 11:20:25,552 - INFO - Token: <TIPO_INT, 'i', 3, 0>
2026-05-19 11:20:25,552 - INFO - Token: <ID, 'z', 3, 2>
2026-05-19 11:20:25,552 - INFO - Token: <ATRIBUICAO, '=', 3, 4>
2026-05-19 11:20:25,552 - INFO - Token: <NUMERO, '10', 3, 6>
2026-05-19 11:20:25,552 - INFO - Token: <DIVISAO, '/', 3, 9>
2026-05-19 11:20:25,552 - INFO - Token: <NUMERO, '2', 3, 11>
2026-05-19 11:20:25,552 - INFO - Token: <PONTO_VIRGULA, ';', 3, 12>
2026-05-19 11:20:25,552 - INFO - Token: <PT, 'pt', 5, 0>
2026-05-19 11:20:25,552 - INFO - Token: <ABRE_PARENTESES, '(', 5, 2>
2026-05-19 11:20:25,552 - INFO - Token: <ID, 'x', 5, 3>
2026-05-19 11:20:25,552 - INFO - Token: <FECHA_PARENTESES, ')', 5, 4>
2026-05-19 11:20:25,552 - INFO - Token: <PONTO_VIRGULA, ';', 5, 5>
2026-05-19 11:20:25,552 - INFO - Token: <PT, 'pt', 6, 0>
2026-05-19 11:20:25,552 - INFO - Token: <ABRE_PARENTESES, '(', 6, 2>
2026-05-19 11:20:25,552 - INFO - Token: <ID, 'y', 6, 3>
2026-05-19 11:20:25,552 - INFO - Token: <FECHA_PARENTESES, ')', 6, 4>
2026-05-19 11:20:25,552 - INFO - Token: <PONTO_VIRGULA, ';', 6, 5>
2026-05-19 11:20:25,552 - INFO - Token: <PT, 'pt', 7, 0>
2026-05-19 11:20:25,552 - INFO - Token: <ABRE_PARENTESES, '(', 7, 2>
2026-05-19 11:20:25,552 - INFO - Token: <ID, 'z', 7, 3>
2026-05-19 11:20:25,553 - INFO - Token: <FECHA_PARENTESES, ')', 7, 4>
2026-05-19 11:20:25,553 - INFO - Token: <PONTO_VIRGULA, ';', 7, 5>
2026-05-19 11:20:25,553 - INFO - Token: <TIPO_STR, 's', 8, 0>
2026-05-19 11:20:25,553 - INFO - Token: <ID, 'nome', 8, 2>
2026-05-19 11:20:25,553 - INFO - Token: <ATRIBUICAO, '=', 8, 7>
2026-05-19 11:20:25,553 - INFO - Token: <STRING, '"matheus"', 8, 9>
2026-05-19 11:20:25,553 - INFO - Token: <PONTO_VIRGULA, ';', 8, 18>
2026-05-19 11:20:25,553 - INFO - Token: <PT, 'pt', 9, 0>
2026-05-19 11:20:25,553 - INFO - Token: <ABRE_PARENTESES, '(', 9, 2>
2026-05-19 11:20:25,553 - INFO - Token: <ID, 'nome', 9, 3>
2026-05-19 11:20:25,553 - INFO - Token: <FECHA_PARENTESES, ')', 9, 7>
2026-05-19 11:20:25,553 - INFO - Token: <PONTO_VIRGULA, ';', 9, 8>
2026-05-19 11:20:25,553 - INFO - Token: <TIPO_INT, 'i', 11, 0>
2026-05-19 11:20:25,553 - INFO - Token: <ID, 'n', 11, 2>
2026-05-19 11:20:25,553 - INFO - Token: <ATRIBUICAO, '=', 11, 4>
2026-05-19 11:20:25,553 - INFO - Token: <NUMERO, '5', 11, 6>
2026-05-19 11:20:25,553 - INFO - Token: <PONTO_VIRGULA, ';', 11, 7>
2026-05-19 11:20:25,553 - INFO - Token: <TIPO_INT, 'i', 12, 0>
2026-05-19 11:20:25,553 - INFO - Token: <ID, 'r', 12, 2>
2026-05-19 11:20:25,553 - INFO - Token: <ATRIBUICAO, '=', 12, 4>
2026-05-19 11:20:25,553 - INFO - Token: <NUMERO, '0', 12, 6>
2026-05-19 11:20:25,553 - INFO - Token: <PONTO_VIRGULA, ';', 12, 7>
2026-05-19 11:20:25,553 - INFO - Token: <TIPO_INT, 'i', 13, 0>
2026-05-19 11:20:25,553 - INFO - Token: <ID, 'c', 13, 2>
2026-05-19 11:20:25,553 - INFO - Token: <ATRIBUICAO, '=', 13, 4>
2026-05-19 11:20:25,553 - INFO - Token: <NUMERO, '1', 13, 6>
2026-05-19 11:20:25,553 - INFO - Token: <PONTO_VIRGULA, ';', 13, 7>
2026-05-19 11:20:25,553 - INFO - Token: <TIPO_INT, 'i', 14, 0>
2026-05-19 11:20:25,554 - INFO - Token: <ID, 'k', 14, 2>
2026-05-19 11:20:25,554 - INFO - Token: <ATRIBUICAO, '=', 14, 4>
2026-05-19 11:20:25,554 - INFO - Token: <NUMERO, '0', 14, 6>
2026-05-19 11:20:25,554 - INFO - Token: <PONTO_VIRGULA, ';', 14, 7>
2026-05-19 11:20:25,554 - INFO - Token: <TIPO_INT, 'i', 15, 0>
2026-05-19 11:20:25,554 - INFO - Token: <ID, 'l', 15, 2>
2026-05-19 11:20:25,554 - INFO - Token: <ATRIBUICAO, '=', 15, 4>
2026-05-19 11:20:25,554 - INFO - Token: <NUMERO, '0', 15, 6>
2026-05-19 11:20:25,554 - INFO - Token: <PONTO_VIRGULA, ';', 15, 7>
2026-05-19 11:20:25,554 - INFO - Token: <TIPO_INT, 'i', 16, 0>
2026-05-19 11:20:25,554 - INFO - Token: <ID, 'd', 16, 2>
2026-05-19 11:20:25,554 - INFO - Token: <ATRIBUICAO, '=', 16, 4>
2026-05-19 11:20:25,554 - INFO - Token: <NUMERO, '0', 16, 6>
2026-05-19 11:20:25,554 - INFO - Token: <PONTO_VIRGULA, ';', 16, 7>
2026-05-19 11:20:25,554 - INFO - Token: <TIPO_INT, 'i', 17, 0>
2026-05-19 11:20:25,554 - INFO - Token: <ID, 'e', 17, 2>
2026-05-19 11:20:25,554 - INFO - Token: <ATRIBUICAO, '=', 17, 4>
2026-05-19 11:20:25,554 - INFO - Token: <NUMERO, '0', 17, 6>
2026-05-19 11:20:25,554 - INFO - Token: <PONTO_VIRGULA, ';', 17, 7>
2026-05-19 11:20:25,554 - INFO - Token: <WL, 'wl', 19, 0>
2026-05-19 11:20:25,554 - INFO - Token: <ID, 'r', 19, 3>
2026-05-19 11:20:25,554 - INFO - Token: <MENOR, '<', 19, 5>
2026-05-19 11:20:25,554 - INFO - Token: <ID, 'n', 19, 7>
2026-05-19 11:20:25,554 - INFO - Token: <DO, 'do', 19, 9>
2026-05-19 11:20:25,555 - INFO - Token: <ABRE_CHAVES, '{', 19, 12>
2026-05-19 11:20:25,555 - INFO - Token: <ID, 'c', 20, 4>
2026-05-19 11:20:25,555 - INFO - Token: <ATRIBUICAO, '=', 20, 6>
2026-05-19 11:20:25,555 - INFO - Token: <NUMERO, '1', 20, 8>
2026-05-19 11:20:25,555 - INFO - Token: <PONTO_VIRGULA, ';', 20, 9>
2026-05-19 11:20:25,555 - INFO - Token: <ID, 'k', 21, 4>
2026-05-19 11:20:25,555 - INFO - Token: <ATRIBUICAO, '=', 21, 6>
2026-05-19 11:20:25,555 - INFO - Token: <NUMERO, '0', 21, 8>
2026-05-19 11:20:25,555 - INFO - Token: <PONTO_VIRGULA, ';', 21, 9>
2026-05-19 11:20:25,555 - INFO - Token: <ID, 'l', 22, 4>
2026-05-19 11:20:25,555 - INFO - Token: <ATRIBUICAO, '=', 22, 6>
2026-05-19 11:20:25,555 - INFO - Token: <ID, 'r', 22, 8>
2026-05-19 11:20:25,555 - INFO - Token: <SOMA, '+', 22, 10>
2026-05-19 11:20:25,555 - INFO - Token: <NUMERO, '1', 22, 12>
2026-05-19 11:20:25,555 - INFO - Token: <PONTO_VIRGULA, ';', 22, 13>
2026-05-19 11:20:25,555 - INFO - Token: <WL, 'wl', 23, 4>
2026-05-19 11:20:25,555 - INFO - Token: <ID, 'k', 23, 7>
2026-05-19 11:20:25,555 - INFO - Token: <MENOR, '<', 23, 9>
2026-05-19 11:20:25,555 - INFO - Token: <ID, 'l', 23, 11>
2026-05-19 11:20:25,555 - INFO - Token: <DO, 'do', 23, 13>
2026-05-19 11:20:25,555 - INFO - Token: <ABRE_CHAVES, '{', 23, 16>
2026-05-19 11:20:25,555 - INFO - Token: <PT, 'pt', 25, 8>
2026-05-19 11:20:25,555 - INFO - Token: <ABRE_PARENTESES, '(', 25, 10>
2026-05-19 11:20:25,555 - INFO - Token: <ID, 'c', 25, 11>
2026-05-19 11:20:25,555 - INFO - Token: <FECHA_PARENTESES, ')', 25, 12>
2026-05-19 11:20:25,555 - INFO - Token: <PONTO_VIRGULA, ';', 25, 13>
2026-05-19 11:20:25,556 - INFO - Token: <ID, 'd', 26, 8>
2026-05-19 11:20:25,556 - INFO - Token: <ATRIBUICAO, '=', 26, 10>
2026-05-19 11:20:25,556 - INFO - Token: <ID, 'r', 26, 12>
2026-05-19 11:20:25,556 - INFO - Token: <SUBTRACAO, '-', 26, 14>
2026-05-19 11:20:25,556 - INFO - Token: <ID, 'k', 26, 16>
2026-05-19 11:20:25,556 - INFO - Token: <PONTO_VIRGULA, ';', 26, 17>
2026-05-19 11:20:25,556 - INFO - Token: <ID, 'e', 27, 8>
2026-05-19 11:20:25,556 - INFO - Token: <ATRIBUICAO, '=', 27, 10>
2026-05-19 11:20:25,556 - INFO - Token: <ID, 'k', 27, 12>
2026-05-19 11:20:25,556 - INFO - Token: <SOMA, '+', 27, 14>
2026-05-19 11:20:25,556 - INFO - Token: <NUMERO, '1', 27, 16>
2026-05-19 11:20:25,556 - INFO - Token: <PONTO_VIRGULA, ';', 27, 17>
2026-05-19 11:20:25,556 - INFO - Token: <ID, 'c', 28, 8>
2026-05-19 11:20:25,556 - INFO - Token: <ATRIBUICAO, '=', 28, 10>
2026-05-19 11:20:25,556 - INFO - Token: <ID, 'c', 28, 12>
2026-05-19 11:20:25,556 - INFO - Token: <MULTIPLICACAO, '*', 28, 14>
2026-05-19 11:20:25,556 - INFO - Token: <ID, 'd', 28, 16>
2026-05-19 11:20:25,556 - INFO - Token: <DIVISAO, '/', 28, 18>
2026-05-19 11:20:25,556 - INFO - Token: <ID, 'e', 28, 20>
2026-05-19 11:20:25,556 - INFO - Token: <PONTO_VIRGULA, ';', 28, 21>
2026-05-19 11:20:25,556 - INFO - Token: <ID, 'k', 30, 8>
2026-05-19 11:20:25,556 - INFO - Token: <ATRIBUICAO, '=', 30, 10>
2026-05-19 11:20:25,556 - INFO - Token: <ID, 'k', 30, 12>
2026-05-19 11:20:25,556 - INFO - Token: <SOMA, '+', 30, 14>
2026-05-19 11:20:25,556 - INFO - Token: <NUMERO, '1', 30, 16>
2026-05-19 11:20:25,556 - INFO - Token: <PONTO_VIRGULA, ';', 30, 17>
2026-05-19 11:20:25,556 - INFO - Token: <FECHA_CHAVES, '}', 31, 4>
2026-05-19 11:20:25,557 - INFO - Token: <PT, 'pt', 33, 4>
2026-05-19 11:20:25,557 - INFO - Token: <ABRE_PARENTESES, '(', 33, 6>
2026-05-19 11:20:25,557 - INFO - Token: <STRING, '"---"', 33, 7>
2026-05-19 11:20:25,557 - INFO - Token: <FECHA_PARENTESES, ')', 33, 12>
2026-05-19 11:20:25,557 - INFO - Token: <PONTO_VIRGULA, ';', 33, 13>
2026-05-19 11:20:25,557 - INFO - Token: <ID, 'r', 34, 4>
2026-05-19 11:20:25,557 - INFO - Token: <ATRIBUICAO, '=', 34, 6>
2026-05-19 11:20:25,557 - INFO - Token: <ID, 'r', 34, 8>
2026-05-19 11:20:25,557 - INFO - Token: <SOMA, '+', 34, 10>
2026-05-19 11:20:25,557 - INFO - Token: <NUMERO, '1', 34, 12>
2026-05-19 11:20:25,557 - INFO - Token: <PONTO_VIRGULA, ';', 34, 13>
2026-05-19 11:20:25,557 - INFO - Token: <FECHA_CHAVES, '}', 35, 0>
2026-05-19 11:20:25,557 - INFO - Iniciando análise sintática.
2026-05-19 11:20:25,564 - INFO - Análise sintática concluída.
2026-05-19 11:20:25,564 - INFO - Iniciando análise semântica.
2026-05-19 11:20:25,564 - INFO - Análise semântica concluída sem erros.
2026-05-19 11:20:25,564 - INFO - Análise semântica concluída.
2026-05-19 11:21:00,680 - INFO - Iniciando compilação do arquivo entrada.cmm.
2026-05-19 11:21:00,690 - INFO - Token: <TIPO_INT, 'i', 1, 0>
2026-05-19 11:21:00,690 - INFO - Token: <ID, 'x', 1, 2>
2026-05-19 11:21:00,690 - INFO - Token: <ATRIBUICAO, '=', 1, 4>
2026-05-19 11:21:00,690 - INFO - Token: <NUMERO, '1', 1, 6>
2026-05-19 11:21:00,691 - INFO - Token: <SOMA, '+', 1, 8>
2026-05-19 11:21:00,691 - INFO - Token: <NUMERO, '2', 1, 10>
2026-05-19 11:21:00,691 - INFO - Token: <SOMA, '+', 1, 12>
2026-05-19 11:21:00,691 - INFO - Token: <NUMERO, '3', 1, 14>
2026-05-19 11:21:00,691 - INFO - Token: <PONTO_VIRGULA, ';', 1, 15>
2026-05-19 11:21:00,691 - INFO - Token: <TIPO_INT, 'i', 2, 0>
2026-05-19 11:21:00,691 - INFO - Token: <ID, 'y', 2, 2>
2026-05-19 11:21:00,691 - INFO - Token: <ATRIBUICAO, '=', 2, 4>
2026-05-19 11:21:00,691 - INFO - Token: <NUMERO, '2', 2, 6>
2026-05-19 11:21:00,691 - INFO - Token: <MULTIPLICACAO, '*', 2, 8>
2026-05-19 11:21:00,691 - INFO - Token: <NUMERO, '3', 2, 10>
2026-05-19 11:21:00,691 - INFO - Token: <PONTO_VIRGULA, ';', 2, 11>
2026-05-19 11:21:00,691 - INFO - Token: <TIPO_INT, 'i', 3, 0>
2026-05-19 11:21:00,691 - INFO - Token: <ID, 'z', 3, 2>
2026-05-19 11:21:00,691 - INFO - Token: <ATRIBUICAO, '=', 3, 4>
2026-05-19 11:21:00,691 - INFO - Token: <NUMERO, '10', 3, 6>
2026-05-19 11:21:00,691 - INFO - Token: <DIVISAO, '/', 3, 9>
2026-05-19 11:21:00,692 - INFO - Token: <NUMERO, '2', 3, 11>
2026-05-19 11:21:00,692 - INFO - Token: <PONTO_VIRGULA, ';', 3, 12>
2026-05-19 11:21:00,692 - INFO - Token: <PT, 'pt', 5, 0>
2026-05-19 11:21:00,692 - INFO - Token: <ABRE_PARENTESES, '(', 5, 2>
2026-05-19 11:21:00,692 - INFO - Token: <ID, 'x', 5, 3>
2026-05-19 11:21:00,692 - INFO - Token: <FECHA_PARENTESES, ')', 5, 4>
2026-05-19 11:21:00,692 - INFO - Token: <PONTO_VIRGULA, ';', 5, 5>
2026-05-19 11:21:00,692 - INFO - Token: <PT, 'pt', 6, 0>
2026-05-19 11:21:00,692 - INFO - Token: <ABRE_PARENTESES, '(', 6, 2>
2026-05-19 11:21:00,692 - INFO - Token: <ID, 'y', 6, 3>
2026-05-19 11:21:00,692 - INFO - Token: <FECHA_PARENTESES, ')', 6, 4>
2026-05-19 11:21:00,692 - INFO - Token: <PONTO_VIRGULA, ';', 6, 5>
2026-05-19 11:21:00,693 - INFO - Token: <PT, 'pt', 7, 0>
2026-05-19 11:21:00,693 - INFO - Token: <ABRE_PARENTESES, '(', 7, 2>
2026-05-19 11:21:00,693 - INFO - Token: <ID, 'z', 7, 3>
2026-05-19 11:21:00,693 - INFO - Token: <FECHA_PARENTESES, ')', 7, 4>
2026-05-19 11:21:00,693 - INFO - Token: <PONTO_VIRGULA, ';', 7, 5>
2026-05-19 11:21:00,693 - INFO - Token: <TIPO_STR, 's', 8, 0>
2026-05-19 11:21:00,693 - INFO - Token: <ID, 'nome', 8, 2>
2026-05-19 11:21:00,693 - INFO - Token: <ATRIBUICAO, '=', 8, 7>
2026-05-19 11:21:00,693 - INFO - Token: <STRING, '"matheus"', 8, 9>
2026-05-19 11:21:00,693 - INFO - Token: <PONTO_VIRGULA, ';', 8, 18>
2026-05-19 11:21:00,693 - INFO - Token: <PT, 'pt', 9, 0>
2026-05-19 11:21:00,693 - INFO - Token: <ABRE_PARENTESES, '(', 9, 2>
2026-05-19 11:21:00,693 - INFO - Token: <ID, 'nome', 9, 3>
2026-05-19 11:21:00,693 - INFO - Token: <FECHA_PARENTESES, ')', 9, 7>
2026-05-19 11:21:00,693 - INFO - Token: <PONTO_VIRGULA, ';', 9, 8>
2026-05-19 11:21:00,693 - INFO - Token: <TIPO_INT, 'i', 11, 0>
2026-05-19 11:21:00,693 - INFO - Token: <ID, 'n', 11, 2>
2026-05-19 11:21:00,693 - INFO - Token: <ATRIBUICAO, '=', 11, 4>
2026-05-19 11:21:00,693 - INFO - Token: <NUMERO, '5', 11, 6>
2026-05-19 11:21:00,693 - INFO - Token: <PONTO_VIRGULA, ';', 11, 7>
2026-05-19 11:21:00,693 - INFO - Token: <TIPO_INT, 'i', 12, 0>
2026-05-19 11:21:00,693 - INFO - Token: <ID, 'r', 12, 2>
2026-05-19 11:21:00,694 - INFO - Token: <ATRIBUICAO, '=', 12, 4>
2026-05-19 11:21:00,694 - INFO - Token: <NUMERO, '0', 12, 6>
2026-05-19 11:21:00,694 - INFO - Token: <PONTO_VIRGULA, ';', 12, 7>
2026-05-19 11:21:00,694 - INFO - Token: <TIPO_INT, 'i', 13, 0>
2026-05-19 11:21:00,694 - INFO - Token: <ID, 'c', 13, 2>
2026-05-19 11:21:00,694 - INFO - Token: <ATRIBUICAO, '=', 13, 4>
2026-05-19 11:21:00,694 - INFO - Token: <NUMERO, '1', 13, 6>
2026-05-19 11:21:00,694 - INFO - Token: <PONTO_VIRGULA, ';', 13, 7>
2026-05-19 11:21:00,694 - INFO - Token: <TIPO_INT, 'i', 14, 0>
2026-05-19 11:21:00,694 - INFO - Token: <ID, 'k', 14, 2>
2026-05-19 11:21:00,694 - INFO - Token: <ATRIBUICAO, '=', 14, 4>
2026-05-19 11:21:00,695 - INFO - Token: <NUMERO, '0', 14, 6>
2026-05-19 11:21:00,695 - INFO - Token: <PONTO_VIRGULA, ';', 14, 7>
2026-05-19 11:21:00,695 - INFO - Token: <TIPO_INT, 'i', 15, 0>
2026-05-19 11:21:00,695 - INFO - Token: <ID, 'l', 15, 2>
2026-05-19 11:21:00,695 - INFO - Token: <ATRIBUICAO, '=', 15, 4>
2026-05-19 11:21:00,695 - INFO - Token: <NUMERO, '0', 15, 6>
2026-05-19 11:21:00,695 - INFO - Token: <PONTO_VIRGULA, ';', 15, 7>
2026-05-19 11:21:00,695 - INFO - Token: <TIPO_INT, 'i', 16, 0>
2026-05-19 11:21:00,695 - INFO - Token: <ID, 'd', 16, 2>
2026-05-19 11:21:00,695 - INFO - Token: <ATRIBUICAO, '=', 16, 4>
2026-05-19 11:21:00,695 - INFO - Token: <NUMERO, '0', 16, 6>
2026-05-19 11:21:00,695 - INFO - Token: <PONTO_VIRGULA, ';', 16, 7>
2026-05-19 11:21:00,695 - INFO - Token: <TIPO_INT, 'i', 17, 0>
2026-05-19 11:21:00,695 - INFO - Token: <ID, 'e', 17, 2>
2026-05-19 11:21:00,695 - INFO - Token: <ATRIBUICAO, '=', 17, 4>
2026-05-19 11:21:00,695 - INFO - Token: <NUMERO, '0', 17, 6>
2026-05-19 11:21:00,696 - INFO - Token: <PONTO_VIRGULA, ';', 17, 7>
2026-05-19 11:21:00,696 - INFO - Token: <WL, 'wl', 19, 0>
2026-05-19 11:21:00,696 - INFO - Token: <ID, 'r', 19, 3>
2026-05-19 11:21:00,696 - INFO - Token: <MENOR, '<', 19, 5>
2026-05-19 11:21:00,696 - INFO - Token: <ID, 'n', 19, 7>
2026-05-19 11:21:00,696 - INFO - Token: <DO, 'do', 19, 9>
2026-05-19 11:21:00,696 - INFO - Token: <ABRE_CHAVES, '{', 19, 12>
2026-05-19 11:21:00,696 - INFO - Token: <ID, 'c', 20, 4>
2026-05-19 11:21:00,696 - INFO - Token: <ATRIBUICAO, '=', 20, 6>
2026-05-19 11:21:00,696 - INFO - Token: <NUMERO, '1', 20, 8>
2026-05-19 11:21:00,696 - INFO - Token: <PONTO_VIRGULA, ';', 20, 9>
2026-05-19 11:21:00,697 - INFO - Token: <ID, 'k', 21, 4>
2026-05-19 11:21:00,697 - INFO - Token: <ATRIBUICAO, '=', 21, 6>
2026-05-19 11:21:00,697 - INFO - Token: <NUMERO, '0', 21, 8>
2026-05-19 11:21:00,697 - INFO - Token: <PONTO_VIRGULA, ';', 21, 9>
2026-05-19 11:21:00,697 - INFO - Token: <ID, 'l', 22, 4>
2026-05-19 11:21:00,697 - INFO - Token: <ATRIBUICAO, '=', 22, 6>
2026-05-19 11:21:00,697 - INFO - Token: <ID, 'r', 22, 8>
2026-05-19 11:21:00,697 - INFO - Token: <SOMA, '+', 22, 10>
2026-05-19 11:21:00,697 - INFO - Token: <NUMERO, '1', 22, 12>
2026-05-19 11:21:00,697 - INFO - Token: <PONTO_VIRGULA, ';', 22, 13>
2026-05-19 11:21:00,697 - INFO - Token: <WL, 'wl', 23, 4>
2026-05-19 11:21:00,697 - INFO - Token: <ID, 'k', 23, 7>
2026-05-19 11:21:00,697 - INFO - Token: <MENOR, '<', 23, 9>
2026-05-19 11:21:00,697 - INFO - Token: <ID, 'l', 23, 11>
2026-05-19 11:21:00,697 - INFO - Token: <DO, 'do', 23, 13>
2026-05-19 11:21:00,697 - INFO - Token: <ABRE_CHAVES, '{', 23, 16>
2026-05-19 11:21:00,697 - INFO - Token: <PT, 'pt', 25, 8>
2026-05-19 11:21:00,697 - INFO - Token: <ABRE_PARENTESES, '(', 25, 10>
2026-05-19 11:21:00,698 - INFO - Token: <ID, 'c', 25, 11>
2026-05-19 11:21:00,698 - INFO - Token: <FECHA_PARENTESES, ')', 25, 12>
2026-05-19 11:21:00,698 - INFO - Token: <PONTO_VIRGULA, ';', 25, 13>
2026-05-19 11:21:00,698 - INFO - Token: <ID, 'd', 26, 8>
2026-05-19 11:21:00,698 - INFO - Token: <ATRIBUICAO, '=', 26, 10>
2026-05-19 11:21:00,698 - INFO - Token: <ID, 'r', 26, 12>
2026-05-19 11:21:00,698 - INFO - Token: <SUBTRACAO, '-', 26, 14>
2026-05-19 11:21:00,698 - INFO - Token: <ID, 'k', 26, 16>
2026-05-19 11:21:00,698 - INFO - Token: <PONTO_VIRGULA, ';', 26, 17>
2026-05-19 11:21:00,698 - INFO - Token: <ID, 'e', 27, 8>
2026-05-19 11:21:00,698 - INFO - Token: <ATRIBUICAO, '=', 27, 10>
2026-05-19 11:21:00,698 - INFO - Token: <ID, 'k', 27, 12>
2026-05-19 11:21:00,698 - INFO - Token: <SOMA, '+', 27, 14>
2026-05-19 11:21:00,698 - INFO - Token: <NUMERO, '1', 27, 16>
2026-05-19 11:21:00,698 - INFO - Token: <PONTO_VIRGULA, ';', 27, 17>
2026-05-19 11:21:00,698 - INFO - Token: <ID, 'c', 28, 8>
2026-05-19 11:21:00,698 - INFO - Token: <ATRIBUICAO, '=', 28, 10>
2026-05-19 11:21:00,698 - INFO - Token: <ID, 'c', 28, 12>
2026-05-19 11:21:00,698 - INFO - Token: <MULTIPLICACAO, '*', 28, 14>
2026-05-19 11:21:00,698 - INFO - Token: <ID, 'd', 28, 16>
2026-05-19 11:21:00,698 - INFO - Token: <DIVISAO, '/', 28, 18>
2026-05-19 11:21:00,698 - INFO - Token: <ID, 'e', 28, 20>
2026-05-19 11:21:00,698 - INFO - Token: <PONTO_VIRGULA, ';', 28, 21>
2026-05-19 11:21:00,699 - INFO - Token: <ID, 'k', 30, 8>
2026-05-19 11:21:00,699 - INFO - Token: <ATRIBUICAO, '=', 30, 10>
2026-05-19 11:21:00,699 - INFO - Token: <ID, 'k', 30, 12>
2026-05-19 11:21:00,699 - INFO - Token: <SOMA, '+', 30, 14>
2026-05-19 11:21:00,699 - INFO - Token: <NUMERO, '1', 30, 16>
2026-05-19 11:21:00,699 - INFO - Token: <PONTO_VIRGULA, ';', 30, 17>
2026-05-19 11:21:00,699 - INFO - Token: <FECHA_CHAVES, '}', 31, 4>
2026-05-19 11:21:00,699 - INFO - Token: <PT, 'pt', 33, 4>
2026-05-19 11:21:00,699 - INFO - Token: <ABRE_PARENTESES, '(', 33, 6>
2026-05-19 11:21:00,699 - INFO - Token: <STRING, '"---"', 33, 7>
2026-05-19 11:21:00,699 - INFO - Token: <FECHA_PARENTESES, ')', 33, 12>
2026-05-19 11:21:00,699 - INFO - Token: <PONTO_VIRGULA, ';', 33, 13>
2026-05-19 11:21:00,699 - INFO - Token: <ID, 'r', 34, 4>
2026-05-19 11:21:00,699 - INFO - Token: <ATRIBUICAO, '=', 34, 6>
2026-05-19 11:21:00,699 - INFO - Token: <ID, 'r', 34, 8>
2026-05-19 11:21:00,699 - INFO - Token: <SOMA, '+', 34, 10>
2026-05-19 11:21:00,699 - INFO - Token: <NUMERO, '1', 34, 12>
2026-05-19 11:21:00,699 - INFO - Token: <PONTO_VIRGULA, ';', 34, 13>
2026-05-19 11:21:00,699 - INFO - Token: <FECHA_CHAVES, '}', 35, 0>
2026-05-19 11:21:00,699 - INFO - Iniciando análise sintática.
2026-05-19 11:21:00,706 - INFO - Análise sintática concluída.
2026-05-19 11:21:00,706 - INFO - Iniciando análise semântica.
2026-05-19 11:21:00,707 - INFO - Análise semântica concluída sem erros.
2026-05-19 11:21:00,707 - INFO - Análise semântica concluída.
2026-05-19 11:21:21,210 - INFO - Iniciando compilação do arquivo entrada.cmm.
2026-05-19 11:21:21,218 - INFO - Token: <TIPO_INT, 'i', 1, 0>
2026-05-19 11:21:21,218 - INFO - Token: <ID, 'x', 1, 2>
2026-05-19 11:21:21,218 - INFO - Token: <ATRIBUICAO, '=', 1, 4>
2026-05-19 11:21:21,218 - INFO - Token: <NUMERO, '1', 1, 6>
2026-05-19 11:21:21,218 - INFO - Token: <SOMA, '+', 1, 8>
2026-05-19 11:21:21,218 - INFO - Token: <NUMERO, '2', 1, 10>
2026-05-19 11:21:21,218 - INFO - Token: <SOMA, '+', 1, 12>
2026-05-19 11:21:21,218 - INFO - Token: <NUMERO, '3', 1, 14>
2026-05-19 11:21:21,218 - INFO - Token: <PONTO_VIRGULA, ';', 1, 15>
2026-05-19 11:21:21,218 - INFO - Token: <TIPO_INT, 'i', 2, 0>
2026-05-19 11:21:21,219 - INFO - Token: <ID, 'y', 2, 2>
2026-05-19 11:21:21,219 - INFO - Token: <ATRIBUICAO, '=', 2, 4>
2026-05-19 11:21:21,219 - INFO - Token: <NUMERO, '2', 2, 6>
2026-05-19 11:21:21,219 - INFO - Token: <MULTIPLICACAO, '*', 2, 8>
2026-05-19 11:21:21,219 - INFO - Token: <NUMERO, '3', 2, 10>
2026-05-19 11:21:21,219 - INFO - Token: <PONTO_VIRGULA, ';', 2, 11>
2026-05-19 11:21:21,219 - INFO - Token: <TIPO_INT, 'i', 3, 0>
2026-05-19 11:21:21,219 - INFO - Token: <ID, 'z', 3, 2>
2026-05-19 11:21:21,219 - INFO - Token: <ATRIBUICAO, '=', 3, 4>
2026-05-19 11:21:21,219 - INFO - Token: <NUMERO, '10', 3, 6>
2026-05-19 11:21:21,219 - INFO - Token: <DIVISAO, '/', 3, 9>
2026-05-19 11:21:21,219 - INFO - Token: <NUMERO, '2', 3, 11>
2026-05-19 11:21:21,219 - INFO - Token: <PONTO_VIRGULA, ';', 3, 12>
2026-05-19 11:21:21,219 - INFO - Token: <PT, 'pt', 5, 0>
2026-05-19 11:21:21,219 - INFO - Token: <ABRE_PARENTESES, '(', 5, 2>
2026-05-19 11:21:21,219 - INFO - Token: <ID, 'x', 5, 3>
2026-05-19 11:21:21,219 - INFO - Token: <FECHA_PARENTESES, ')', 5, 4>
2026-05-19 11:21:21,219 - INFO - Token: <PONTO_VIRGULA, ';', 5, 5>
2026-05-19 11:21:21,219 - INFO - Token: <PT, 'pt', 6, 0>
2026-05-19 11:21:21,219 - INFO - Token: <ABRE_PARENTESES, '(', 6, 2>
2026-05-19 11:21:21,219 - INFO - Token: <ID, 'y', 6, 3>
2026-05-19 11:21:21,219 - INFO - Token: <FECHA_PARENTESES, ')', 6, 4>
2026-05-19 11:21:21,219 - INFO - Token: <PONTO_VIRGULA, ';', 6, 5>
2026-05-19 11:21:21,219 - INFO - Token: <PT, 'pt', 7, 0>
2026-05-19 11:21:21,219 - INFO - Token: <ABRE_PARENTESES, '(', 7, 2>
2026-05-19 11:21:21,220 - INFO - Token: <ID, 'z', 7, 3>
2026-05-19 11:21:21,220 - INFO - Token: <FECHA_PARENTESES, ')', 7, 4>
2026-05-19 11:21:21,220 - INFO - Token: <PONTO_VIRGULA, ';', 7, 5>
2026-05-19 11:21:21,220 - INFO - Token: <TIPO_STR, 's', 8, 0>
2026-05-19 11:21:21,220 - INFO - Token: <ID, 'nome', 8, 2>
2026-05-19 11:21:21,220 - INFO - Token: <ATRIBUICAO, '=', 8, 7>
2026-05-19 11:21:21,220 - INFO - Token: <STRING, '"matheus"', 8, 9>
2026-05-19 11:21:21,220 - INFO - Token: <PONTO_VIRGULA, ';', 8, 18>
2026-05-19 11:21:21,220 - INFO - Token: <PT, 'pt', 9, 0>
2026-05-19 11:21:21,220 - INFO - Token: <ABRE_PARENTESES, '(', 9, 2>
2026-05-19 11:21:21,220 - INFO - Token: <ID, 'nome', 9, 3>
2026-05-19 11:21:21,220 - INFO - Token: <FECHA_PARENTESES, ')', 9, 7>
2026-05-19 11:21:21,220 - INFO - Token: <PONTO_VIRGULA, ';', 9, 8>
2026-05-19 11:21:21,220 - INFO - Token: <TIPO_INT, 'i', 11, 0>
2026-05-19 11:21:21,220 - INFO - Token: <ID, 'n', 11, 2>
2026-05-19 11:21:21,220 - INFO - Token: <ATRIBUICAO, '=', 11, 4>
2026-05-19 11:21:21,220 - INFO - Token: <NUMERO, '5', 11, 6>
2026-05-19 11:21:21,220 - INFO - Token: <PONTO_VIRGULA, ';', 11, 7>
2026-05-19 11:21:21,220 - INFO - Token: <TIPO_INT, 'i', 12, 0>
2026-05-19 11:21:21,220 - INFO - Token: <ID, 'r', 12, 2>
2026-05-19 11:21:21,220 - INFO - Token: <ATRIBUICAO, '=', 12, 4>
2026-05-19 11:21:21,220 - INFO - Token: <NUMERO, '0', 12, 6>
2026-05-19 11:21:21,220 - INFO - Token: <PONTO_VIRGULA, ';', 12, 7>
2026-05-19 11:21:21,220 - INFO - Token: <TIPO_INT, 'i', 13, 0>
2026-05-19 11:21:21,220 - INFO - Token: <ID, 'c', 13, 2>
2026-05-19 11:21:21,220 - INFO - Token: <ATRIBUICAO, '=', 13, 4>
2026-05-19 11:21:21,221 - INFO - Token: <NUMERO, '1', 13, 6>
2026-05-19 11:21:21,221 - INFO - Token: <PONTO_VIRGULA, ';', 13, 7>
2026-05-19 11:21:21,221 - INFO - Token: <TIPO_INT, 'i', 14, 0>
2026-05-19 11:21:21,221 - INFO - Token: <ID, 'k', 14, 2>
2026-05-19 11:21:21,221 - INFO - Token: <ATRIBUICAO, '=', 14, 4>
2026-05-19 11:21:21,221 - INFO - Token: <NUMERO, '0', 14, 6>
2026-05-19 11:21:21,221 - INFO - Token: <PONTO_VIRGULA, ';', 14, 7>
2026-05-19 11:21:21,221 - INFO - Token: <TIPO_INT, 'i', 15, 0>
2026-05-19 11:21:21,221 - INFO - Token: <ID, 'l', 15, 2>
2026-05-19 11:21:21,221 - INFO - Token: <ATRIBUICAO, '=', 15, 4>
2026-05-19 11:21:21,221 - INFO - Token: <NUMERO, '0', 15, 6>
2026-05-19 11:21:21,221 - INFO - Token: <PONTO_VIRGULA, ';', 15, 7>
2026-05-19 11:21:21,221 - INFO - Token: <TIPO_INT, 'i', 16, 0>
2026-05-19 11:21:21,221 - INFO - Token: <ID, 'd', 16, 2>
2026-05-19 11:21:21,221 - INFO - Token: <ATRIBUICAO, '=', 16, 4>
2026-05-19 11:21:21,221 - INFO - Token: <NUMERO, '0', 16, 6>
2026-05-19 11:21:21,221 - INFO - Token: <PONTO_VIRGULA, ';', 16, 7>
2026-05-19 11:21:21,221 - INFO - Token: <TIPO_INT, 'i', 17, 0>
2026-05-19 11:21:21,221 - INFO - Token: <ID, 'e', 17, 2>
2026-05-19 11:21:21,221 - INFO - Token: <ATRIBUICAO, '=', 17, 4>
2026-05-19 11:21:21,221 - INFO - Token: <NUMERO, '0', 17, 6>
2026-05-19 11:21:21,221 - INFO - Token: <PONTO_VIRGULA, ';', 17, 7>
2026-05-19 11:21:21,221 - INFO - Token: <WL, 'wl', 19, 0>
2026-05-19 11:21:21,221 - INFO - Token: <ID, 'r', 19, 3>
2026-05-19 11:21:21,221 - INFO - Token: <MENOR, '<', 19, 5>
2026-05-19 11:21:21,221 - INFO - Token: <ID, 'n', 19, 7>
2026-05-19 11:21:21,222 - INFO - Token: <DO, 'do', 19, 9>
2026-05-19 11:21:21,222 - INFO - Token: <ABRE_CHAVES, '{', 19, 12>
2026-05-19 11:21:21,222 - INFO - Token: <ID, 'c', 20, 4>
2026-05-19 11:21:21,222 - INFO - Token: <ATRIBUICAO, '=', 20, 6>
2026-05-19 11:21:21,222 - INFO - Token: <NUMERO, '1', 20, 8>
2026-05-19 11:21:21,222 - INFO - Token: <PONTO_VIRGULA, ';', 20, 9>
2026-05-19 11:21:21,222 - INFO - Token: <ID, 'k', 21, 4>
2026-05-19 11:21:21,222 - INFO - Token: <ATRIBUICAO, '=', 21, 6>
2026-05-19 11:21:21,222 - INFO - Token: <NUMERO, '0', 21, 8>
2026-05-19 11:21:21,222 - INFO - Token: <PONTO_VIRGULA, ';', 21, 9>
2026-05-19 11:21:21,222 - INFO - Token: <ID, 'l', 22, 4>
2026-05-19 11:21:21,222 - INFO - Token: <ATRIBUICAO, '=', 22, 6>
2026-05-19 11:21:21,222 - INFO - Token: <ID, 'r', 22, 8>
2026-05-19 11:21:21,222 - INFO - Token: <SOMA, '+', 22, 10>
2026-05-19 11:21:21,222 - INFO - Token: <NUMERO, '1', 22, 12>
2026-05-19 11:21:21,222 - INFO - Token: <PONTO_VIRGULA, ';', 22, 13>
2026-05-19 11:21:21,222 - INFO - Token: <WL, 'wl', 23, 4>
2026-05-19 11:21:21,222 - INFO - Token: <ID, 'k', 23, 7>
2026-05-19 11:21:21,222 - INFO - Token: <MENOR, '<', 23, 9>
2026-05-19 11:21:21,222 - INFO - Token: <ID, 'l', 23, 11>
2026-05-19 11:21:21,222 - INFO - Token: <DO, 'do', 23, 13>
2026-05-19 11:21:21,222 - INFO - Token: <ABRE_CHAVES, '{', 23, 16>
2026-05-19 11:21:21,222 - INFO - Token: <PT, 'pt', 25, 8>
2026-05-19 11:21:21,222 - INFO - Token: <ABRE_PARENTESES, '(', 25, 10>
2026-05-19 11:21:21,222 - INFO - Token: <ID, 'c', 25, 11>
2026-05-19 11:21:21,222 - INFO - Token: <FECHA_PARENTESES, ')', 25, 12>
2026-05-19 11:21:21,223 - INFO - Token: <PONTO_VIRGULA, ';', 25, 13>
2026-05-19 11:21:21,223 - INFO - Token: <ID, 'd', 26, 8>
2026-05-19 11:21:21,223 - INFO - Token: <ATRIBUICAO, '=', 26, 10>
2026-05-19 11:21:21,223 - INFO - Token: <ID, 'r', 26, 12>
2026-05-19 11:21:21,223 - INFO - Token: <SUBTRACAO, '-', 26, 14>
2026-05-19 11:21:21,223 - INFO - Token: <ID, 'k', 26, 16>
2026-05-19 11:21:21,223 - INFO - Token: <PONTO_VIRGULA, ';', 26, 17>
2026-05-19 11:21:21,223 - INFO - Token: <ID, 'e', 27, 8>
2026-05-19 11:21:21,223 - INFO - Token: <ATRIBUICAO, '=', 27, 10>
2026-05-19 11:21:21,223 - INFO - Token: <ID, 'k', 27, 12>
2026-05-19 11:21:21,223 - INFO - Token: <SOMA, '+', 27, 14>
2026-05-19 11:21:21,223 - INFO - Token: <NUMERO, '1', 27, 16>
2026-05-19 11:21:21,223 - INFO - Token: <PONTO_VIRGULA, ';', 27, 17>
2026-05-19 11:21:21,223 - INFO - Token: <ID, 'c', 28, 8>
2026-05-19 11:21:21,223 - INFO - Token: <ATRIBUICAO, '=', 28, 10>
2026-05-19 11:21:21,223 - INFO - Token: <ID, 'c', 28, 12>
2026-05-19 11:21:21,223 - INFO - Token: <MULTIPLICACAO, '*', 28, 14>
2026-05-19 11:21:21,223 - INFO - Token: <ID, 'd', 28, 16>
2026-05-19 11:21:21,223 - INFO - Token: <DIVISAO, '/', 28, 18>
2026-05-19 11:21:21,224 - INFO - Token: <ID, 'e', 28, 20>
2026-05-19 11:21:21,224 - INFO - Token: <PONTO_VIRGULA, ';', 28, 21>
2026-05-19 11:21:21,224 - INFO - Token: <ID, 'k', 30, 8>
2026-05-19 11:21:21,224 - INFO - Token: <ATRIBUICAO, '=', 30, 10>
2026-05-19 11:21:21,224 - INFO - Token: <ID, 'k', 30, 12>
2026-05-19 11:21:21,224 - INFO - Token: <SOMA, '+', 30, 14>
2026-05-19 11:21:21,224 - INFO - Token: <NUMERO, '1', 30, 16>
2026-05-19 11:21:21,224 - INFO - Token: <PONTO_VIRGULA, ';', 30, 17>
2026-05-19 11:21:21,224 - INFO - Token: <FECHA_CHAVES, '}', 31, 4>
2026-05-19 11:21:21,224 - INFO - Token: <PT, 'pt', 33, 4>
2026-05-19 11:21:21,224 - INFO - Token: <ABRE_PARENTESES, '(', 33, 6>
2026-05-19 11:21:21,224 - INFO - Token: <STRING, '"---"', 33, 7>
2026-05-19 11:21:21,224 - INFO - Token: <FECHA_PARENTESES, ')', 33, 12>
2026-05-19 11:21:21,224 - INFO - Token: <PONTO_VIRGULA, ';', 33, 13>
2026-05-19 11:21:21,224 - INFO - Token: <ID, 'r', 34, 4>
2026-05-19 11:21:21,224 - INFO - Token: <ATRIBUICAO, '=', 34, 6>
2026-05-19 11:21:21,224 - INFO - Token: <ID, 'r', 34, 8>
2026-05-19 11:21:21,224 - INFO - Token: <SOMA, '+', 34, 10>
2026-05-19 11:21:21,224 - INFO - Token: <NUMERO, '1', 34, 12>
2026-05-19 11:21:21,224 - INFO - Token: <PONTO_VIRGULA, ';', 34, 13>
2026-05-19 11:21:21,224 - INFO - Token: <FECHA_CHAVES, '}', 35, 0>
2026-05-19 11:21:21,224 - INFO - Iniciando análise sintática.
2026-05-19 11:21:21,230 - INFO - Análise sintática concluída.
2026-05-19 11:21:21,230 - INFO - Iniciando análise semântica.
2026-05-19 11:21:21,230 - INFO - Análise semântica concluída sem erros.
2026-05-19 11:21:21,230 - INFO - Análise semântica concluída.
2026-05-19 12:01:49,238 - INFO - Iniciando compilação do arquivo entrada.cmm.
2026-05-19 12:01:49,248 - INFO - Token: <TIPO_INT, 'i', 1, 0>
2026-05-19 12:01:49,248 - INFO - Token: <ID, 'x', 1, 2>
2026-05-19 12:01:49,248 - INFO - Token: <ATRIBUICAO, '=', 1, 4>
2026-05-19 12:01:49,248 - INFO - Token: <NUMERO, '1', 1, 6>
2026-05-19 12:01:49,248 - INFO - Token: <SOMA, '+', 1, 8>
2026-05-19 12:01:49,248 - INFO - Token: <NUMERO, '2', 1, 10>
2026-05-19 12:01:49,248 - INFO - Token: <SOMA, '+', 1, 12>
2026-05-19 12:01:49,248 - INFO - Token: <NUMERO, '3', 1, 14>
2026-05-19 12:01:49,248 - INFO - Token: <PONTO_VIRGULA, ';', 1, 15>
2026-05-19 12:01:49,248 - INFO - Token: <TIPO_INT, 'i', 2, 0>
2026-05-19 12:01:49,248 - INFO - Token: <ID, 'y', 2, 2>
2026-05-19 12:01:49,248 - INFO - Token: <ATRIBUICAO, '=', 2, 4>
2026-05-19 12:01:49,248 - INFO - Token: <NUMERO, '2', 2, 6>
2026-05-19 12:01:49,248 - INFO - Token: <MULTIPLICACAO, '*', 2, 8>
2026-05-19 12:01:49,248 - INFO - Token: <NUMERO, '3', 2, 10>
2026-05-19 12:01:49,248 - INFO - Token: <PONTO_VIRGULA, ';', 2, 11>
2026-05-19 12:01:49,248 - INFO - Token: <TIPO_INT, 'i', 3, 0>
2026-05-19 12:01:49,249 - INFO - Token: <ID, 'z', 3, 2>
2026-05-19 12:01:49,249 - INFO - Token: <ATRIBUICAO, '=', 3, 4>
2026-05-19 12:01:49,249 - INFO - Token: <NUMERO, '10', 3, 6>
2026-05-19 12:01:49,249 - INFO - Token: <DIVISAO, '/', 3, 9>
2026-05-19 12:01:49,249 - INFO - Token: <NUMERO, '2', 3, 11>
2026-05-19 12:01:49,249 - INFO - Token: <PONTO_VIRGULA, ';', 3, 12>
2026-05-19 12:01:49,249 - INFO - Token: <PT, 'pt', 5, 0>
2026-05-19 12:01:49,249 - INFO - Token: <ABRE_PARENTESES, '(', 5, 2>
2026-05-19 12:01:49,249 - INFO - Token: <ID, 'x', 5, 3>
2026-05-19 12:01:49,249 - INFO - Token: <FECHA_PARENTESES, ')', 5, 4>
2026-05-19 12:01:49,249 - INFO - Token: <PONTO_VIRGULA, ';', 5, 5>
2026-05-19 12:01:49,249 - INFO - Token: <PT, 'pt', 6, 0>
2026-05-19 12:01:49,249 - INFO - Token: <ABRE_PARENTESES, '(', 6, 2>
2026-05-19 12:01:49,249 - INFO - Token: <ID, 'y', 6, 3>
2026-05-19 12:01:49,249 - INFO - Token: <FECHA_PARENTESES, ')', 6, 4>
2026-05-19 12:01:49,249 - INFO - Token: <PONTO_VIRGULA, ';', 6, 5>
2026-05-19 12:01:49,249 - INFO - Token: <PT, 'pt', 7, 0>
2026-05-19 12:01:49,249 - INFO - Token: <ABRE_PARENTESES, '(', 7, 2>
2026-05-19 12:01:49,249 - INFO - Token: <ID, 'z', 7, 3>
2026-05-19 12:01:49,249 - INFO - Token: <FECHA_PARENTESES, ')', 7, 4>
2026-05-19 12:01:49,249 - INFO - Token: <PONTO_VIRGULA, ';', 7, 5>
2026-05-19 12:01:49,249 - INFO - Token: <TIPO_STR, 's', 8, 0>
2026-05-19 12:01:49,249 - INFO - Token: <ID, 'nome', 8, 2>
2026-05-19 12:01:49,250 - INFO - Token: <ATRIBUICAO, '=', 8, 7>
2026-05-19 12:01:49,250 - INFO - Token: <STRING, '"matheus"', 8, 9>
2026-05-19 12:01:49,250 - INFO - Token: <PONTO_VIRGULA, ';', 8, 18>
2026-05-19 12:01:49,250 - INFO - Token: <PT, 'pt', 9, 0>
2026-05-19 12:01:49,250 - INFO - Token: <ABRE_PARENTESES, '(', 9, 2>
2026-05-19 12:01:49,250 - INFO - Token: <ID, 'nome', 9, 3>
2026-05-19 12:01:49,250 - INFO - Token: <FECHA_PARENTESES, ')', 9, 7>
2026-05-19 12:01:49,250 - INFO - Token: <PONTO_VIRGULA, ';', 9, 8>
2026-05-19 12:01:49,250 - INFO - Token: <TIPO_INT, 'i', 11, 0>
2026-05-19 12:01:49,250 - INFO - Token: <ID, 'n', 11, 2>
2026-05-19 12:01:49,250 - INFO - Token: <ATRIBUICAO, '=', 11, 4>
2026-05-19 12:01:49,250 - INFO - Token: <NUMERO, '5', 11, 6>
2026-05-19 12:01:49,250 - INFO - Token: <PONTO_VIRGULA, ';', 11, 7>
2026-05-19 12:01:49,250 - INFO - Token: <TIPO_INT, 'i', 12, 0>
2026-05-19 12:01:49,250 - INFO - Token: <ID, 'r', 12, 2>
2026-05-19 12:01:49,250 - INFO - Token: <ATRIBUICAO, '=', 12, 4>
2026-05-19 12:01:49,250 - INFO - Token: <NUMERO, '0', 12, 6>
2026-05-19 12:01:49,250 - INFO - Token: <PONTO_VIRGULA, ';', 12, 7>
2026-05-19 12:01:49,250 - INFO - Token: <TIPO_INT, 'i', 13, 0>
2026-05-19 12:01:49,250 - INFO - Token: <ID, 'c', 13, 2>
2026-05-19 12:01:49,250 - INFO - Token: <ATRIBUICAO, '=', 13, 4>
2026-05-19 12:01:49,250 - INFO - Token: <NUMERO, '1', 13, 6>
2026-05-19 12:01:49,250 - INFO - Token: <PONTO_VIRGULA, ';', 13, 7>
2026-05-19 12:01:49,250 - INFO - Token: <TIPO_INT, 'i', 14, 0>
2026-05-19 12:01:49,250 - INFO - Token: <ID, 'k', 14, 2>
2026-05-19 12:01:49,251 - INFO - Token: <ATRIBUICAO, '=', 14, 4>
2026-05-19 12:01:49,251 - INFO - Token: <NUMERO, '0', 14, 6>
2026-05-19 12:01:49,251 - INFO - Token: <PONTO_VIRGULA, ';', 14, 7>
2026-05-19 12:01:49,251 - INFO - Token: <TIPO_INT, 'i', 15, 0>
2026-05-19 12:01:49,251 - INFO - Token: <ID, 'l', 15, 2>
2026-05-19 12:01:49,251 - INFO - Token: <ATRIBUICAO, '=', 15, 4>
2026-05-19 12:01:49,251 - INFO - Token: <NUMERO, '0', 15, 6>
2026-05-19 12:01:49,251 - INFO - Token: <PONTO_VIRGULA, ';', 15, 7>
2026-05-19 12:01:49,251 - INFO - Token: <TIPO_INT, 'i', 16, 0>
2026-05-19 12:01:49,251 - INFO - Token: <ID, 'd', 16, 2>
2026-05-19 12:01:49,251 - INFO - Token: <ATRIBUICAO, '=', 16, 4>
2026-05-19 12:01:49,251 - INFO - Token: <NUMERO, '0', 16, 6>
2026-05-19 12:01:49,251 - INFO - Token: <PONTO_VIRGULA, ';', 16, 7>
2026-05-19 12:01:49,251 - INFO - Token: <TIPO_INT, 'i', 17, 0>
2026-05-19 12:01:49,251 - INFO - Token: <ID, 'e', 17, 2>
2026-05-19 12:01:49,251 - INFO - Token: <ATRIBUICAO, '=', 17, 4>
2026-05-19 12:01:49,251 - INFO - Token: <NUMERO, '0', 17, 6>
2026-05-19 12:01:49,251 - INFO - Token: <PONTO_VIRGULA, ';', 17, 7>
2026-05-19 12:01:49,251 - INFO - Token: <WL, 'wl', 19, 0>
2026-05-19 12:01:49,251 - INFO - Token: <ID, 'r', 19, 3>
2026-05-19 12:01:49,251 - INFO - Token: <MENOR, '<', 19, 5>
2026-05-19 12:01:49,251 - INFO - Token: <ID, 'n', 19, 7>
2026-05-19 12:01:49,251 - INFO - Token: <DO, 'do', 19, 9>
2026-05-19 12:01:49,251 - INFO - Token: <ABRE_CHAVES, '{', 19, 12>
2026-05-19 12:01:49,251 - INFO - Token: <ID, 'c', 20, 4>
2026-05-19 12:01:49,251 - INFO - Token: <ATRIBUICAO, '=', 20, 6>
2026-05-19 12:01:49,252 - INFO - Token: <NUMERO, '1', 20, 8>
2026-05-19 12:01:49,252 - INFO - Token: <PONTO_VIRGULA, ';', 20, 9>
2026-05-19 12:01:49,252 - INFO - Token: <ID, 'k', 21, 4>
2026-05-19 12:01:49,252 - INFO - Token: <ATRIBUICAO, '=', 21, 6>
2026-05-19 12:01:49,252 - INFO - Token: <NUMERO, '0', 21, 8>
2026-05-19 12:01:49,252 - INFO - Token: <PONTO_VIRGULA, ';', 21, 9>
2026-05-19 12:01:49,252 - INFO - Token: <ID, 'l', 22, 4>
2026-05-19 12:01:49,252 - INFO - Token: <ATRIBUICAO, '=', 22, 6>
2026-05-19 12:01:49,252 - INFO - Token: <ID, 'r', 22, 8>
2026-05-19 12:01:49,252 - INFO - Token: <SOMA, '+', 22, 10>
2026-05-19 12:01:49,252 - INFO - Token: <NUMERO, '1', 22, 12>
2026-05-19 12:01:49,252 - INFO - Token: <PONTO_VIRGULA, ';', 22, 13>
2026-05-19 12:01:49,252 - INFO - Token: <WL, 'wl', 23, 4>
2026-05-19 12:01:49,252 - INFO - Token: <ID, 'k', 23, 7>
2026-05-19 12:01:49,252 - INFO - Token: <MENOR, '<', 23, 9>
2026-05-19 12:01:49,252 - INFO - Token: <ID, 'l', 23, 11>
2026-05-19 12:01:49,252 - INFO - Token: <DO, 'do', 23, 13>
2026-05-19 12:01:49,252 - INFO - Token: <ABRE_CHAVES, '{', 23, 16>
2026-05-19 12:01:49,252 - INFO - Token: <PT, 'pt', 25, 8>
2026-05-19 12:01:49,252 - INFO - Token: <ABRE_PARENTESES, '(', 25, 10>
2026-05-19 12:01:49,252 - INFO - Token: <ID, 'c', 25, 11>
2026-05-19 12:01:49,252 - INFO - Token: <FECHA_PARENTESES, ')', 25, 12>
2026-05-19 12:01:49,252 - INFO - Token: <PONTO_VIRGULA, ';', 25, 13>
2026-05-19 12:01:49,253 - INFO - Token: <ID, 'd', 26, 8>
2026-05-19 12:01:49,253 - INFO - Token: <ATRIBUICAO, '=', 26, 10>
2026-05-19 12:01:49,253 - INFO - Token: <ID, 'r', 26, 12>
2026-05-19 12:01:49,253 - INFO - Token: <SUBTRACAO, '-', 26, 14>
2026-05-19 12:01:49,253 - INFO - Token: <ID, 'k', 26, 16>
2026-05-19 12:01:49,253 - INFO - Token: <PONTO_VIRGULA, ';', 26, 17>
2026-05-19 12:01:49,253 - INFO - Token: <ID, 'e', 27, 8>
2026-05-19 12:01:49,253 - INFO - Token: <ATRIBUICAO, '=', 27, 10>
2026-05-19 12:01:49,253 - INFO - Token: <ID, 'k', 27, 12>
2026-05-19 12:01:49,253 - INFO - Token: <SOMA, '+', 27, 14>
2026-05-19 12:01:49,253 - INFO - Token: <NUMERO, '1', 27, 16>
2026-05-19 12:01:49,253 - INFO - Token: <PONTO_VIRGULA, ';', 27, 17>
2026-05-19 12:01:49,253 - INFO - Token: <ID, 'c', 28, 8>
2026-05-19 12:01:49,253 - INFO - Token: <ATRIBUICAO, '=', 28, 10>
2026-05-19 12:01:49,253 - INFO - Token: <ID, 'c', 28, 12>
2026-05-19 12:01:49,253 - INFO - Token: <MULTIPLICACAO, '*', 28, 14>
2026-05-19 12:01:49,254 - INFO - Token: <ID, 'd', 28, 16>
2026-05-19 12:01:49,254 - INFO - Token: <DIVISAO, '/', 28, 18>
2026-05-19 12:01:49,254 - INFO - Token: <ID, 'e', 28, 20>
2026-05-19 12:01:49,254 - INFO - Token: <PONTO_VIRGULA, ';', 28, 21>
2026-05-19 12:01:49,254 - INFO - Token: <ID, 'k', 30, 8>
2026-05-19 12:01:49,254 - INFO - Token: <ATRIBUICAO, '=', 30, 10>
2026-05-19 12:01:49,254 - INFO - Token: <ID, 'k', 30, 12>
2026-05-19 12:01:49,254 - INFO - Token: <SOMA, '+', 30, 14>
2026-05-19 12:01:49,254 - INFO - Token: <NUMERO, '1', 30, 16>
2026-05-19 12:01:49,254 - INFO - Token: <PONTO_VIRGULA, ';', 30, 17>
2026-05-19 12:01:49,254 - INFO - Token: <FECHA_CHAVES, '}', 31, 4>
2026-05-19 12:01:49,254 - INFO - Token: <PT, 'pt', 33, 4>
2026-05-19 12:01:49,254 - INFO - Token: <ABRE_PARENTESES, '(', 33, 6>
2026-05-19 12:01:49,254 - INFO - Token: <STRING, '"---"', 33, 7>
2026-05-19 12:01:49,254 - INFO - Token: <FECHA_PARENTESES, ')', 33, 12>
2026-05-19 12:01:49,254 - INFO - Token: <PONTO_VIRGULA, ';', 33, 13>
2026-05-19 12:01:49,254 - INFO - Token: <ID, 'r', 34, 4>
2026-05-19 12:01:49,254 - INFO - Token: <ATRIBUICAO, '=', 34, 6>
2026-05-19 12:01:49,254 - INFO - Token: <ID, 'r', 34, 8>
2026-05-19 12:01:49,254 - INFO - Token: <SOMA, '+', 34, 10>
2026-05-19 12:01:49,254 - INFO - Token: <NUMERO, '1', 34, 12>
2026-05-19 12:01:49,254 - INFO - Token: <PONTO_VIRGULA, ';', 34, 13>
2026-05-19 12:01:49,254 - INFO - Token: <FECHA_CHAVES, '}', 35, 0>
2026-05-19 12:01:49,255 - INFO - Iniciando análise sintática.
2026-05-19 12:01:49,262 - INFO - Análise sintática concluída.
2026-05-19 12:01:49,262 - INFO - Iniciando análise semântica.
2026-05-19 12:01:49,262 - INFO - Análise semântica concluída sem erros.
2026-05-19 12:01:49,262 - INFO - Análise semântica concluída.
