2026-04-13 23:05:42,251 - INFO - Token: <TIPO_INT, 'i', 1, 0>
2026-04-13 23:05:42,251 - INFO - Token: <ID, 'x', 1, 2>
2026-04-13 23:05:42,251 - INFO - Token: <ATRIBUICAO, '=', 1, 4>
2026-04-13 23:05:42,251 - INFO - Token: <NUMERO, '1', 1, 6>
2026-04-13 23:05:42,251 - INFO - Token: <SOMA, '+', 1, 8>
2026-04-13 23:05:42,252 - INFO - Token: <NUMERO, '2', 1, 10>
2026-04-13 23:05:42,252 - INFO - Token: <SOMA, '+', 1, 12>
2026-04-13 23:05:42,252 - INFO - Token: <NUMERO, '3', 1, 14>
2026-04-13 23:05:42,252 - INFO - Token: <PONTO_VIRGULA, ';', 1, 15>
2026-04-13 23:05:42,252 - INFO - Token: <TIPO_INT, 'i', 2, 0>
2026-04-13 23:05:42,252 - INFO - Token: <ID, 'y', 2, 2>
2026-04-13 23:05:42,252 - INFO - Token: <ATRIBUICAO, '=', 2, 4>
2026-04-13 23:05:42,253 - INFO - Token: <NUMERO, '2', 2, 6>
2026-04-13 23:05:42,253 - INFO - Token: <MULTIPLICACAO, '*', 2, 8>
2026-04-13 23:05:42,254 - INFO - Token: <NUMERO, '3', 2, 10>
2026-04-13 23:05:42,254 - INFO - Token: <PONTO_VIRGULA, ';', 2, 11>
2026-04-13 23:05:42,254 - INFO - Token: <TIPO_INT, 'i', 3, 0>
2026-04-13 23:05:42,254 - INFO - Token: <ID, 'z', 3, 2>
2026-04-13 23:05:42,254 - INFO - Token: <ATRIBUICAO, '=', 3, 4>
2026-04-13 23:05:42,254 - INFO - Token: <NUMERO, '10', 3, 6>
2026-04-13 23:05:42,254 - INFO - Token: <DIVISAO, '/', 3, 9>
2026-04-13 23:05:42,254 - INFO - Token: <NUMERO, '2', 3, 11>
2026-04-13 23:05:42,254 - INFO - Token: <PONTO_VIRGULA, ';', 3, 12>
2026-04-13 23:05:42,254 - INFO - Token: <TIPO_STR, 's', 4, 0>
2026-04-13 23:05:42,254 - INFO - Token: <ID, 'nome', 4, 2>
2026-04-13 23:05:42,255 - INFO - Token: <ATRIBUICAO, '=', 4, 7>
2026-04-13 23:05:42,255 - INFO - Token: <STRING, '"matheus"', 4, 9>
2026-04-13 23:05:42,255 - INFO - Token: <PONTO_VIRGULA, ';', 4, 18>
2026-04-13 23:05:42,255 - INFO - Iniciando parsing...
2026-04-13 23:05:42,256 - INFO - Parsing concluído.
2026-04-13 23:05:46,316 - INFO - Token: <TIPO_INT, 'i', 1, 0>
2026-04-13 23:05:46,316 - INFO - Token: <ID, 'x', 1, 2>
2026-04-13 23:05:46,316 - INFO - Token: <ATRIBUICAO, '=', 1, 4>
2026-04-13 23:05:46,316 - INFO - Token: <NUMERO, '1', 1, 6>
2026-04-13 23:05:46,317 - INFO - Token: <SOMA, '+', 1, 8>
2026-04-13 23:05:46,317 - INFO - Token: <NUMERO, '2', 1, 10>
2026-04-13 23:05:46,317 - INFO - Token: <SOMA, '+', 1, 12>
2026-04-13 23:05:46,317 - INFO - Token: <NUMERO, '3', 1, 14>
2026-04-13 23:05:46,317 - INFO - Token: <PONTO_VIRGULA, ';', 1, 15>
2026-04-13 23:05:46,317 - INFO - Token: <TIPO_INT, 'i', 2, 0>
2026-04-13 23:05:46,317 - INFO - Token: <ID, 'y', 2, 2>
2026-04-13 23:05:46,317 - INFO - Token: <ATRIBUICAO, '=', 2, 4>
2026-04-13 23:05:46,317 - INFO - Token: <NUMERO, '2', 2, 6>
2026-04-13 23:05:46,317 - INFO - Token: <MULTIPLICACAO, '*', 2, 8>
2026-04-13 23:05:46,317 - INFO - Token: <NUMERO, '3', 2, 10>
2026-04-13 23:05:46,317 - INFO - Token: <PONTO_VIRGULA, ';', 2, 11>
2026-04-13 23:05:46,318 - INFO - Token: <TIPO_INT, 'i', 3, 0>
2026-04-13 23:05:46,318 - INFO - Token: <ID, 'z', 3, 2>
2026-04-13 23:05:46,318 - INFO - Token: <ATRIBUICAO, '=', 3, 4>
2026-04-13 23:05:46,318 - INFO - Token: <NUMERO, '10', 3, 6>
2026-04-13 23:05:46,318 - INFO - Token: <DIVISAO, '/', 3, 9>
2026-04-13 23:05:46,318 - INFO - Token: <NUMERO, '2', 3, 11>
2026-04-13 23:05:46,318 - INFO - Token: <PONTO_VIRGULA, ';', 3, 12>
2026-04-13 23:05:46,318 - INFO - Token: <TIPO_STR, 's', 4, 0>
2026-04-13 23:05:46,318 - INFO - Token: <ID, 'nome', 4, 2>
2026-04-13 23:05:46,318 - INFO - Token: <ATRIBUICAO, '=', 4, 7>
2026-04-13 23:05:46,318 - INFO - Token: <STRING, '"matheus"', 4, 9>
2026-04-13 23:05:46,318 - INFO - Token: <PONTO_VIRGULA, ';', 4, 18>
2026-04-13 23:05:46,318 - INFO - Iniciando parsing...
2026-04-13 23:05:46,319 - INFO - Parsing concluído.
2026-04-13 23:13:25,842 - ERROR - ERRO LÉXICO [Linha 18, Coluna 5]: token recognition error at: '<'
2026-04-13 23:13:25,842 - INFO - Token: <TIPO_INT, 'i', 1, 0>
2026-04-13 23:13:25,843 - INFO - Token: <ID, 'x', 1, 2>
2026-04-13 23:13:25,843 - INFO - Token: <ATRIBUICAO, '=', 1, 4>
2026-04-13 23:13:25,843 - INFO - Token: <NUMERO, '1', 1, 6>
2026-04-13 23:13:25,843 - INFO - Token: <SOMA, '+', 1, 8>
2026-04-13 23:13:25,843 - INFO - Token: <NUMERO, '2', 1, 10>
2026-04-13 23:13:25,843 - INFO - Token: <SOMA, '+', 1, 12>
2026-04-13 23:13:25,843 - INFO - Token: <NUMERO, '3', 1, 14>
2026-04-13 23:13:25,843 - INFO - Token: <PONTO_VIRGULA, ';', 1, 15>
2026-04-13 23:13:25,843 - INFO - Token: <TIPO_INT, 'i', 2, 0>
2026-04-13 23:13:25,843 - INFO - Token: <ID, 'y', 2, 2>
2026-04-13 23:13:25,843 - INFO - Token: <ATRIBUICAO, '=', 2, 4>
2026-04-13 23:13:25,843 - INFO - Token: <NUMERO, '2', 2, 6>
2026-04-13 23:13:25,844 - INFO - Token: <MULTIPLICACAO, '*', 2, 8>
2026-04-13 23:13:25,844 - INFO - Token: <NUMERO, '3', 2, 10>
2026-04-13 23:13:25,844 - INFO - Token: <PONTO_VIRGULA, ';', 2, 11>
2026-04-13 23:13:25,844 - INFO - Token: <TIPO_INT, 'i', 3, 0>
2026-04-13 23:13:25,844 - INFO - Token: <ID, 'z', 3, 2>
2026-04-13 23:13:25,844 - INFO - Token: <ATRIBUICAO, '=', 3, 4>
2026-04-13 23:13:25,844 - INFO - Token: <NUMERO, '10', 3, 6>
2026-04-13 23:13:25,844 - INFO - Token: <DIVISAO, '/', 3, 9>
2026-04-13 23:13:25,844 - INFO - Token: <NUMERO, '2', 3, 11>
2026-04-13 23:13:25,844 - INFO - Token: <PONTO_VIRGULA, ';', 3, 12>
2026-04-13 23:13:25,844 - INFO - Token: <TIPO_STR, 's', 4, 0>
2026-04-13 23:13:25,844 - INFO - Token: <ID, 'nome', 4, 2>
2026-04-13 23:13:25,844 - INFO - Token: <ATRIBUICAO, '=', 4, 7>
2026-04-13 23:13:25,844 - INFO - Token: <STRING, '"matheus"', 4, 9>
2026-04-13 23:13:25,844 - INFO - Token: <PONTO_VIRGULA, ';', 4, 18>
2026-04-13 23:13:25,845 - INFO - Token: <RD, 'rd', 6, 0>
2026-04-13 23:13:25,845 - INFO - Token: <ABRE_PARENTESES, '(', 6, 2>
2026-04-13 23:13:25,845 - INFO - Token: <ID, 'x', 6, 3>
2026-04-13 23:13:25,845 - INFO - Token: <FECHA_PARENTESES, ')', 6, 4>
2026-04-13 23:13:25,845 - INFO - Token: <PONTO_VIRGULA, ';', 6, 5>
2026-04-13 23:13:25,845 - INFO - Token: <PT, 'pt', 7, 0>
2026-04-13 23:13:25,845 - INFO - Token: <ABRE_PARENTESES, '(', 7, 2>
2026-04-13 23:13:25,845 - INFO - Token: <STRING, '"Olá"', 7, 3>
2026-04-13 23:13:25,845 - INFO - Token: <FECHA_PARENTESES, ')', 7, 8>
2026-04-13 23:13:25,845 - INFO - Token: <PONTO_VIRGULA, ';', 7, 9>
2026-04-13 23:13:25,845 - INFO - Token: <PT, 'pt', 8, 0>
2026-04-13 23:13:25,845 - INFO - Token: <ABRE_PARENTESES, '(', 8, 2>
2026-04-13 23:13:25,845 - INFO - Token: <ID, 'x', 8, 3>
2026-04-13 23:13:25,846 - INFO - Token: <SOMA, '+', 8, 5>
2026-04-13 23:13:25,846 - INFO - Token: <ID, 'y', 8, 7>
2026-04-13 23:13:25,846 - INFO - Token: <FECHA_PARENTESES, ')', 8, 8>
2026-04-13 23:13:25,846 - INFO - Token: <PONTO_VIRGULA, ';', 8, 9>
2026-04-13 23:13:25,846 - INFO - Token: <IF, 'if', 10, 0>
2026-04-13 23:13:25,846 - INFO - Token: <ID, 'x', 10, 3>
2026-04-13 23:13:25,846 - INFO - Token: <IGUAL, '==', 10, 5>
2026-04-13 23:13:25,846 - INFO - Token: <NUMERO, '6', 10, 8>
2026-04-13 23:13:25,846 - INFO - Token: <ABRE_CHAVES, '{', 10, 10>
2026-04-13 23:13:25,846 - INFO - Token: <TIPO_INT, 'i', 11, 4>
2026-04-13 23:13:25,846 - INFO - Token: <ID, 'w', 11, 6>
2026-04-13 23:13:25,846 - INFO - Token: <ATRIBUICAO, '=', 11, 8>
2026-04-13 23:13:25,846 - INFO - Token: <NUMERO, '10', 11, 10>
2026-04-13 23:13:25,846 - INFO - Token: <PONTO_VIRGULA, ';', 11, 12>
2026-04-13 23:13:25,847 - INFO - Token: <FECHA_CHAVES, '}', 12, 0>
2026-04-13 23:13:25,847 - INFO - Token: <EL, 'el', 12, 2>
2026-04-13 23:13:25,847 - INFO - Token: <ABRE_CHAVES, '{', 12, 5>
2026-04-13 23:13:25,847 - INFO - Token: <TIPO_INT, 'i', 13, 4>
2026-04-13 23:13:25,847 - INFO - Token: <ID, 'w', 13, 6>
2026-04-13 23:13:25,847 - INFO - Token: <ATRIBUICAO, '=', 13, 8>
2026-04-13 23:13:25,847 - INFO - Token: <NUMERO, '20', 13, 10>
2026-04-13 23:13:25,847 - INFO - Token: <PONTO_VIRGULA, ';', 13, 12>
2026-04-13 23:13:25,847 - INFO - Token: <FECHA_CHAVES, '}', 14, 0>
2026-04-13 23:13:25,847 - INFO - Token: <EI, 'ei', 14, 2>
2026-04-13 23:13:25,847 - INFO - Token: <ID, 'x', 14, 5>
2026-04-13 23:13:25,847 - INFO - Token: <IGUAL, '==', 14, 7>
2026-04-13 23:13:25,847 - INFO - Token: <NUMERO, '7', 14, 10>
2026-04-13 23:13:25,848 - INFO - Token: <ABRE_CHAVES, '{', 14, 12>
2026-04-13 23:13:25,848 - INFO - Token: <TIPO_INT, 'i', 15, 4>
2026-04-13 23:13:25,848 - INFO - Token: <ID, 'w', 15, 6>
2026-04-13 23:13:25,848 - INFO - Token: <ATRIBUICAO, '=', 15, 8>
2026-04-13 23:13:25,848 - INFO - Token: <NUMERO, '30', 15, 10>
2026-04-13 23:13:25,848 - INFO - Token: <PONTO_VIRGULA, ';', 15, 12>
2026-04-13 23:13:25,848 - INFO - Token: <FECHA_CHAVES, '}', 16, 0>
2026-04-13 23:13:25,848 - INFO - Token: <WL, 'wl', 18, 0>
2026-04-13 23:13:25,848 - INFO - Token: <ID, 'x', 18, 3>
2026-04-13 23:13:25,848 - INFO - Token: <NUMERO, '10', 18, 7>
2026-04-13 23:13:25,849 - INFO - Token: <DO, 'do', 18, 10>
2026-04-13 23:13:25,849 - INFO - Token: <ABRE_CHAVES, '{', 18, 13>
2026-04-13 23:13:25,849 - INFO - Token: <ID, 'x', 19, 4>
2026-04-13 23:13:25,849 - INFO - Token: <ATRIBUICAO, '=', 19, 6>
2026-04-13 23:13:25,849 - INFO - Token: <ID, 'x', 19, 8>
2026-04-13 23:13:25,849 - INFO - Token: <SOMA, '+', 19, 10>
2026-04-13 23:13:25,849 - INFO - Token: <NUMERO, '1', 19, 12>
2026-04-13 23:13:25,849 - INFO - Token: <PONTO_VIRGULA, ';', 19, 13>
2026-04-13 23:13:25,849 - INFO - Token: <PT, 'pt', 20, 4>
2026-04-13 23:13:25,850 - INFO - Token: <ABRE_PARENTESES, '(', 20, 6>
2026-04-13 23:13:25,850 - INFO - Token: <ID, 'x', 20, 7>
2026-04-13 23:13:25,850 - INFO - Token: <FECHA_PARENTESES, ')', 20, 8>
2026-04-13 23:13:25,850 - INFO - Token: <PONTO_VIRGULA, ';', 20, 9>
2026-04-13 23:13:25,851 - INFO - Token: <FECHA_CHAVES, '}', 21, 0>
2026-04-13 23:13:25,851 - INFO - Iniciando parsing...
2026-04-13 23:13:25,853 - ERROR - ERRO SINTÁTICO [Linha 18, Coluna 7]: missing '==' at '10'
2026-04-13 23:13:25,854 - ERROR - ERRO SINTÁTICO [Linha 19, Coluna 4]: mismatched input 'x' expecting {'i', 's', '}', 'rd', 'pt', 'if', 'wl'}
2026-04-13 23:13:25,854 - ERROR - ERRO LÉXICO [Linha 21, Coluna 0]: extraneous input '}' expecting {<EOF>, 'i', 's', 'rd', 'pt', 'if', 'wl'}
2026-04-13 23:13:25,854 - INFO - Parsing concluído.
2026-04-13 23:13:28,499 - ERROR - ERRO LÉXICO [Linha 18, Coluna 5]: token recognition error at: '<'
2026-04-13 23:13:28,499 - INFO - Token: <TIPO_INT, 'i', 1, 0>
2026-04-13 23:13:28,499 - INFO - Token: <ID, 'x', 1, 2>
2026-04-13 23:13:28,500 - INFO - Token: <ATRIBUICAO, '=', 1, 4>
2026-04-13 23:13:28,500 - INFO - Token: <NUMERO, '1', 1, 6>
2026-04-13 23:13:28,500 - INFO - Token: <SOMA, '+', 1, 8>
2026-04-13 23:13:28,500 - INFO - Token: <NUMERO, '2', 1, 10>
2026-04-13 23:13:28,500 - INFO - Token: <SOMA, '+', 1, 12>
2026-04-13 23:13:28,500 - INFO - Token: <NUMERO, '3', 1, 14>
2026-04-13 23:13:28,500 - INFO - Token: <PONTO_VIRGULA, ';', 1, 15>
2026-04-13 23:13:28,500 - INFO - Token: <TIPO_INT, 'i', 2, 0>
2026-04-13 23:13:28,500 - INFO - Token: <ID, 'y', 2, 2>
2026-04-13 23:13:28,500 - INFO - Token: <ATRIBUICAO, '=', 2, 4>
2026-04-13 23:13:28,500 - INFO - Token: <NUMERO, '2', 2, 6>
2026-04-13 23:13:28,500 - INFO - Token: <MULTIPLICACAO, '*', 2, 8>
2026-04-13 23:13:28,500 - INFO - Token: <NUMERO, '3', 2, 10>
2026-04-13 23:13:28,500 - INFO - Token: <PONTO_VIRGULA, ';', 2, 11>
2026-04-13 23:13:28,501 - INFO - Token: <TIPO_INT, 'i', 3, 0>
2026-04-13 23:13:28,501 - INFO - Token: <ID, 'z', 3, 2>
2026-04-13 23:13:28,501 - INFO - Token: <ATRIBUICAO, '=', 3, 4>
2026-04-13 23:13:28,501 - INFO - Token: <NUMERO, '10', 3, 6>
2026-04-13 23:13:28,501 - INFO - Token: <DIVISAO, '/', 3, 9>
2026-04-13 23:13:28,501 - INFO - Token: <NUMERO, '2', 3, 11>
2026-04-13 23:13:28,501 - INFO - Token: <PONTO_VIRGULA, ';', 3, 12>
2026-04-13 23:13:28,501 - INFO - Token: <TIPO_STR, 's', 4, 0>
2026-04-13 23:13:28,501 - INFO - Token: <ID, 'nome', 4, 2>
2026-04-13 23:13:28,501 - INFO - Token: <ATRIBUICAO, '=', 4, 7>
2026-04-13 23:13:28,501 - INFO - Token: <STRING, '"matheus"', 4, 9>
2026-04-13 23:13:28,501 - INFO - Token: <PONTO_VIRGULA, ';', 4, 18>
2026-04-13 23:13:28,501 - INFO - Token: <RD, 'rd', 6, 0>
2026-04-13 23:13:28,501 - INFO - Token: <ABRE_PARENTESES, '(', 6, 2>
2026-04-13 23:13:28,501 - INFO - Token: <ID, 'x', 6, 3>
2026-04-13 23:13:28,501 - INFO - Token: <FECHA_PARENTESES, ')', 6, 4>
2026-04-13 23:13:28,502 - INFO - Token: <PONTO_VIRGULA, ';', 6, 5>
2026-04-13 23:13:28,502 - INFO - Token: <PT, 'pt', 7, 0>
2026-04-13 23:13:28,502 - INFO - Token: <ABRE_PARENTESES, '(', 7, 2>
2026-04-13 23:13:28,502 - INFO - Token: <STRING, '"Olá"', 7, 3>
2026-04-13 23:13:28,502 - INFO - Token: <FECHA_PARENTESES, ')', 7, 8>
2026-04-13 23:13:28,502 - INFO - Token: <PONTO_VIRGULA, ';', 7, 9>
2026-04-13 23:13:28,502 - INFO - Token: <PT, 'pt', 8, 0>
2026-04-13 23:13:28,502 - INFO - Token: <ABRE_PARENTESES, '(', 8, 2>
2026-04-13 23:13:28,502 - INFO - Token: <ID, 'x', 8, 3>
2026-04-13 23:13:28,503 - INFO - Token: <SOMA, '+', 8, 5>
2026-04-13 23:13:28,503 - INFO - Token: <ID, 'y', 8, 7>
2026-04-13 23:13:28,503 - INFO - Token: <FECHA_PARENTESES, ')', 8, 8>
2026-04-13 23:13:28,503 - INFO - Token: <PONTO_VIRGULA, ';', 8, 9>
2026-04-13 23:13:28,503 - INFO - Token: <IF, 'if', 10, 0>
2026-04-13 23:13:28,503 - INFO - Token: <ID, 'x', 10, 3>
2026-04-13 23:13:28,503 - INFO - Token: <IGUAL, '==', 10, 5>
2026-04-13 23:13:28,503 - INFO - Token: <NUMERO, '6', 10, 8>
2026-04-13 23:13:28,503 - INFO - Token: <ABRE_CHAVES, '{', 10, 10>
2026-04-13 23:13:28,503 - INFO - Token: <TIPO_INT, 'i', 11, 4>
2026-04-13 23:13:28,503 - INFO - Token: <ID, 'w', 11, 6>
2026-04-13 23:13:28,504 - INFO - Token: <ATRIBUICAO, '=', 11, 8>
2026-04-13 23:13:28,504 - INFO - Token: <NUMERO, '10', 11, 10>
2026-04-13 23:13:28,504 - INFO - Token: <PONTO_VIRGULA, ';', 11, 12>
2026-04-13 23:13:28,504 - INFO - Token: <FECHA_CHAVES, '}', 12, 0>
2026-04-13 23:13:28,504 - INFO - Token: <EL, 'el', 12, 2>
2026-04-13 23:13:28,504 - INFO - Token: <ABRE_CHAVES, '{', 12, 5>
2026-04-13 23:13:28,504 - INFO - Token: <TIPO_INT, 'i', 13, 4>
2026-04-13 23:13:28,504 - INFO - Token: <ID, 'w', 13, 6>
2026-04-13 23:13:28,504 - INFO - Token: <ATRIBUICAO, '=', 13, 8>
2026-04-13 23:13:28,504 - INFO - Token: <NUMERO, '20', 13, 10>
2026-04-13 23:13:28,504 - INFO - Token: <PONTO_VIRGULA, ';', 13, 12>
2026-04-13 23:13:28,504 - INFO - Token: <FECHA_CHAVES, '}', 14, 0>
2026-04-13 23:13:28,504 - INFO - Token: <EI, 'ei', 14, 2>
2026-04-13 23:13:28,504 - INFO - Token: <ID, 'x', 14, 5>
2026-04-13 23:13:28,504 - INFO - Token: <IGUAL, '==', 14, 7>
2026-04-13 23:13:28,504 - INFO - Token: <NUMERO, '7', 14, 10>
2026-04-13 23:13:28,505 - INFO - Token: <ABRE_CHAVES, '{', 14, 12>
2026-04-13 23:13:28,505 - INFO - Token: <TIPO_INT, 'i', 15, 4>
2026-04-13 23:13:28,505 - INFO - Token: <ID, 'w', 15, 6>
2026-04-13 23:13:28,505 - INFO - Token: <ATRIBUICAO, '=', 15, 8>
2026-04-13 23:13:28,505 - INFO - Token: <NUMERO, '30', 15, 10>
2026-04-13 23:13:28,505 - INFO - Token: <PONTO_VIRGULA, ';', 15, 12>
2026-04-13 23:13:28,505 - INFO - Token: <FECHA_CHAVES, '}', 16, 0>
2026-04-13 23:13:28,505 - INFO - Token: <WL, 'wl', 18, 0>
2026-04-13 23:13:28,505 - INFO - Token: <ID, 'x', 18, 3>
2026-04-13 23:13:28,505 - INFO - Token: <NUMERO, '10', 18, 7>
2026-04-13 23:13:28,505 - INFO - Token: <DO, 'do', 18, 10>
2026-04-13 23:13:28,505 - INFO - Token: <ABRE_CHAVES, '{', 18, 13>
2026-04-13 23:13:28,505 - INFO - Token: <ID, 'x', 19, 4>
2026-04-13 23:13:28,505 - INFO - Token: <ATRIBUICAO, '=', 19, 6>
2026-04-13 23:13:28,505 - INFO - Token: <ID, 'x', 19, 8>
2026-04-13 23:13:28,505 - INFO - Token: <SOMA, '+', 19, 10>
2026-04-13 23:13:28,506 - INFO - Token: <NUMERO, '1', 19, 12>
2026-04-13 23:13:28,506 - INFO - Token: <PONTO_VIRGULA, ';', 19, 13>
2026-04-13 23:13:28,506 - INFO - Token: <PT, 'pt', 20, 4>
2026-04-13 23:13:28,506 - INFO - Token: <ABRE_PARENTESES, '(', 20, 6>
2026-04-13 23:13:28,506 - INFO - Token: <ID, 'x', 20, 7>
2026-04-13 23:13:28,506 - INFO - Token: <FECHA_PARENTESES, ')', 20, 8>
2026-04-13 23:13:28,506 - INFO - Token: <PONTO_VIRGULA, ';', 20, 9>
2026-04-13 23:13:28,506 - INFO - Token: <FECHA_CHAVES, '}', 21, 0>
2026-04-13 23:13:28,506 - INFO - Iniciando parsing...
2026-04-13 23:13:28,508 - ERROR - ERRO SINTÁTICO [Linha 18, Coluna 7]: missing '==' at '10'
2026-04-13 23:13:28,508 - ERROR - ERRO SINTÁTICO [Linha 19, Coluna 4]: mismatched input 'x' expecting {'i', 's', '}', 'rd', 'pt', 'if', 'wl'}
2026-04-13 23:13:28,508 - ERROR - ERRO LÉXICO [Linha 21, Coluna 0]: extraneous input '}' expecting {<EOF>, 'i', 's', 'rd', 'pt', 'if', 'wl'}
2026-04-13 23:13:28,508 - INFO - Parsing concluído.
2026-04-13 23:13:50,710 - INFO - Token: <TIPO_INT, 'i', 1, 0>
2026-04-13 23:13:50,710 - INFO - Token: <ID, 'x', 1, 2>
2026-04-13 23:13:50,710 - INFO - Token: <ATRIBUICAO, '=', 1, 4>
2026-04-13 23:13:50,710 - INFO - Token: <NUMERO, '1', 1, 6>
2026-04-13 23:13:50,710 - INFO - Token: <SOMA, '+', 1, 8>
2026-04-13 23:13:50,710 - INFO - Token: <NUMERO, '2', 1, 10>
2026-04-13 23:13:50,710 - INFO - Token: <SOMA, '+', 1, 12>
2026-04-13 23:13:50,710 - INFO - Token: <NUMERO, '3', 1, 14>
2026-04-13 23:13:50,710 - INFO - Token: <PONTO_VIRGULA, ';', 1, 15>
2026-04-13 23:13:50,710 - INFO - Token: <TIPO_INT, 'i', 2, 0>
2026-04-13 23:13:50,710 - INFO - Token: <ID, 'y', 2, 2>
2026-04-13 23:13:50,711 - INFO - Token: <ATRIBUICAO, '=', 2, 4>
2026-04-13 23:13:50,711 - INFO - Token: <NUMERO, '2', 2, 6>
2026-04-13 23:13:50,711 - INFO - Token: <MULTIPLICACAO, '*', 2, 8>
2026-04-13 23:13:50,711 - INFO - Token: <NUMERO, '3', 2, 10>
2026-04-13 23:13:50,711 - INFO - Token: <PONTO_VIRGULA, ';', 2, 11>
2026-04-13 23:13:50,711 - INFO - Token: <TIPO_INT, 'i', 3, 0>
2026-04-13 23:13:50,711 - INFO - Token: <ID, 'z', 3, 2>
2026-04-13 23:13:50,711 - INFO - Token: <ATRIBUICAO, '=', 3, 4>
2026-04-13 23:13:50,711 - INFO - Token: <NUMERO, '10', 3, 6>
2026-04-13 23:13:50,712 - INFO - Token: <DIVISAO, '/', 3, 9>
2026-04-13 23:13:50,712 - INFO - Token: <NUMERO, '2', 3, 11>
2026-04-13 23:13:50,712 - INFO - Token: <PONTO_VIRGULA, ';', 3, 12>
2026-04-13 23:13:50,712 - INFO - Token: <TIPO_STR, 's', 4, 0>
2026-04-13 23:13:50,712 - INFO - Token: <ID, 'nome', 4, 2>
2026-04-13 23:13:50,712 - INFO - Token: <ATRIBUICAO, '=', 4, 7>
2026-04-13 23:13:50,712 - INFO - Token: <STRING, '"matheus"', 4, 9>
2026-04-13 23:13:50,712 - INFO - Token: <PONTO_VIRGULA, ';', 4, 18>
2026-04-13 23:13:50,712 - INFO - Token: <RD, 'rd', 6, 0>
2026-04-13 23:13:50,712 - INFO - Token: <ABRE_PARENTESES, '(', 6, 2>
2026-04-13 23:13:50,712 - INFO - Token: <ID, 'x', 6, 3>
2026-04-13 23:13:50,712 - INFO - Token: <FECHA_PARENTESES, ')', 6, 4>
2026-04-13 23:13:50,712 - INFO - Token: <PONTO_VIRGULA, ';', 6, 5>
2026-04-13 23:13:50,712 - INFO - Token: <PT, 'pt', 7, 0>
2026-04-13 23:13:50,713 - INFO - Token: <ABRE_PARENTESES, '(', 7, 2>
2026-04-13 23:13:50,713 - INFO - Token: <STRING, '"Olá"', 7, 3>
2026-04-13 23:13:50,713 - INFO - Token: <FECHA_PARENTESES, ')', 7, 8>
2026-04-13 23:13:50,713 - INFO - Token: <PONTO_VIRGULA, ';', 7, 9>
2026-04-13 23:13:50,713 - INFO - Token: <PT, 'pt', 8, 0>
2026-04-13 23:13:50,713 - INFO - Token: <ABRE_PARENTESES, '(', 8, 2>
2026-04-13 23:13:50,713 - INFO - Token: <ID, 'x', 8, 3>
2026-04-13 23:13:50,713 - INFO - Token: <SOMA, '+', 8, 5>
2026-04-13 23:13:50,713 - INFO - Token: <ID, 'y', 8, 7>
2026-04-13 23:13:50,713 - INFO - Token: <FECHA_PARENTESES, ')', 8, 8>
2026-04-13 23:13:50,713 - INFO - Token: <PONTO_VIRGULA, ';', 8, 9>
2026-04-13 23:13:50,713 - INFO - Token: <IF, 'if', 10, 0>
2026-04-13 23:13:50,713 - INFO - Token: <ID, 'x', 10, 3>
2026-04-13 23:13:50,713 - INFO - Token: <ATRIBUICAO, '=', 10, 5>
2026-04-13 23:13:50,713 - INFO - Token: <ATRIBUICAO, '=', 10, 6>
2026-04-13 23:13:50,713 - INFO - Token: <NUMERO, '6', 10, 8>
2026-04-13 23:13:50,714 - INFO - Token: <ABRE_CHAVES, '{', 10, 10>
2026-04-13 23:13:50,714 - INFO - Token: <TIPO_INT, 'i', 11, 4>
2026-04-13 23:13:50,714 - INFO - Token: <ID, 'w', 11, 6>
2026-04-13 23:13:50,714 - INFO - Token: <ATRIBUICAO, '=', 11, 8>
2026-04-13 23:13:50,714 - INFO - Token: <NUMERO, '10', 11, 10>
2026-04-13 23:13:50,714 - INFO - Token: <PONTO_VIRGULA, ';', 11, 12>
2026-04-13 23:13:50,714 - INFO - Token: <FECHA_CHAVES, '}', 12, 0>
2026-04-13 23:13:50,714 - INFO - Token: <EL, 'el', 12, 2>
2026-04-13 23:13:50,714 - INFO - Token: <ABRE_CHAVES, '{', 12, 5>
2026-04-13 23:13:50,714 - INFO - Token: <TIPO_INT, 'i', 13, 4>
2026-04-13 23:13:50,714 - INFO - Token: <ID, 'w', 13, 6>
2026-04-13 23:13:50,714 - INFO - Token: <ATRIBUICAO, '=', 13, 8>
2026-04-13 23:13:50,715 - INFO - Token: <NUMERO, '20', 13, 10>
2026-04-13 23:13:50,715 - INFO - Token: <PONTO_VIRGULA, ';', 13, 12>
2026-04-13 23:13:50,715 - INFO - Token: <FECHA_CHAVES, '}', 14, 0>
2026-04-13 23:13:50,715 - INFO - Token: <EI, 'ei', 14, 2>
2026-04-13 23:13:50,715 - INFO - Token: <ID, 'x', 14, 5>
2026-04-13 23:13:50,715 - INFO - Token: <ATRIBUICAO, '=', 14, 7>
2026-04-13 23:13:50,715 - INFO - Token: <ATRIBUICAO, '=', 14, 8>
2026-04-13 23:13:50,715 - INFO - Token: <NUMERO, '7', 14, 10>
2026-04-13 23:13:50,715 - INFO - Token: <ABRE_CHAVES, '{', 14, 12>
2026-04-13 23:13:50,716 - INFO - Token: <TIPO_INT, 'i', 15, 4>
2026-04-13 23:13:50,716 - INFO - Token: <ID, 'w', 15, 6>
2026-04-13 23:13:50,716 - INFO - Token: <ATRIBUICAO, '=', 15, 8>
2026-04-13 23:13:50,716 - INFO - Token: <NUMERO, '30', 15, 10>
2026-04-13 23:13:50,716 - INFO - Token: <PONTO_VIRGULA, ';', 15, 12>
2026-04-13 23:13:50,716 - INFO - Token: <FECHA_CHAVES, '}', 16, 0>
2026-04-13 23:13:50,716 - INFO - Token: <WL, 'wl', 18, 0>
2026-04-13 23:13:50,716 - INFO - Token: <ID, 'x', 18, 3>
2026-04-13 23:13:50,716 - INFO - Token: <MENOR, '<', 18, 5>
2026-04-13 23:13:50,716 - INFO - Token: <NUMERO, '10', 18, 7>
2026-04-13 23:13:50,716 - INFO - Token: <DO, 'do', 18, 10>
2026-04-13 23:13:50,716 - INFO - Token: <ABRE_CHAVES, '{', 18, 13>
2026-04-13 23:13:50,716 - INFO - Token: <ID, 'x', 19, 4>
2026-04-13 23:13:50,717 - INFO - Token: <ATRIBUICAO, '=', 19, 6>
2026-04-13 23:13:50,717 - INFO - Token: <ID, 'x', 19, 8>
2026-04-13 23:13:50,717 - INFO - Token: <SOMA, '+', 19, 10>
2026-04-13 23:13:50,717 - INFO - Token: <NUMERO, '1', 19, 12>
2026-04-13 23:13:50,717 - INFO - Token: <PONTO_VIRGULA, ';', 19, 13>
2026-04-13 23:13:50,717 - INFO - Token: <PT, 'pt', 20, 4>
2026-04-13 23:13:50,717 - INFO - Token: <ABRE_PARENTESES, '(', 20, 6>
2026-04-13 23:13:50,717 - INFO - Token: <ID, 'x', 20, 7>
2026-04-13 23:13:50,717 - INFO - Token: <FECHA_PARENTESES, ')', 20, 8>
2026-04-13 23:13:50,717 - INFO - Token: <PONTO_VIRGULA, ';', 20, 9>
2026-04-13 23:13:50,717 - INFO - Token: <FECHA_CHAVES, '}', 21, 0>
2026-04-13 23:13:50,717 - INFO - Iniciando parsing...
2026-04-13 23:13:50,719 - ERROR - ERRO SINTÁTICO [Linha 10, Coluna 5]: no viable alternative at input 'x='
2026-04-13 23:13:50,719 - ERROR - ERRO SINTÁTICO [Linha 14, Coluna 7]: no viable alternative at input 'x='
2026-04-13 23:13:50,720 - ERROR - ERRO SINTÁTICO [Linha 19, Coluna 4]: mismatched input 'x' expecting {'i', 's', '}', 'rd', 'pt', 'if', 'wl'}
2026-04-13 23:13:50,720 - ERROR - ERRO LÉXICO [Linha 21, Coluna 0]: extraneous input '}' expecting {<EOF>, 'i', 's', 'rd', 'pt', 'if', 'wl'}
2026-04-13 23:13:50,720 - INFO - Parsing concluído.
2026-04-13 23:14:02,482 - INFO - Token: <TIPO_INT, 'i', 1, 0>
2026-04-13 23:14:02,482 - INFO - Token: <ID, 'x', 1, 2>
2026-04-13 23:14:02,482 - INFO - Token: <ATRIBUICAO, '=', 1, 4>
2026-04-13 23:14:02,482 - INFO - Token: <NUMERO, '1', 1, 6>
2026-04-13 23:14:02,482 - INFO - Token: <SOMA, '+', 1, 8>
2026-04-13 23:14:02,482 - INFO - Token: <NUMERO, '2', 1, 10>
2026-04-13 23:14:02,482 - INFO - Token: <SOMA, '+', 1, 12>
2026-04-13 23:14:02,482 - INFO - Token: <NUMERO, '3', 1, 14>
2026-04-13 23:14:02,482 - INFO - Token: <PONTO_VIRGULA, ';', 1, 15>
2026-04-13 23:14:02,482 - INFO - Token: <TIPO_INT, 'i', 2, 0>
2026-04-13 23:14:02,483 - INFO - Token: <ID, 'y', 2, 2>
2026-04-13 23:14:02,483 - INFO - Token: <ATRIBUICAO, '=', 2, 4>
2026-04-13 23:14:02,483 - INFO - Token: <NUMERO, '2', 2, 6>
2026-04-13 23:14:02,483 - INFO - Token: <MULTIPLICACAO, '*', 2, 8>
2026-04-13 23:14:02,483 - INFO - Token: <NUMERO, '3', 2, 10>
2026-04-13 23:14:02,483 - INFO - Token: <PONTO_VIRGULA, ';', 2, 11>
2026-04-13 23:14:02,483 - INFO - Token: <TIPO_INT, 'i', 3, 0>
2026-04-13 23:14:02,483 - INFO - Token: <ID, 'z', 3, 2>
2026-04-13 23:14:02,483 - INFO - Token: <ATRIBUICAO, '=', 3, 4>
2026-04-13 23:14:02,483 - INFO - Token: <NUMERO, '10', 3, 6>
2026-04-13 23:14:02,483 - INFO - Token: <DIVISAO, '/', 3, 9>
2026-04-13 23:14:02,483 - INFO - Token: <NUMERO, '2', 3, 11>
2026-04-13 23:14:02,483 - INFO - Token: <PONTO_VIRGULA, ';', 3, 12>
2026-04-13 23:14:02,483 - INFO - Token: <TIPO_STR, 's', 4, 0>
2026-04-13 23:14:02,483 - INFO - Token: <ID, 'nome', 4, 2>
2026-04-13 23:14:02,484 - INFO - Token: <ATRIBUICAO, '=', 4, 7>
2026-04-13 23:14:02,484 - INFO - Token: <STRING, '"matheus"', 4, 9>
2026-04-13 23:14:02,484 - INFO - Token: <PONTO_VIRGULA, ';', 4, 18>
2026-04-13 23:14:02,484 - INFO - Token: <RD, 'rd', 6, 0>
2026-04-13 23:14:02,484 - INFO - Token: <ABRE_PARENTESES, '(', 6, 2>
2026-04-13 23:14:02,484 - INFO - Token: <ID, 'x', 6, 3>
2026-04-13 23:14:02,484 - INFO - Token: <FECHA_PARENTESES, ')', 6, 4>
2026-04-13 23:14:02,484 - INFO - Token: <PONTO_VIRGULA, ';', 6, 5>
2026-04-13 23:14:02,484 - INFO - Token: <PT, 'pt', 7, 0>
2026-04-13 23:14:02,484 - INFO - Token: <ABRE_PARENTESES, '(', 7, 2>
2026-04-13 23:14:02,484 - INFO - Token: <STRING, '"Olá"', 7, 3>
2026-04-13 23:14:02,485 - INFO - Token: <FECHA_PARENTESES, ')', 7, 8>
2026-04-13 23:14:02,485 - INFO - Token: <PONTO_VIRGULA, ';', 7, 9>
2026-04-13 23:14:02,485 - INFO - Token: <PT, 'pt', 8, 0>
2026-04-13 23:14:02,485 - INFO - Token: <ABRE_PARENTESES, '(', 8, 2>
2026-04-13 23:14:02,485 - INFO - Token: <ID, 'x', 8, 3>
2026-04-13 23:14:02,485 - INFO - Token: <SOMA, '+', 8, 5>
2026-04-13 23:14:02,485 - INFO - Token: <ID, 'y', 8, 7>
2026-04-13 23:14:02,485 - INFO - Token: <FECHA_PARENTESES, ')', 8, 8>
2026-04-13 23:14:02,485 - INFO - Token: <PONTO_VIRGULA, ';', 8, 9>
2026-04-13 23:14:02,485 - INFO - Token: <IF, 'if', 10, 0>
2026-04-13 23:14:02,485 - INFO - Token: <ID, 'x', 10, 3>
2026-04-13 23:14:02,485 - INFO - Token: <IGUAL, '==', 10, 5>
2026-04-13 23:14:02,485 - INFO - Token: <NUMERO, '6', 10, 8>
2026-04-13 23:14:02,485 - INFO - Token: <ABRE_CHAVES, '{', 10, 10>
2026-04-13 23:14:02,485 - INFO - Token: <TIPO_INT, 'i', 11, 4>
2026-04-13 23:14:02,485 - INFO - Token: <ID, 'w', 11, 6>
2026-04-13 23:14:02,485 - INFO - Token: <ATRIBUICAO, '=', 11, 8>
2026-04-13 23:14:02,486 - INFO - Token: <NUMERO, '10', 11, 10>
2026-04-13 23:14:02,486 - INFO - Token: <PONTO_VIRGULA, ';', 11, 12>
2026-04-13 23:14:02,486 - INFO - Token: <FECHA_CHAVES, '}', 12, 0>
2026-04-13 23:14:02,486 - INFO - Token: <EL, 'el', 12, 2>
2026-04-13 23:14:02,486 - INFO - Token: <ABRE_CHAVES, '{', 12, 5>
2026-04-13 23:14:02,486 - INFO - Token: <TIPO_INT, 'i', 13, 4>
2026-04-13 23:14:02,486 - INFO - Token: <ID, 'w', 13, 6>
2026-04-13 23:14:02,486 - INFO - Token: <ATRIBUICAO, '=', 13, 8>
2026-04-13 23:14:02,486 - INFO - Token: <NUMERO, '20', 13, 10>
2026-04-13 23:14:02,486 - INFO - Token: <PONTO_VIRGULA, ';', 13, 12>
2026-04-13 23:14:02,486 - INFO - Token: <FECHA_CHAVES, '}', 14, 0>
2026-04-13 23:14:02,486 - INFO - Token: <EI, 'ei', 14, 2>
2026-04-13 23:14:02,486 - INFO - Token: <ID, 'x', 14, 5>
2026-04-13 23:14:02,487 - INFO - Token: <IGUAL, '==', 14, 7>
2026-04-13 23:14:02,487 - INFO - Token: <NUMERO, '7', 14, 10>
2026-04-13 23:14:02,487 - INFO - Token: <ABRE_CHAVES, '{', 14, 12>
2026-04-13 23:14:02,487 - INFO - Token: <TIPO_INT, 'i', 15, 4>
2026-04-13 23:14:02,487 - INFO - Token: <ID, 'w', 15, 6>
2026-04-13 23:14:02,487 - INFO - Token: <ATRIBUICAO, '=', 15, 8>
2026-04-13 23:14:02,487 - INFO - Token: <NUMERO, '30', 15, 10>
2026-04-13 23:14:02,487 - INFO - Token: <PONTO_VIRGULA, ';', 15, 12>
2026-04-13 23:14:02,487 - INFO - Token: <FECHA_CHAVES, '}', 16, 0>
2026-04-13 23:14:02,487 - INFO - Token: <WL, 'wl', 18, 0>
2026-04-13 23:14:02,487 - INFO - Token: <ID, 'x', 18, 3>
2026-04-13 23:14:02,487 - INFO - Token: <MENOR, '<', 18, 5>
2026-04-13 23:14:02,488 - INFO - Token: <NUMERO, '10', 18, 7>
2026-04-13 23:14:02,488 - INFO - Token: <DO, 'do', 18, 10>
2026-04-13 23:14:02,488 - INFO - Token: <ABRE_CHAVES, '{', 18, 13>
2026-04-13 23:14:02,488 - INFO - Token: <ID, 'x', 19, 4>
2026-04-13 23:14:02,488 - INFO - Token: <ATRIBUICAO, '=', 19, 6>
2026-04-13 23:14:02,488 - INFO - Token: <ID, 'x', 19, 8>
2026-04-13 23:14:02,488 - INFO - Token: <SOMA, '+', 19, 10>
2026-04-13 23:14:02,488 - INFO - Token: <NUMERO, '1', 19, 12>
2026-04-13 23:14:02,488 - INFO - Token: <PONTO_VIRGULA, ';', 19, 13>
2026-04-13 23:14:02,488 - INFO - Token: <PT, 'pt', 20, 4>
2026-04-13 23:14:02,488 - INFO - Token: <ABRE_PARENTESES, '(', 20, 6>
2026-04-13 23:14:02,488 - INFO - Token: <ID, 'x', 20, 7>
2026-04-13 23:14:02,488 - INFO - Token: <FECHA_PARENTESES, ')', 20, 8>
2026-04-13 23:14:02,488 - INFO - Token: <PONTO_VIRGULA, ';', 20, 9>
2026-04-13 23:14:02,488 - INFO - Token: <FECHA_CHAVES, '}', 21, 0>
2026-04-13 23:14:02,489 - INFO - Iniciando parsing...
2026-04-13 23:14:02,491 - INFO - Parsing concluído.
2026-04-13 23:14:46,135 - ERROR - ERRO LÉXICO [Linha 10, Coluna 24]: token recognition error at: '!'
2026-04-13 23:14:46,136 - INFO - Token: <TIPO_INT, 'i', 1, 0>
2026-04-13 23:14:46,136 - INFO - Token: <ID, 'x', 1, 2>
2026-04-13 23:14:46,136 - INFO - Token: <ATRIBUICAO, '=', 1, 4>
2026-04-13 23:14:46,136 - INFO - Token: <NUMERO, '1', 1, 6>
2026-04-13 23:14:46,136 - INFO - Token: <SOMA, '+', 1, 8>
2026-04-13 23:14:46,136 - INFO - Token: <NUMERO, '2', 1, 10>
2026-04-13 23:14:46,136 - INFO - Token: <SOMA, '+', 1, 12>
2026-04-13 23:14:46,136 - INFO - Token: <NUMERO, '3', 1, 14>
2026-04-13 23:14:46,137 - INFO - Token: <PONTO_VIRGULA, ';', 1, 15>
2026-04-13 23:14:46,137 - INFO - Token: <TIPO_INT, 'i', 2, 0>
2026-04-13 23:14:46,137 - INFO - Token: <ID, 'y', 2, 2>
2026-04-13 23:14:46,137 - INFO - Token: <ATRIBUICAO, '=', 2, 4>
2026-04-13 23:14:46,137 - INFO - Token: <NUMERO, '2', 2, 6>
2026-04-13 23:14:46,137 - INFO - Token: <MULTIPLICACAO, '*', 2, 8>
2026-04-13 23:14:46,137 - INFO - Token: <NUMERO, '3', 2, 10>
2026-04-13 23:14:46,137 - INFO - Token: <PONTO_VIRGULA, ';', 2, 11>
2026-04-13 23:14:46,137 - INFO - Token: <TIPO_INT, 'i', 3, 0>
2026-04-13 23:14:46,137 - INFO - Token: <ID, 'z', 3, 2>
2026-04-13 23:14:46,137 - INFO - Token: <ATRIBUICAO, '=', 3, 4>
2026-04-13 23:14:46,137 - INFO - Token: <NUMERO, '10', 3, 6>
2026-04-13 23:14:46,137 - INFO - Token: <DIVISAO, '/', 3, 9>
2026-04-13 23:14:46,138 - INFO - Token: <NUMERO, '2', 3, 11>
2026-04-13 23:14:46,138 - INFO - Token: <PONTO_VIRGULA, ';', 3, 12>
2026-04-13 23:14:46,138 - INFO - Token: <TIPO_STR, 's', 4, 0>
2026-04-13 23:14:46,138 - INFO - Token: <ID, 'nome', 4, 2>
2026-04-13 23:14:46,138 - INFO - Token: <ATRIBUICAO, '=', 4, 7>
2026-04-13 23:14:46,138 - INFO - Token: <STRING, '"matheus"', 4, 9>
2026-04-13 23:14:46,138 - INFO - Token: <PONTO_VIRGULA, ';', 4, 18>
2026-04-13 23:14:46,138 - INFO - Token: <RD, 'rd', 6, 0>
2026-04-13 23:14:46,138 - INFO - Token: <ABRE_PARENTESES, '(', 6, 2>
2026-04-13 23:14:46,138 - INFO - Token: <ID, 'x', 6, 3>
2026-04-13 23:14:46,138 - INFO - Token: <FECHA_PARENTESES, ')', 6, 4>
2026-04-13 23:14:46,138 - INFO - Token: <PONTO_VIRGULA, ';', 6, 5>
2026-04-13 23:14:46,138 - INFO - Token: <PT, 'pt', 7, 0>
2026-04-13 23:14:46,138 - INFO - Token: <ABRE_PARENTESES, '(', 7, 2>
2026-04-13 23:14:46,138 - INFO - Token: <STRING, '"Olá"', 7, 3>
2026-04-13 23:14:46,138 - INFO - Token: <FECHA_PARENTESES, ')', 7, 8>
2026-04-13 23:14:46,139 - INFO - Token: <PONTO_VIRGULA, ';', 7, 9>
2026-04-13 23:14:46,139 - INFO - Token: <PT, 'pt', 8, 0>
2026-04-13 23:14:46,139 - INFO - Token: <ABRE_PARENTESES, '(', 8, 2>
2026-04-13 23:14:46,139 - INFO - Token: <ID, 'x', 8, 3>
2026-04-13 23:14:46,139 - INFO - Token: <SOMA, '+', 8, 5>
2026-04-13 23:14:46,139 - INFO - Token: <ID, 'y', 8, 7>
2026-04-13 23:14:46,139 - INFO - Token: <FECHA_PARENTESES, ')', 8, 8>
2026-04-13 23:14:46,139 - INFO - Token: <PONTO_VIRGULA, ';', 8, 9>
2026-04-13 23:14:46,139 - INFO - Token: <IF, 'if', 10, 0>
2026-04-13 23:14:46,139 - INFO - Token: <ID, 'x', 10, 3>
2026-04-13 23:14:46,139 - INFO - Token: <IGUAL, '==', 10, 5>
2026-04-13 23:14:46,139 - INFO - Token: <NUMERO, '6', 10, 8>
2026-04-13 23:14:46,139 - INFO - Token: <ID, 'and', 10, 10>
2026-04-13 23:14:46,140 - INFO - Token: <ID, 'y', 10, 14>
2026-04-13 23:14:46,140 - INFO - Token: <MENOR, '<', 10, 16>
2026-04-13 23:14:46,140 - INFO - Token: <NUMERO, '10', 10, 18>
2026-04-13 23:14:46,140 - INFO - Token: <ID, 'or', 10, 21>
2026-04-13 23:14:46,140 - INFO - Token: <ID, 'z', 10, 26>
2026-04-13 23:14:46,140 - INFO - Token: <IGUAL, '==', 10, 28>
2026-04-13 23:14:46,140 - INFO - Token: <NUMERO, '5', 10, 31>
2026-04-13 23:14:46,140 - INFO - Token: <ABRE_CHAVES, '{', 10, 33>
2026-04-13 23:14:46,140 - INFO - Token: <TIPO_INT, 'i', 11, 4>
2026-04-13 23:14:46,140 - INFO - Token: <ID, 'w', 11, 6>
2026-04-13 23:14:46,140 - INFO - Token: <ATRIBUICAO, '=', 11, 8>
2026-04-13 23:14:46,140 - INFO - Token: <NUMERO, '10', 11, 10>
2026-04-13 23:14:46,140 - INFO - Token: <PONTO_VIRGULA, ';', 11, 12>
2026-04-13 23:14:46,141 - INFO - Token: <FECHA_CHAVES, '}', 12, 0>
2026-04-13 23:14:46,141 - INFO - Token: <EL, 'el', 12, 2>
2026-04-13 23:14:46,141 - INFO - Token: <ABRE_CHAVES, '{', 12, 5>
2026-04-13 23:14:46,141 - INFO - Token: <TIPO_INT, 'i', 13, 4>
2026-04-13 23:14:46,141 - INFO - Token: <ID, 'w', 13, 6>
2026-04-13 23:14:46,141 - INFO - Token: <ATRIBUICAO, '=', 13, 8>
2026-04-13 23:14:46,141 - INFO - Token: <NUMERO, '20', 13, 10>
2026-04-13 23:14:46,141 - INFO - Token: <PONTO_VIRGULA, ';', 13, 12>
2026-04-13 23:14:46,141 - INFO - Token: <FECHA_CHAVES, '}', 14, 0>
2026-04-13 23:14:46,141 - INFO - Token: <EI, 'ei', 14, 2>
2026-04-13 23:14:46,141 - INFO - Token: <ID, 'x', 14, 5>
2026-04-13 23:14:46,141 - INFO - Token: <IGUAL, '==', 14, 7>
2026-04-13 23:14:46,141 - INFO - Token: <NUMERO, '7', 14, 10>
2026-04-13 23:14:46,141 - INFO - Token: <ABRE_CHAVES, '{', 14, 12>
2026-04-13 23:14:46,141 - INFO - Token: <TIPO_INT, 'i', 15, 4>
2026-04-13 23:14:46,141 - INFO - Token: <ID, 'w', 15, 6>
2026-04-13 23:14:46,142 - INFO - Token: <ATRIBUICAO, '=', 15, 8>
2026-04-13 23:14:46,142 - INFO - Token: <NUMERO, '30', 15, 10>
2026-04-13 23:14:46,142 - INFO - Token: <PONTO_VIRGULA, ';', 15, 12>
2026-04-13 23:14:46,142 - INFO - Token: <FECHA_CHAVES, '}', 16, 0>
2026-04-13 23:14:46,142 - INFO - Token: <WL, 'wl', 18, 0>
2026-04-13 23:14:46,142 - INFO - Token: <ID, 'x', 18, 3>
2026-04-13 23:14:46,142 - INFO - Token: <MENOR, '<', 18, 5>
2026-04-13 23:14:46,142 - INFO - Token: <NUMERO, '10', 18, 7>
2026-04-13 23:14:46,142 - INFO - Token: <DO, 'do', 18, 10>
2026-04-13 23:14:46,142 - INFO - Token: <ABRE_CHAVES, '{', 18, 13>
2026-04-13 23:14:46,142 - INFO - Token: <ID, 'x', 19, 4>
2026-04-13 23:14:46,142 - INFO - Token: <ATRIBUICAO, '=', 19, 6>
2026-04-13 23:14:46,142 - INFO - Token: <ID, 'x', 19, 8>
2026-04-13 23:14:46,142 - INFO - Token: <SOMA, '+', 19, 10>
2026-04-13 23:14:46,142 - INFO - Token: <NUMERO, '1', 19, 12>
2026-04-13 23:14:46,143 - INFO - Token: <PONTO_VIRGULA, ';', 19, 13>
2026-04-13 23:14:46,143 - INFO - Token: <PT, 'pt', 20, 4>
2026-04-13 23:14:46,143 - INFO - Token: <ABRE_PARENTESES, '(', 20, 6>
2026-04-13 23:14:46,143 - INFO - Token: <ID, 'x', 20, 7>
2026-04-13 23:14:46,143 - INFO - Token: <FECHA_PARENTESES, ')', 20, 8>
2026-04-13 23:14:46,143 - INFO - Token: <PONTO_VIRGULA, ';', 20, 9>
2026-04-13 23:14:46,143 - INFO - Token: <FECHA_CHAVES, '}', 21, 0>
2026-04-13 23:14:46,143 - INFO - Iniciando parsing...
2026-04-13 23:14:46,145 - ERROR - ERRO SINTÁTICO [Linha 10, Coluna 10]: missing '{' at 'and'
2026-04-13 23:14:46,145 - ERROR - ERRO SINTÁTICO [Linha 10, Coluna 14]: missing '=' at 'y'
2026-04-13 23:14:46,145 - ERROR - ERRO SINTÁTICO [Linha 10, Coluna 16]: mismatched input '<' expecting ';'
2026-04-13 23:14:46,146 - ERROR - ERRO SINTÁTICO [Linha 10, Coluna 26]: missing '=' at 'z'
2026-04-13 23:14:46,146 - ERROR - ERRO SINTÁTICO [Linha 10, Coluna 28]: mismatched input '==' expecting ';'
2026-04-13 23:14:46,146 - INFO - Parsing concluído.
2026-04-13 23:15:03,256 - INFO - Token: <TIPO_INT, 'i', 1, 0>
2026-04-13 23:15:03,256 - INFO - Token: <ID, 'x', 1, 2>
2026-04-13 23:15:03,256 - INFO - Token: <ATRIBUICAO, '=', 1, 4>
2026-04-13 23:15:03,256 - INFO - Token: <NUMERO, '1', 1, 6>
2026-04-13 23:15:03,257 - INFO - Token: <SOMA, '+', 1, 8>
2026-04-13 23:15:03,257 - INFO - Token: <NUMERO, '2', 1, 10>
2026-04-13 23:15:03,257 - INFO - Token: <SOMA, '+', 1, 12>
2026-04-13 23:15:03,257 - INFO - Token: <NUMERO, '3', 1, 14>
2026-04-13 23:15:03,257 - INFO - Token: <PONTO_VIRGULA, ';', 1, 15>
2026-04-13 23:15:03,257 - INFO - Token: <TIPO_INT, 'i', 2, 0>
2026-04-13 23:15:03,257 - INFO - Token: <ID, 'y', 2, 2>
2026-04-13 23:15:03,257 - INFO - Token: <ATRIBUICAO, '=', 2, 4>
2026-04-13 23:15:03,257 - INFO - Token: <NUMERO, '2', 2, 6>
2026-04-13 23:15:03,257 - INFO - Token: <MULTIPLICACAO, '*', 2, 8>
2026-04-13 23:15:03,257 - INFO - Token: <NUMERO, '3', 2, 10>
2026-04-13 23:15:03,257 - INFO - Token: <PONTO_VIRGULA, ';', 2, 11>
2026-04-13 23:15:03,258 - INFO - Token: <TIPO_INT, 'i', 3, 0>
2026-04-13 23:15:03,258 - INFO - Token: <ID, 'z', 3, 2>
2026-04-13 23:15:03,258 - INFO - Token: <ATRIBUICAO, '=', 3, 4>
2026-04-13 23:15:03,258 - INFO - Token: <NUMERO, '10', 3, 6>
2026-04-13 23:15:03,258 - INFO - Token: <DIVISAO, '/', 3, 9>
2026-04-13 23:15:03,258 - INFO - Token: <NUMERO, '2', 3, 11>
2026-04-13 23:15:03,258 - INFO - Token: <PONTO_VIRGULA, ';', 3, 12>
2026-04-13 23:15:03,258 - INFO - Token: <TIPO_STR, 's', 4, 0>
2026-04-13 23:15:03,258 - INFO - Token: <ID, 'nome', 4, 2>
2026-04-13 23:15:03,258 - INFO - Token: <ATRIBUICAO, '=', 4, 7>
2026-04-13 23:15:03,259 - INFO - Token: <STRING, '"matheus"', 4, 9>
2026-04-13 23:15:03,259 - INFO - Token: <PONTO_VIRGULA, ';', 4, 18>
2026-04-13 23:15:03,259 - INFO - Token: <RD, 'rd', 6, 0>
2026-04-13 23:15:03,259 - INFO - Token: <ABRE_PARENTESES, '(', 6, 2>
2026-04-13 23:15:03,259 - INFO - Token: <ID, 'x', 6, 3>
2026-04-13 23:15:03,259 - INFO - Token: <FECHA_PARENTESES, ')', 6, 4>
2026-04-13 23:15:03,259 - INFO - Token: <PONTO_VIRGULA, ';', 6, 5>
2026-04-13 23:15:03,259 - INFO - Token: <PT, 'pt', 7, 0>
2026-04-13 23:15:03,259 - INFO - Token: <ABRE_PARENTESES, '(', 7, 2>
2026-04-13 23:15:03,260 - INFO - Token: <STRING, '"Olá"', 7, 3>
2026-04-13 23:15:03,260 - INFO - Token: <FECHA_PARENTESES, ')', 7, 8>
2026-04-13 23:15:03,260 - INFO - Token: <PONTO_VIRGULA, ';', 7, 9>
2026-04-13 23:15:03,260 - INFO - Token: <PT, 'pt', 8, 0>
2026-04-13 23:15:03,260 - INFO - Token: <ABRE_PARENTESES, '(', 8, 2>
2026-04-13 23:15:03,260 - INFO - Token: <ID, 'x', 8, 3>
2026-04-13 23:15:03,260 - INFO - Token: <SOMA, '+', 8, 5>
2026-04-13 23:15:03,260 - INFO - Token: <ID, 'y', 8, 7>
2026-04-13 23:15:03,260 - INFO - Token: <FECHA_PARENTESES, ')', 8, 8>
2026-04-13 23:15:03,260 - INFO - Token: <PONTO_VIRGULA, ';', 8, 9>
2026-04-13 23:15:03,260 - INFO - Token: <IF, 'if', 10, 0>
2026-04-13 23:15:03,260 - INFO - Token: <ID, 'x', 10, 3>
2026-04-13 23:15:03,260 - INFO - Token: <IGUAL, '==', 10, 5>
2026-04-13 23:15:03,260 - INFO - Token: <NUMERO, '6', 10, 8>
2026-04-13 23:15:03,260 - INFO - Token: <AND, 'and', 10, 10>
2026-04-13 23:15:03,260 - INFO - Token: <ID, 'y', 10, 14>
2026-04-13 23:15:03,260 - INFO - Token: <MENOR, '<', 10, 16>
2026-04-13 23:15:03,261 - INFO - Token: <NUMERO, '10', 10, 18>
2026-04-13 23:15:03,261 - INFO - Token: <OR, 'or', 10, 21>
2026-04-13 23:15:03,261 - INFO - Token: <NOT, '!', 10, 24>
2026-04-13 23:15:03,261 - INFO - Token: <ID, 'z', 10, 26>
2026-04-13 23:15:03,261 - INFO - Token: <IGUAL, '==', 10, 28>
2026-04-13 23:15:03,261 - INFO - Token: <NUMERO, '5', 10, 31>
2026-04-13 23:15:03,261 - INFO - Token: <ABRE_CHAVES, '{', 10, 33>
2026-04-13 23:15:03,261 - INFO - Token: <TIPO_INT, 'i', 11, 4>
2026-04-13 23:15:03,261 - INFO - Token: <ID, 'w', 11, 6>
2026-04-13 23:15:03,261 - INFO - Token: <ATRIBUICAO, '=', 11, 8>
2026-04-13 23:15:03,261 - INFO - Token: <NUMERO, '10', 11, 10>
2026-04-13 23:15:03,261 - INFO - Token: <PONTO_VIRGULA, ';', 11, 12>
2026-04-13 23:15:03,261 - INFO - Token: <FECHA_CHAVES, '}', 12, 0>
2026-04-13 23:15:03,262 - INFO - Token: <EL, 'el', 12, 2>
2026-04-13 23:15:03,262 - INFO - Token: <ABRE_CHAVES, '{', 12, 5>
2026-04-13 23:15:03,262 - INFO - Token: <TIPO_INT, 'i', 13, 4>
2026-04-13 23:15:03,262 - INFO - Token: <ID, 'w', 13, 6>
2026-04-13 23:15:03,262 - INFO - Token: <ATRIBUICAO, '=', 13, 8>
2026-04-13 23:15:03,262 - INFO - Token: <NUMERO, '20', 13, 10>
2026-04-13 23:15:03,262 - INFO - Token: <PONTO_VIRGULA, ';', 13, 12>
2026-04-13 23:15:03,262 - INFO - Token: <FECHA_CHAVES, '}', 14, 0>
2026-04-13 23:15:03,262 - INFO - Token: <EI, 'ei', 14, 2>
2026-04-13 23:15:03,262 - INFO - Token: <ID, 'x', 14, 5>
2026-04-13 23:15:03,262 - INFO - Token: <IGUAL, '==', 14, 7>
2026-04-13 23:15:03,262 - INFO - Token: <NUMERO, '7', 14, 10>
2026-04-13 23:15:03,262 - INFO - Token: <ABRE_CHAVES, '{', 14, 12>
2026-04-13 23:15:03,262 - INFO - Token: <TIPO_INT, 'i', 15, 4>
2026-04-13 23:15:03,263 - INFO - Token: <ID, 'w', 15, 6>
2026-04-13 23:15:03,263 - INFO - Token: <ATRIBUICAO, '=', 15, 8>
2026-04-13 23:15:03,263 - INFO - Token: <NUMERO, '30', 15, 10>
2026-04-13 23:15:03,263 - INFO - Token: <PONTO_VIRGULA, ';', 15, 12>
2026-04-13 23:15:03,263 - INFO - Token: <FECHA_CHAVES, '}', 16, 0>
2026-04-13 23:15:03,263 - INFO - Token: <WL, 'wl', 18, 0>
2026-04-13 23:15:03,263 - INFO - Token: <ID, 'x', 18, 3>
2026-04-13 23:15:03,263 - INFO - Token: <MENOR, '<', 18, 5>
2026-04-13 23:15:03,263 - INFO - Token: <NUMERO, '10', 18, 7>
2026-04-13 23:15:03,263 - INFO - Token: <DO, 'do', 18, 10>
2026-04-13 23:15:03,263 - INFO - Token: <ABRE_CHAVES, '{', 18, 13>
2026-04-13 23:15:03,263 - INFO - Token: <ID, 'x', 19, 4>
2026-04-13 23:15:03,263 - INFO - Token: <ATRIBUICAO, '=', 19, 6>
2026-04-13 23:15:03,263 - INFO - Token: <ID, 'x', 19, 8>
2026-04-13 23:15:03,263 - INFO - Token: <SOMA, '+', 19, 10>
2026-04-13 23:15:03,263 - INFO - Token: <NUMERO, '1', 19, 12>
2026-04-13 23:15:03,264 - INFO - Token: <PONTO_VIRGULA, ';', 19, 13>
2026-04-13 23:15:03,264 - INFO - Token: <PT, 'pt', 20, 4>
2026-04-13 23:15:03,264 - INFO - Token: <ABRE_PARENTESES, '(', 20, 6>
2026-04-13 23:15:03,264 - INFO - Token: <ID, 'x', 20, 7>
2026-04-13 23:15:03,264 - INFO - Token: <FECHA_PARENTESES, ')', 20, 8>
2026-04-13 23:15:03,264 - INFO - Token: <PONTO_VIRGULA, ';', 20, 9>
2026-04-13 23:15:03,264 - INFO - Token: <FECHA_CHAVES, '}', 21, 0>
2026-04-13 23:15:03,264 - INFO - Iniciando parsing...
2026-04-13 23:15:03,266 - INFO - Parsing concluído.
2026-04-13 23:15:44,633 - INFO - Token: <TIPO_INT, 'i', 1, 0>
2026-04-13 23:15:44,633 - INFO - Token: <ID, 'x', 1, 2>
2026-04-13 23:15:44,633 - INFO - Token: <ATRIBUICAO, '=', 1, 4>
2026-04-13 23:15:44,633 - INFO - Token: <NUMERO, '1', 1, 6>
2026-04-13 23:15:44,633 - INFO - Token: <SOMA, '+', 1, 8>
2026-04-13 23:15:44,633 - INFO - Token: <NUMERO, '2', 1, 10>
2026-04-13 23:15:44,633 - INFO - Token: <SOMA, '+', 1, 12>
2026-04-13 23:15:44,634 - INFO - Token: <NUMERO, '3', 1, 14>
2026-04-13 23:15:44,634 - INFO - Token: <PONTO_VIRGULA, ';', 1, 15>
2026-04-13 23:15:44,634 - INFO - Token: <TIPO_INT, 'i', 2, 0>
2026-04-13 23:15:44,634 - INFO - Token: <ID, 'y', 2, 2>
2026-04-13 23:15:44,634 - INFO - Token: <ATRIBUICAO, '=', 2, 4>
2026-04-13 23:15:44,634 - INFO - Token: <NUMERO, '2', 2, 6>
2026-04-13 23:15:44,634 - INFO - Token: <MULTIPLICACAO, '*', 2, 8>
2026-04-13 23:15:44,634 - INFO - Token: <NUMERO, '3', 2, 10>
2026-04-13 23:15:44,634 - INFO - Token: <PONTO_VIRGULA, ';', 2, 11>
2026-04-13 23:15:44,634 - INFO - Token: <TIPO_INT, 'i', 3, 0>
2026-04-13 23:15:44,634 - INFO - Token: <ID, 'z', 3, 2>
2026-04-13 23:15:44,634 - INFO - Token: <ATRIBUICAO, '=', 3, 4>
2026-04-13 23:15:44,634 - INFO - Token: <NUMERO, '10', 3, 6>
2026-04-13 23:15:44,634 - INFO - Token: <DIVISAO, '/', 3, 9>
2026-04-13 23:15:44,635 - INFO - Token: <NUMERO, '2', 3, 11>
2026-04-13 23:15:44,635 - INFO - Token: <PONTO_VIRGULA, ';', 3, 12>
2026-04-13 23:15:44,635 - INFO - Token: <TIPO_STR, 's', 4, 0>
2026-04-13 23:15:44,635 - INFO - Token: <ID, 'nome', 4, 2>
2026-04-13 23:15:44,635 - INFO - Token: <ATRIBUICAO, '=', 4, 7>
2026-04-13 23:15:44,635 - INFO - Token: <STRING, '"matheus"', 4, 9>
2026-04-13 23:15:44,635 - INFO - Token: <PONTO_VIRGULA, ';', 4, 18>
2026-04-13 23:15:44,635 - INFO - Token: <RD, 'rd', 6, 0>
2026-04-13 23:15:44,635 - INFO - Token: <ABRE_PARENTESES, '(', 6, 2>
2026-04-13 23:15:44,635 - INFO - Token: <ID, 'x', 6, 3>
2026-04-13 23:15:44,635 - INFO - Token: <FECHA_PARENTESES, ')', 6, 4>
2026-04-13 23:15:44,635 - INFO - Token: <PONTO_VIRGULA, ';', 6, 5>
2026-04-13 23:15:44,635 - INFO - Token: <PT, 'pt', 7, 0>
2026-04-13 23:15:44,635 - INFO - Token: <ABRE_PARENTESES, '(', 7, 2>
2026-04-13 23:15:44,636 - INFO - Token: <STRING, '"Olá"', 7, 3>
2026-04-13 23:15:44,636 - INFO - Token: <FECHA_PARENTESES, ')', 7, 8>
2026-04-13 23:15:44,636 - INFO - Token: <PONTO_VIRGULA, ';', 7, 9>
2026-04-13 23:15:44,636 - INFO - Token: <PT, 'pt', 8, 0>
2026-04-13 23:15:44,636 - INFO - Token: <ABRE_PARENTESES, '(', 8, 2>
2026-04-13 23:15:44,636 - INFO - Token: <ID, 'x', 8, 3>
2026-04-13 23:15:44,636 - INFO - Token: <SOMA, '+', 8, 5>
2026-04-13 23:15:44,636 - INFO - Token: <ID, 'y', 8, 7>
2026-04-13 23:15:44,636 - INFO - Token: <FECHA_PARENTESES, ')', 8, 8>
2026-04-13 23:15:44,636 - INFO - Token: <PONTO_VIRGULA, ';', 8, 9>
2026-04-13 23:15:44,636 - INFO - Token: <IF, 'if', 10, 0>
2026-04-13 23:15:44,636 - INFO - Token: <ID, 'x', 10, 3>
2026-04-13 23:15:44,636 - INFO - Token: <IGUAL, '==', 10, 5>
2026-04-13 23:15:44,636 - INFO - Token: <NUMERO, '6', 10, 8>
2026-04-13 23:15:44,637 - INFO - Token: <AND, 'and', 10, 10>
2026-04-13 23:15:44,637 - INFO - Token: <ID, 'y', 10, 14>
2026-04-13 23:15:44,637 - INFO - Token: <MENOR, '<', 10, 16>
2026-04-13 23:15:44,637 - INFO - Token: <NUMERO, '10', 10, 18>
2026-04-13 23:15:44,637 - INFO - Token: <OR, 'or', 10, 21>
2026-04-13 23:15:44,637 - INFO - Token: <NOT, '!', 10, 24>
2026-04-13 23:15:44,637 - INFO - Token: <ID, 'z', 10, 26>
2026-04-13 23:15:44,637 - INFO - Token: <IGUAL, '==', 10, 28>
2026-04-13 23:15:44,637 - INFO - Token: <NUMERO, '5', 10, 31>
2026-04-13 23:15:44,637 - INFO - Token: <ABRE_CHAVES, '{', 10, 33>
2026-04-13 23:15:44,637 - INFO - Token: <TIPO_INT, 'i', 11, 4>
2026-04-13 23:15:44,637 - INFO - Token: <ID, 'w', 11, 6>
2026-04-13 23:15:44,637 - INFO - Token: <ATRIBUICAO, '=', 11, 8>
2026-04-13 23:15:44,637 - INFO - Token: <NUMERO, '10', 11, 10>
2026-04-13 23:15:44,638 - INFO - Token: <PONTO_VIRGULA, ';', 11, 12>
2026-04-13 23:15:44,638 - INFO - Token: <FECHA_CHAVES, '}', 12, 0>
2026-04-13 23:15:44,638 - INFO - Token: <EL, 'el', 12, 2>
2026-04-13 23:15:44,638 - INFO - Token: <ABRE_CHAVES, '{', 12, 5>
2026-04-13 23:15:44,638 - INFO - Token: <TIPO_INT, 'i', 13, 4>
2026-04-13 23:15:44,638 - INFO - Token: <ID, 'w', 13, 6>
2026-04-13 23:15:44,638 - INFO - Token: <ATRIBUICAO, '=', 13, 8>
2026-04-13 23:15:44,638 - INFO - Token: <NUMERO, '20', 13, 10>
2026-04-13 23:15:44,638 - INFO - Token: <PONTO_VIRGULA, ';', 13, 12>
2026-04-13 23:15:44,638 - INFO - Token: <FECHA_CHAVES, '}', 14, 0>
2026-04-13 23:15:44,638 - INFO - Token: <EI, 'ei', 14, 2>
2026-04-13 23:15:44,638 - INFO - Token: <ID, 'x', 14, 5>
2026-04-13 23:15:44,638 - INFO - Token: <IGUAL, '==', 14, 7>
2026-04-13 23:15:44,638 - INFO - Token: <NUMERO, '7', 14, 10>
2026-04-13 23:15:44,638 - INFO - Token: <ABRE_CHAVES, '{', 14, 12>
2026-04-13 23:15:44,638 - INFO - Token: <TIPO_INT, 'i', 15, 4>
2026-04-13 23:15:44,639 - INFO - Token: <ID, 'w', 15, 6>
2026-04-13 23:15:44,639 - INFO - Token: <ATRIBUICAO, '=', 15, 8>
2026-04-13 23:15:44,639 - INFO - Token: <NUMERO, '30', 15, 10>
2026-04-13 23:15:44,639 - INFO - Token: <PONTO_VIRGULA, ';', 15, 12>
2026-04-13 23:15:44,639 - INFO - Token: <FECHA_CHAVES, '}', 16, 0>
2026-04-13 23:15:44,639 - INFO - Token: <WL, 'wl', 18, 0>
2026-04-13 23:15:44,639 - INFO - Token: <ID, 'x', 18, 3>
2026-04-13 23:15:44,639 - INFO - Token: <MENOR, '<', 18, 5>
2026-04-13 23:15:44,639 - INFO - Token: <NUMERO, '10', 18, 7>
2026-04-13 23:15:44,639 - INFO - Token: <DO, 'do', 18, 10>
2026-04-13 23:15:44,639 - INFO - Token: <ABRE_CHAVES, '{', 18, 13>
2026-04-13 23:15:44,639 - INFO - Token: <ID, 'x', 19, 4>
2026-04-13 23:15:44,639 - INFO - Token: <ATRIBUICAO, '=', 19, 6>
2026-04-13 23:15:44,640 - INFO - Token: <ID, 'x', 19, 8>
2026-04-13 23:15:44,640 - INFO - Token: <SOMA, '+', 19, 10>
2026-04-13 23:15:44,640 - INFO - Token: <NUMERO, '1', 19, 12>
2026-04-13 23:15:44,640 - INFO - Token: <PONTO_VIRGULA, ';', 19, 13>
2026-04-13 23:15:44,640 - INFO - Token: <PT, 'pt', 20, 4>
2026-04-13 23:15:44,640 - INFO - Token: <ABRE_PARENTESES, '(', 20, 6>
2026-04-13 23:15:44,640 - INFO - Token: <ID, 'x', 20, 7>
2026-04-13 23:15:44,640 - INFO - Token: <FECHA_PARENTESES, ')', 20, 8>
2026-04-13 23:15:44,640 - INFO - Token: <PONTO_VIRGULA, ';', 20, 9>
2026-04-13 23:15:44,640 - INFO - Token: <FECHA_CHAVES, '}', 21, 0>
2026-04-13 23:15:44,640 - INFO - Iniciando parsing...
2026-04-13 23:15:44,642 - INFO - Parsing concluído.
2026-04-13 23:22:58,904 - INFO - Token: <TIPO_INT, 'i', 1, 0>
2026-04-13 23:22:58,904 - INFO - Token: <ID, 'x', 1, 2>
2026-04-13 23:22:58,904 - INFO - Token: <ATRIBUICAO, '=', 1, 4>
2026-04-13 23:22:58,904 - INFO - Token: <NUMERO, '1', 1, 6>
2026-04-13 23:22:58,904 - INFO - Token: <SOMA, '+', 1, 8>
2026-04-13 23:22:58,904 - INFO - Token: <NUMERO, '2', 1, 10>
2026-04-13 23:22:58,904 - INFO - Token: <SOMA, '+', 1, 12>
2026-04-13 23:22:58,904 - INFO - Token: <NUMERO, '3', 1, 14>
2026-04-13 23:22:58,904 - INFO - Token: <PONTO_VIRGULA, ';', 1, 15>
2026-04-13 23:22:58,904 - INFO - Token: <TIPO_INT, 'i', 2, 0>
2026-04-13 23:22:58,904 - INFO - Token: <ID, 'y', 2, 2>
2026-04-13 23:22:58,905 - INFO - Token: <ATRIBUICAO, '=', 2, 4>
2026-04-13 23:22:58,905 - INFO - Token: <NUMERO, '2', 2, 6>
2026-04-13 23:22:58,905 - INFO - Token: <MULTIPLICACAO, '*', 2, 8>
2026-04-13 23:22:58,905 - INFO - Token: <NUMERO, '3', 2, 10>
2026-04-13 23:22:58,905 - INFO - Token: <PONTO_VIRGULA, ';', 2, 11>
2026-04-13 23:22:58,905 - INFO - Token: <TIPO_INT, 'i', 3, 0>
2026-04-13 23:22:58,905 - INFO - Token: <ID, 'z', 3, 2>
2026-04-13 23:22:58,905 - INFO - Token: <ATRIBUICAO, '=', 3, 4>
2026-04-13 23:22:58,905 - INFO - Token: <NUMERO, '10', 3, 6>
2026-04-13 23:22:58,905 - INFO - Token: <DIVISAO, '/', 3, 9>
2026-04-13 23:22:58,905 - INFO - Token: <NUMERO, '2', 3, 11>
2026-04-13 23:22:58,905 - INFO - Token: <PONTO_VIRGULA, ';', 3, 12>
2026-04-13 23:22:58,905 - INFO - Token: <TIPO_STR, 's', 4, 0>
2026-04-13 23:22:58,905 - INFO - Token: <ID, 'nome', 4, 2>
2026-04-13 23:22:58,905 - INFO - Token: <ATRIBUICAO, '=', 4, 7>
2026-04-13 23:22:58,905 - INFO - Token: <STRING, '"matheus"', 4, 9>
2026-04-13 23:22:58,905 - INFO - Token: <PONTO_VIRGULA, ';', 4, 18>
2026-04-13 23:22:58,905 - INFO - Token: <RD, 'rd', 6, 0>
2026-04-13 23:22:58,905 - INFO - Token: <ABRE_PARENTESES, '(', 6, 2>
2026-04-13 23:22:58,906 - INFO - Token: <ID, 'x', 6, 3>
2026-04-13 23:22:58,906 - INFO - Token: <FECHA_PARENTESES, ')', 6, 4>
2026-04-13 23:22:58,906 - INFO - Token: <PONTO_VIRGULA, ';', 6, 5>
2026-04-13 23:22:58,906 - INFO - Token: <PT, 'pt', 7, 0>
2026-04-13 23:22:58,906 - INFO - Token: <ABRE_PARENTESES, '(', 7, 2>
2026-04-13 23:22:58,906 - INFO - Token: <STRING, '"Olá"', 7, 3>
2026-04-13 23:22:58,906 - INFO - Token: <FECHA_PARENTESES, ')', 7, 8>
2026-04-13 23:22:58,906 - INFO - Token: <PONTO_VIRGULA, ';', 7, 9>
2026-04-13 23:22:58,906 - INFO - Token: <PT, 'pt', 8, 0>
2026-04-13 23:22:58,906 - INFO - Token: <ABRE_PARENTESES, '(', 8, 2>
2026-04-13 23:22:58,906 - INFO - Token: <ID, 'x', 8, 3>
2026-04-13 23:22:58,906 - INFO - Token: <SOMA, '+', 8, 5>
2026-04-13 23:22:58,906 - INFO - Token: <ID, 'y', 8, 7>
2026-04-13 23:22:58,906 - INFO - Token: <FECHA_PARENTESES, ')', 8, 8>
2026-04-13 23:22:58,906 - INFO - Token: <PONTO_VIRGULA, ';', 8, 9>
2026-04-13 23:22:58,907 - INFO - Token: <IF, 'if', 10, 0>
2026-04-13 23:22:58,907 - INFO - Token: <ID, 'x', 10, 3>
2026-04-13 23:22:58,907 - INFO - Token: <IGUAL, '==', 10, 5>
2026-04-13 23:22:58,907 - INFO - Token: <NUMERO, '6', 10, 8>
2026-04-13 23:22:58,907 - INFO - Token: <AND, 'and', 10, 10>
2026-04-13 23:22:58,907 - INFO - Token: <ID, 'y', 10, 14>
2026-04-13 23:22:58,907 - INFO - Token: <MENOR, '<', 10, 16>
2026-04-13 23:22:58,907 - INFO - Token: <NUMERO, '10', 10, 18>
2026-04-13 23:22:58,907 - INFO - Token: <OR, 'or', 10, 21>
2026-04-13 23:22:58,907 - INFO - Token: <NOT, '!', 10, 24>
2026-04-13 23:22:58,907 - INFO - Token: <ID, 'z', 10, 26>
2026-04-13 23:22:58,907 - INFO - Token: <IGUAL, '==', 10, 28>
2026-04-13 23:22:58,907 - INFO - Token: <NUMERO, '5', 10, 31>
2026-04-13 23:22:58,907 - INFO - Token: <ABRE_CHAVES, '{', 10, 33>
2026-04-13 23:22:58,907 - INFO - Token: <TIPO_INT, 'i', 11, 4>
2026-04-13 23:22:58,907 - INFO - Token: <ID, 'w', 11, 6>
2026-04-13 23:22:58,907 - INFO - Token: <ATRIBUICAO, '=', 11, 8>
2026-04-13 23:22:58,908 - INFO - Token: <NUMERO, '10', 11, 10>
2026-04-13 23:22:58,908 - INFO - Token: <PONTO_VIRGULA, ';', 11, 12>
2026-04-13 23:22:58,908 - INFO - Token: <FECHA_CHAVES, '}', 12, 0>
2026-04-13 23:22:58,908 - INFO - Token: <EL, 'el', 12, 2>
2026-04-13 23:22:58,908 - INFO - Token: <ABRE_CHAVES, '{', 12, 5>
2026-04-13 23:22:58,908 - INFO - Token: <TIPO_INT, 'i', 13, 4>
2026-04-13 23:22:58,908 - INFO - Token: <ID, 'w', 13, 6>
2026-04-13 23:22:58,908 - INFO - Token: <ATRIBUICAO, '=', 13, 8>
2026-04-13 23:22:58,908 - INFO - Token: <NUMERO, '20', 13, 10>
2026-04-13 23:22:58,908 - INFO - Token: <PONTO_VIRGULA, ';', 13, 12>
2026-04-13 23:22:58,908 - INFO - Token: <FECHA_CHAVES, '}', 14, 0>
2026-04-13 23:22:58,908 - INFO - Token: <EI, 'ei', 14, 2>
2026-04-13 23:22:58,908 - INFO - Token: <ID, 'x', 14, 5>
2026-04-13 23:22:58,908 - INFO - Token: <IGUAL, '==', 14, 7>
2026-04-13 23:22:58,908 - INFO - Token: <NUMERO, '7', 14, 10>
2026-04-13 23:22:58,908 - INFO - Token: <ABRE_CHAVES, '{', 14, 12>
2026-04-13 23:22:58,908 - INFO - Token: <TIPO_INT, 'i', 15, 4>
2026-04-13 23:22:58,908 - INFO - Token: <ID, 'w', 15, 6>
2026-04-13 23:22:58,909 - INFO - Token: <ATRIBUICAO, '=', 15, 8>
2026-04-13 23:22:58,909 - INFO - Token: <NUMERO, '30', 15, 10>
2026-04-13 23:22:58,909 - INFO - Token: <PONTO_VIRGULA, ';', 15, 12>
2026-04-13 23:22:58,909 - INFO - Token: <FECHA_CHAVES, '}', 16, 0>
2026-04-13 23:22:58,909 - INFO - Token: <WL, 'wl', 18, 0>
2026-04-13 23:22:58,909 - INFO - Token: <ID, 'x', 18, 3>
2026-04-13 23:22:58,909 - INFO - Token: <MENOR, '<', 18, 5>
2026-04-13 23:22:58,909 - INFO - Token: <NUMERO, '10', 18, 7>
2026-04-13 23:22:58,909 - INFO - Token: <DO, 'do', 18, 10>
2026-04-13 23:22:58,909 - INFO - Token: <ABRE_CHAVES, '{', 18, 13>
2026-04-13 23:22:58,909 - INFO - Token: <ID, 'x', 19, 4>
2026-04-13 23:22:58,909 - INFO - Token: <ATRIBUICAO, '=', 19, 6>
2026-04-13 23:22:58,909 - INFO - Token: <ID, 'x', 19, 8>
2026-04-13 23:22:58,910 - INFO - Token: <SOMA, '+', 19, 10>
2026-04-13 23:22:58,910 - INFO - Token: <NUMERO, '1', 19, 12>
2026-04-13 23:22:58,910 - INFO - Token: <PONTO_VIRGULA, ';', 19, 13>
2026-04-13 23:22:58,910 - INFO - Token: <PT, 'pt', 20, 4>
2026-04-13 23:22:58,910 - INFO - Token: <ABRE_PARENTESES, '(', 20, 6>
2026-04-13 23:22:58,910 - INFO - Token: <ID, 'x', 20, 7>
2026-04-13 23:22:58,910 - INFO - Token: <FECHA_PARENTESES, ')', 20, 8>
2026-04-13 23:22:58,910 - INFO - Token: <PONTO_VIRGULA, ';', 20, 9>
2026-04-13 23:22:58,910 - INFO - Token: <FECHA_CHAVES, '}', 21, 0>
2026-04-13 23:22:58,910 - INFO - Iniciando parsing...
2026-04-13 23:22:58,912 - INFO - Parsing concluído.
2026-04-13 23:39:17,702 - INFO - Token: <TIPO_INT, 'i', 1, 0>
2026-04-13 23:39:17,702 - INFO - Token: <ID, 'x', 1, 2>
2026-04-13 23:39:17,702 - INFO - Token: <ATRIBUICAO, '=', 1, 4>
2026-04-13 23:39:17,702 - INFO - Token: <NUMERO, '1', 1, 6>
2026-04-13 23:39:17,702 - INFO - Token: <SOMA, '+', 1, 8>
2026-04-13 23:39:17,702 - INFO - Token: <NUMERO, '2', 1, 10>
2026-04-13 23:39:17,702 - INFO - Token: <SOMA, '+', 1, 12>
2026-04-13 23:39:17,702 - INFO - Token: <NUMERO, '3', 1, 14>
2026-04-13 23:39:17,702 - INFO - Token: <PONTO_VIRGULA, ';', 1, 15>
2026-04-13 23:39:17,702 - INFO - Token: <TIPO_INT, 'i', 2, 0>
2026-04-13 23:39:17,702 - INFO - Token: <ID, 'y', 2, 2>
2026-04-13 23:39:17,702 - INFO - Token: <ATRIBUICAO, '=', 2, 4>
2026-04-13 23:39:17,702 - INFO - Token: <NUMERO, '2', 2, 6>
2026-04-13 23:39:17,702 - INFO - Token: <MULTIPLICACAO, '*', 2, 8>
2026-04-13 23:39:17,702 - INFO - Token: <NUMERO, '3', 2, 10>
2026-04-13 23:39:17,702 - INFO - Token: <PONTO_VIRGULA, ';', 2, 11>
2026-04-13 23:39:17,702 - INFO - Token: <TIPO_INT, 'i', 3, 0>
2026-04-13 23:39:17,703 - INFO - Token: <ID, 'z', 3, 2>
2026-04-13 23:39:17,703 - INFO - Token: <ATRIBUICAO, '=', 3, 4>
2026-04-13 23:39:17,703 - INFO - Token: <NUMERO, '10', 3, 6>
2026-04-13 23:39:17,703 - INFO - Token: <DIVISAO, '/', 3, 9>
2026-04-13 23:39:17,703 - INFO - Token: <NUMERO, '2', 3, 11>
2026-04-13 23:39:17,703 - INFO - Token: <PONTO_VIRGULA, ';', 3, 12>
2026-04-13 23:39:17,703 - INFO - Token: <TIPO_STR, 's', 4, 0>
2026-04-13 23:39:17,703 - INFO - Token: <ID, 'nome', 4, 2>
2026-04-13 23:39:17,703 - INFO - Token: <ATRIBUICAO, '=', 4, 7>
2026-04-13 23:39:17,703 - INFO - Token: <STRING, '"matheus"', 4, 9>
2026-04-13 23:39:17,703 - INFO - Token: <PONTO_VIRGULA, ';', 4, 18>
2026-04-13 23:39:17,704 - INFO - Token: <RD, 'rd', 6, 0>
2026-04-13 23:39:17,704 - INFO - Token: <ABRE_PARENTESES, '(', 6, 2>
2026-04-13 23:39:17,704 - INFO - Token: <ID, 'x', 6, 3>
2026-04-13 23:39:17,704 - INFO - Token: <FECHA_PARENTESES, ')', 6, 4>
2026-04-13 23:39:17,704 - INFO - Token: <PONTO_VIRGULA, ';', 6, 5>
2026-04-13 23:39:17,704 - INFO - Token: <PT, 'pt', 7, 0>
2026-04-13 23:39:17,704 - INFO - Token: <ABRE_PARENTESES, '(', 7, 2>
2026-04-13 23:39:17,704 - INFO - Token: <STRING, '"Olá"', 7, 3>
2026-04-13 23:39:17,704 - INFO - Token: <FECHA_PARENTESES, ')', 7, 8>
2026-04-13 23:39:17,704 - INFO - Token: <PONTO_VIRGULA, ';', 7, 9>
2026-04-13 23:39:17,704 - INFO - Token: <PT, 'pt', 8, 0>
2026-04-13 23:39:17,704 - INFO - Token: <ABRE_PARENTESES, '(', 8, 2>
2026-04-13 23:39:17,704 - INFO - Token: <ID, 'x', 8, 3>
2026-04-13 23:39:17,704 - INFO - Token: <SOMA, '+', 8, 5>
2026-04-13 23:39:17,704 - INFO - Token: <ID, 'y', 8, 7>
2026-04-13 23:39:17,704 - INFO - Token: <FECHA_PARENTESES, ')', 8, 8>
2026-04-13 23:39:17,705 - INFO - Token: <PONTO_VIRGULA, ';', 8, 9>
2026-04-13 23:39:17,705 - INFO - Token: <IF, 'if', 10, 0>
2026-04-13 23:39:17,705 - INFO - Token: <ID, 'x', 10, 3>
2026-04-13 23:39:17,705 - INFO - Token: <IGUAL, '==', 10, 5>
2026-04-13 23:39:17,705 - INFO - Token: <NUMERO, '6', 10, 8>
2026-04-13 23:39:17,705 - INFO - Token: <AND, 'and', 10, 10>
2026-04-13 23:39:17,705 - INFO - Token: <ID, 'y', 10, 14>
2026-04-13 23:39:17,705 - INFO - Token: <MENOR, '<', 10, 16>
2026-04-13 23:39:17,705 - INFO - Token: <NUMERO, '10', 10, 18>
2026-04-13 23:39:17,705 - INFO - Token: <OR, 'or', 10, 21>
2026-04-13 23:39:17,705 - INFO - Token: <NOT, '!', 10, 24>
2026-04-13 23:39:17,706 - INFO - Token: <ID, 'z', 10, 26>
2026-04-13 23:39:17,706 - INFO - Token: <IGUAL, '==', 10, 28>
2026-04-13 23:39:17,706 - INFO - Token: <NUMERO, '5', 10, 31>
2026-04-13 23:39:17,706 - INFO - Token: <ABRE_CHAVES, '{', 10, 33>
2026-04-13 23:39:17,706 - INFO - Token: <TIPO_INT, 'i', 11, 4>
2026-04-13 23:39:17,706 - INFO - Token: <ID, 'w', 11, 6>
2026-04-13 23:39:17,706 - INFO - Token: <ATRIBUICAO, '=', 11, 8>
2026-04-13 23:39:17,706 - INFO - Token: <NUMERO, '10', 11, 10>
2026-04-13 23:39:17,706 - INFO - Token: <PONTO_VIRGULA, ';', 11, 12>
2026-04-13 23:39:17,706 - INFO - Token: <FECHA_CHAVES, '}', 12, 0>
2026-04-13 23:39:17,706 - INFO - Token: <EL, 'el', 12, 2>
2026-04-13 23:39:17,706 - INFO - Token: <ABRE_CHAVES, '{', 12, 5>
2026-04-13 23:39:17,706 - INFO - Token: <TIPO_INT, 'i', 13, 4>
2026-04-13 23:39:17,706 - INFO - Token: <ID, 'w', 13, 6>
2026-04-13 23:39:17,706 - INFO - Token: <ATRIBUICAO, '=', 13, 8>
2026-04-13 23:39:17,707 - INFO - Token: <NUMERO, '20', 13, 10>
2026-04-13 23:39:17,707 - INFO - Token: <PONTO_VIRGULA, ';', 13, 12>
2026-04-13 23:39:17,707 - INFO - Token: <FECHA_CHAVES, '}', 14, 0>
2026-04-13 23:39:17,707 - INFO - Token: <EI, 'ei', 14, 2>
2026-04-13 23:39:17,707 - INFO - Token: <ID, 'x', 14, 5>
2026-04-13 23:39:17,707 - INFO - Token: <IGUAL, '==', 14, 7>
2026-04-13 23:39:17,707 - INFO - Token: <NUMERO, '7', 14, 10>
2026-04-13 23:39:17,707 - INFO - Token: <ABRE_CHAVES, '{', 14, 12>
2026-04-13 23:39:17,707 - INFO - Token: <TIPO_INT, 'i', 15, 4>
2026-04-13 23:39:17,707 - INFO - Token: <ID, 'w', 15, 6>
2026-04-13 23:39:17,707 - INFO - Token: <ATRIBUICAO, '=', 15, 8>
2026-04-13 23:39:17,707 - INFO - Token: <NUMERO, '30', 15, 10>
2026-04-13 23:39:17,707 - INFO - Token: <PONTO_VIRGULA, ';', 15, 12>
2026-04-13 23:39:17,707 - INFO - Token: <FECHA_CHAVES, '}', 16, 0>
2026-04-13 23:39:17,708 - INFO - Token: <WL, 'wl', 18, 0>
2026-04-13 23:39:17,708 - INFO - Token: <ID, 'x', 18, 3>
2026-04-13 23:39:17,708 - INFO - Token: <MENOR, '<', 18, 5>
2026-04-13 23:39:17,708 - INFO - Token: <NUMERO, '10', 18, 7>
2026-04-13 23:39:17,708 - INFO - Token: <DO, 'do', 18, 10>
2026-04-13 23:39:17,708 - INFO - Token: <ABRE_CHAVES, '{', 18, 13>
2026-04-13 23:39:17,708 - INFO - Token: <ID, 'x', 19, 4>
2026-04-13 23:39:17,708 - INFO - Token: <ATRIBUICAO, '=', 19, 6>
2026-04-13 23:39:17,708 - INFO - Token: <ID, 'x', 19, 8>
2026-04-13 23:39:17,709 - INFO - Token: <SOMA, '+', 19, 10>
2026-04-13 23:39:17,709 - INFO - Token: <NUMERO, '1', 19, 12>
2026-04-13 23:39:17,709 - INFO - Token: <PONTO_VIRGULA, ';', 19, 13>
2026-04-13 23:39:17,709 - INFO - Token: <PT, 'pt', 20, 4>
2026-04-13 23:39:17,709 - INFO - Token: <ABRE_PARENTESES, '(', 20, 6>
2026-04-13 23:39:17,709 - INFO - Token: <ID, 'x', 20, 7>
2026-04-13 23:39:17,709 - INFO - Token: <FECHA_PARENTESES, ')', 20, 8>
2026-04-13 23:39:17,709 - INFO - Token: <PONTO_VIRGULA, ';', 20, 9>
2026-04-13 23:39:17,709 - INFO - Token: <FECHA_CHAVES, '}', 21, 0>
2026-04-13 23:39:17,709 - INFO - Iniciando parsing...
2026-04-13 23:39:17,712 - INFO - Parsing concluído.
2026-04-14 00:50:35,294 - INFO - Token: <TIPO_INT, 'i', 1, 0>
2026-04-14 00:50:35,294 - INFO - Token: <ID, 'x', 1, 2>
2026-04-14 00:50:35,294 - INFO - Token: <ATRIBUICAO, '=', 1, 4>
2026-04-14 00:50:35,294 - INFO - Token: <NUMERO, '1', 1, 6>
2026-04-14 00:50:35,294 - INFO - Token: <SOMA, '+', 1, 8>
2026-04-14 00:50:35,294 - INFO - Token: <NUMERO, '2', 1, 10>
2026-04-14 00:50:35,294 - INFO - Token: <SOMA, '+', 1, 12>
2026-04-14 00:50:35,295 - INFO - Token: <NUMERO, '3', 1, 14>
2026-04-14 00:50:35,295 - INFO - Token: <PONTO_VIRGULA, ';', 1, 15>
2026-04-14 00:50:35,295 - INFO - Token: <TIPO_INT, 'i', 2, 0>
2026-04-14 00:50:35,295 - INFO - Token: <ID, 'y', 2, 2>
2026-04-14 00:50:35,295 - INFO - Token: <ATRIBUICAO, '=', 2, 4>
2026-04-14 00:50:35,295 - INFO - Token: <NUMERO, '2', 2, 6>
2026-04-14 00:50:35,295 - INFO - Token: <MULTIPLICACAO, '*', 2, 8>
2026-04-14 00:50:35,295 - INFO - Token: <NUMERO, '3', 2, 10>
2026-04-14 00:50:35,295 - INFO - Token: <PONTO_VIRGULA, ';', 2, 11>
2026-04-14 00:50:35,296 - INFO - Token: <TIPO_INT, 'i', 3, 0>
2026-04-14 00:50:35,296 - INFO - Token: <ID, 'z', 3, 2>
2026-04-14 00:50:35,296 - INFO - Token: <ATRIBUICAO, '=', 3, 4>
2026-04-14 00:50:35,296 - INFO - Token: <NUMERO, '10', 3, 6>
2026-04-14 00:50:35,296 - INFO - Token: <DIVISAO, '/', 3, 9>
2026-04-14 00:50:35,296 - INFO - Token: <NUMERO, '2', 3, 11>
2026-04-14 00:50:35,296 - INFO - Token: <PONTO_VIRGULA, ';', 3, 12>
2026-04-14 00:50:35,296 - INFO - Token: <TIPO_STR, 's', 4, 0>
2026-04-14 00:50:35,296 - INFO - Token: <ID, 'nome', 4, 2>
2026-04-14 00:50:35,296 - INFO - Token: <ATRIBUICAO, '=', 4, 7>
2026-04-14 00:50:35,296 - INFO - Token: <STRING, '"matheus"', 4, 9>
2026-04-14 00:50:35,297 - INFO - Token: <PONTO_VIRGULA, ';', 4, 18>
2026-04-14 00:50:35,297 - INFO - Token: <RD, 'rd', 6, 0>
2026-04-14 00:50:35,297 - INFO - Token: <ABRE_PARENTESES, '(', 6, 2>
2026-04-14 00:50:35,297 - INFO - Token: <ID, 'x', 6, 3>
2026-04-14 00:50:35,297 - INFO - Token: <FECHA_PARENTESES, ')', 6, 4>
2026-04-14 00:50:35,297 - INFO - Token: <PONTO_VIRGULA, ';', 6, 5>
2026-04-14 00:50:35,297 - INFO - Token: <PT, 'pt', 7, 0>
2026-04-14 00:50:35,297 - INFO - Token: <ABRE_PARENTESES, '(', 7, 2>
2026-04-14 00:50:35,297 - INFO - Token: <STRING, '"Olá"', 7, 3>
2026-04-14 00:50:35,297 - INFO - Token: <FECHA_PARENTESES, ')', 7, 8>
2026-04-14 00:50:35,298 - INFO - Token: <PONTO_VIRGULA, ';', 7, 9>
2026-04-14 00:50:35,298 - INFO - Token: <PT, 'pt', 8, 0>
2026-04-14 00:50:35,298 - INFO - Token: <ABRE_PARENTESES, '(', 8, 2>
2026-04-14 00:50:35,298 - INFO - Token: <ID, 'x', 8, 3>
2026-04-14 00:50:35,298 - INFO - Token: <SOMA, '+', 8, 5>
2026-04-14 00:50:35,298 - INFO - Token: <ID, 'y', 8, 7>
2026-04-14 00:50:35,298 - INFO - Token: <FECHA_PARENTESES, ')', 8, 8>
2026-04-14 00:50:35,298 - INFO - Token: <PONTO_VIRGULA, ';', 8, 9>
2026-04-14 00:50:35,298 - INFO - Token: <IF, 'if', 10, 0>
2026-04-14 00:50:35,298 - INFO - Token: <ID, 'x', 10, 3>
2026-04-14 00:50:35,298 - INFO - Token: <IGUAL, '==', 10, 5>
2026-04-14 00:50:35,298 - INFO - Token: <NUMERO, '6', 10, 8>
2026-04-14 00:50:35,298 - INFO - Token: <AND, 'and', 10, 10>
2026-04-14 00:50:35,298 - INFO - Token: <ID, 'y', 10, 14>
2026-04-14 00:50:35,299 - INFO - Token: <MENOR, '<', 10, 16>
2026-04-14 00:50:35,299 - INFO - Token: <NUMERO, '10', 10, 18>
2026-04-14 00:50:35,299 - INFO - Token: <OR, 'or', 10, 21>
2026-04-14 00:50:35,299 - INFO - Token: <NOT, '!', 10, 24>
2026-04-14 00:50:35,299 - INFO - Token: <ID, 'z', 10, 26>
2026-04-14 00:50:35,299 - INFO - Token: <IGUAL, '==', 10, 28>
2026-04-14 00:50:35,299 - INFO - Token: <NUMERO, '5', 10, 31>
2026-04-14 00:50:35,299 - INFO - Token: <ABRE_CHAVES, '{', 10, 33>
2026-04-14 00:50:35,299 - INFO - Token: <TIPO_INT, 'i', 11, 4>
2026-04-14 00:50:35,299 - INFO - Token: <ID, 'w', 11, 6>
2026-04-14 00:50:35,299 - INFO - Token: <ATRIBUICAO, '=', 11, 8>
2026-04-14 00:50:35,300 - INFO - Token: <NUMERO, '10', 11, 10>
2026-04-14 00:50:35,300 - INFO - Token: <PONTO_VIRGULA, ';', 11, 12>
2026-04-14 00:50:35,300 - INFO - Token: <FECHA_CHAVES, '}', 12, 0>
2026-04-14 00:50:35,300 - INFO - Token: <EL, 'el', 12, 2>
2026-04-14 00:50:35,300 - INFO - Token: <ABRE_CHAVES, '{', 12, 5>
2026-04-14 00:50:35,300 - INFO - Token: <TIPO_INT, 'i', 13, 4>
2026-04-14 00:50:35,300 - INFO - Token: <ID, 'w', 13, 6>
2026-04-14 00:50:35,301 - INFO - Token: <ATRIBUICAO, '=', 13, 8>
2026-04-14 00:50:35,301 - INFO - Token: <NUMERO, '20', 13, 10>
2026-04-14 00:50:35,301 - INFO - Token: <PONTO_VIRGULA, ';', 13, 12>
2026-04-14 00:50:35,301 - INFO - Token: <FECHA_CHAVES, '}', 14, 0>
2026-04-14 00:50:35,301 - INFO - Token: <EI, 'ei', 14, 2>
2026-04-14 00:50:35,301 - INFO - Token: <ID, 'x', 14, 5>
2026-04-14 00:50:35,301 - INFO - Token: <IGUAL, '==', 14, 7>
2026-04-14 00:50:35,301 - INFO - Token: <NUMERO, '7', 14, 10>
2026-04-14 00:50:35,301 - INFO - Token: <ABRE_CHAVES, '{', 14, 12>
2026-04-14 00:50:35,302 - INFO - Token: <TIPO_INT, 'i', 15, 4>
2026-04-14 00:50:35,302 - INFO - Token: <ID, 'w', 15, 6>
2026-04-14 00:50:35,302 - INFO - Token: <ATRIBUICAO, '=', 15, 8>
2026-04-14 00:50:35,302 - INFO - Token: <NUMERO, '30', 15, 10>
2026-04-14 00:50:35,302 - INFO - Token: <PONTO_VIRGULA, ';', 15, 12>
2026-04-14 00:50:35,302 - INFO - Token: <FECHA_CHAVES, '}', 16, 0>
2026-04-14 00:50:35,302 - INFO - Token: <WL, 'wl', 18, 0>
2026-04-14 00:50:35,302 - INFO - Token: <ID, 'x', 18, 3>
2026-04-14 00:50:35,302 - INFO - Token: <MENOR, '<', 18, 5>
2026-04-14 00:50:35,302 - INFO - Token: <NUMERO, '10', 18, 7>
2026-04-14 00:50:35,303 - INFO - Token: <DO, 'do', 18, 10>
2026-04-14 00:50:35,303 - INFO - Token: <ABRE_CHAVES, '{', 18, 13>
2026-04-14 00:50:35,303 - INFO - Token: <ID, 'x', 19, 4>
2026-04-14 00:50:35,303 - INFO - Token: <ATRIBUICAO, '=', 19, 6>
2026-04-14 00:50:35,303 - INFO - Token: <ID, 'x', 19, 8>
2026-04-14 00:50:35,303 - INFO - Token: <SOMA, '+', 19, 10>
2026-04-14 00:50:35,303 - INFO - Token: <NUMERO, '1', 19, 12>
2026-04-14 00:50:35,303 - INFO - Token: <PONTO_VIRGULA, ';', 19, 13>
2026-04-14 00:50:35,303 - INFO - Token: <PT, 'pt', 20, 4>
2026-04-14 00:50:35,304 - INFO - Token: <ABRE_PARENTESES, '(', 20, 6>
2026-04-14 00:50:35,304 - INFO - Token: <ID, 'x', 20, 7>
2026-04-14 00:50:35,304 - INFO - Token: <FECHA_PARENTESES, ')', 20, 8>
2026-04-14 00:50:35,304 - INFO - Token: <PONTO_VIRGULA, ';', 20, 9>
2026-04-14 00:50:35,304 - INFO - Token: <FECHA_CHAVES, '}', 21, 0>
2026-04-14 00:50:35,304 - INFO - Iniciando parsing...
2026-04-14 00:50:35,308 - INFO - Parsing concluído.
2026-04-14 01:28:33,504 - INFO - Token: <TIPO_INT, 'i', 1, 0>
2026-04-14 01:28:33,505 - INFO - Token: <ID, 'x', 1, 2>
2026-04-14 01:28:33,505 - INFO - Token: <ATRIBUICAO, '=', 1, 4>
2026-04-14 01:28:33,505 - INFO - Token: <NUMERO, '1', 1, 6>
2026-04-14 01:28:33,505 - INFO - Token: <SOMA, '+', 1, 8>
2026-04-14 01:28:33,505 - INFO - Token: <NUMERO, '2', 1, 10>
2026-04-14 01:28:33,505 - INFO - Token: <SOMA, '+', 1, 12>
2026-04-14 01:28:33,505 - INFO - Token: <NUMERO, '3', 1, 14>
2026-04-14 01:28:33,506 - INFO - Token: <PONTO_VIRGULA, ';', 1, 15>
2026-04-14 01:28:33,506 - INFO - Token: <TIPO_INT, 'i', 2, 0>
2026-04-14 01:28:33,506 - INFO - Token: <ID, 'y', 2, 2>
2026-04-14 01:28:33,506 - INFO - Token: <ATRIBUICAO, '=', 2, 4>
2026-04-14 01:28:33,506 - INFO - Token: <NUMERO, '2', 2, 6>
2026-04-14 01:28:33,506 - INFO - Token: <MULTIPLICACAO, '*', 2, 8>
2026-04-14 01:28:33,506 - INFO - Token: <NUMERO, '3', 2, 10>
2026-04-14 01:28:33,506 - INFO - Token: <PONTO_VIRGULA, ';', 2, 11>
2026-04-14 01:28:33,506 - INFO - Token: <TIPO_INT, 'i', 3, 0>
2026-04-14 01:28:33,506 - INFO - Token: <ID, 'z', 3, 2>
2026-04-14 01:28:33,507 - INFO - Token: <ATRIBUICAO, '=', 3, 4>
2026-04-14 01:28:33,507 - INFO - Token: <NUMERO, '10', 3, 6>
2026-04-14 01:28:33,507 - INFO - Token: <DIVISAO, '/', 3, 9>
2026-04-14 01:28:33,507 - INFO - Token: <NUMERO, '2', 3, 11>
2026-04-14 01:28:33,507 - INFO - Token: <PONTO_VIRGULA, ';', 3, 12>
2026-04-14 01:28:33,507 - INFO - Token: <TIPO_STR, 's', 4, 0>
2026-04-14 01:28:33,507 - INFO - Token: <ID, 'nome', 4, 2>
2026-04-14 01:28:33,507 - INFO - Token: <ATRIBUICAO, '=', 4, 7>
2026-04-14 01:28:33,507 - INFO - Token: <STRING, '"matheus"', 4, 9>
2026-04-14 01:28:33,507 - INFO - Token: <PONTO_VIRGULA, ';', 4, 18>
2026-04-14 01:28:33,508 - INFO - Token: <RD, 'rd', 6, 0>
2026-04-14 01:28:33,508 - INFO - Token: <ABRE_PARENTESES, '(', 6, 2>
2026-04-14 01:28:33,508 - INFO - Token: <ID, 'x', 6, 3>
2026-04-14 01:28:33,508 - INFO - Token: <FECHA_PARENTESES, ')', 6, 4>
2026-04-14 01:28:33,508 - INFO - Token: <PONTO_VIRGULA, ';', 6, 5>
2026-04-14 01:28:33,508 - INFO - Token: <PT, 'pt', 7, 0>
2026-04-14 01:28:33,508 - INFO - Token: <ABRE_PARENTESES, '(', 7, 2>
2026-04-14 01:28:33,508 - INFO - Token: <STRING, '"Olá"', 7, 3>
2026-04-14 01:28:33,508 - INFO - Token: <FECHA_PARENTESES, ')', 7, 8>
2026-04-14 01:28:33,508 - INFO - Token: <PONTO_VIRGULA, ';', 7, 9>
2026-04-14 01:28:33,508 - INFO - Token: <PT, 'pt', 8, 0>
2026-04-14 01:28:33,509 - INFO - Token: <ABRE_PARENTESES, '(', 8, 2>
2026-04-14 01:28:33,509 - INFO - Token: <ID, 'x', 8, 3>
2026-04-14 01:28:33,509 - INFO - Token: <SOMA, '+', 8, 5>
2026-04-14 01:28:33,509 - INFO - Token: <ID, 'y', 8, 7>
2026-04-14 01:28:33,509 - INFO - Token: <FECHA_PARENTESES, ')', 8, 8>
2026-04-14 01:28:33,509 - INFO - Token: <PONTO_VIRGULA, ';', 8, 9>
2026-04-14 01:28:33,509 - INFO - Token: <IF, 'if', 10, 0>
2026-04-14 01:28:33,509 - INFO - Token: <ID, 'x', 10, 3>
2026-04-14 01:28:33,509 - INFO - Token: <IGUAL, '==', 10, 5>
2026-04-14 01:28:33,509 - INFO - Token: <NUMERO, '6', 10, 8>
2026-04-14 01:28:33,510 - INFO - Token: <AND, 'and', 10, 10>
2026-04-14 01:28:33,510 - INFO - Token: <ID, 'y', 10, 14>
2026-04-14 01:28:33,510 - INFO - Token: <MENOR, '<', 10, 16>
2026-04-14 01:28:33,510 - INFO - Token: <NUMERO, '10', 10, 18>
2026-04-14 01:28:33,510 - INFO - Token: <OR, 'or', 10, 21>
2026-04-14 01:28:33,510 - INFO - Token: <NOT, '!', 10, 24>
2026-04-14 01:28:33,510 - INFO - Token: <ID, 'z', 10, 26>
2026-04-14 01:28:33,510 - INFO - Token: <IGUAL, '==', 10, 28>
2026-04-14 01:28:33,511 - INFO - Token: <NUMERO, '5', 10, 31>
2026-04-14 01:28:33,511 - INFO - Token: <ABRE_CHAVES, '{', 10, 33>
2026-04-14 01:28:33,511 - INFO - Token: <TIPO_INT, 'i', 11, 4>
2026-04-14 01:28:33,511 - INFO - Token: <ID, 'w', 11, 6>
2026-04-14 01:28:33,511 - INFO - Token: <ATRIBUICAO, '=', 11, 8>
2026-04-14 01:28:33,511 - INFO - Token: <NUMERO, '10', 11, 10>
2026-04-14 01:28:33,511 - INFO - Token: <PONTO_VIRGULA, ';', 11, 12>
2026-04-14 01:28:33,511 - INFO - Token: <FECHA_CHAVES, '}', 12, 0>
2026-04-14 01:28:33,511 - INFO - Token: <EL, 'el', 12, 2>
2026-04-14 01:28:33,511 - INFO - Token: <ABRE_CHAVES, '{', 12, 5>
2026-04-14 01:28:33,512 - INFO - Token: <TIPO_INT, 'i', 13, 4>
2026-04-14 01:28:33,512 - INFO - Token: <ID, 'w', 13, 6>
2026-04-14 01:28:33,512 - INFO - Token: <ATRIBUICAO, '=', 13, 8>
2026-04-14 01:28:33,512 - INFO - Token: <NUMERO, '20', 13, 10>
2026-04-14 01:28:33,512 - INFO - Token: <PONTO_VIRGULA, ';', 13, 12>
2026-04-14 01:28:33,512 - INFO - Token: <FECHA_CHAVES, '}', 14, 0>
2026-04-14 01:28:33,512 - INFO - Token: <EI, 'ei', 14, 2>
2026-04-14 01:28:33,512 - INFO - Token: <ID, 'x', 14, 5>
2026-04-14 01:28:33,512 - INFO - Token: <IGUAL, '==', 14, 7>
2026-04-14 01:28:33,513 - INFO - Token: <NUMERO, '7', 14, 10>
2026-04-14 01:28:33,513 - INFO - Token: <ABRE_CHAVES, '{', 14, 12>
2026-04-14 01:28:33,513 - INFO - Token: <TIPO_INT, 'i', 15, 4>
2026-04-14 01:28:33,513 - INFO - Token: <ID, 'w', 15, 6>
2026-04-14 01:28:33,513 - INFO - Token: <ATRIBUICAO, '=', 15, 8>
2026-04-14 01:28:33,513 - INFO - Token: <NUMERO, '30', 15, 10>
2026-04-14 01:28:33,513 - INFO - Token: <PONTO_VIRGULA, ';', 15, 12>
2026-04-14 01:28:33,513 - INFO - Token: <FECHA_CHAVES, '}', 16, 0>
2026-04-14 01:28:33,513 - INFO - Token: <WL, 'wl', 18, 0>
2026-04-14 01:28:33,513 - INFO - Token: <ID, 'x', 18, 3>
2026-04-14 01:28:33,513 - INFO - Token: <MENOR, '<', 18, 5>
2026-04-14 01:28:33,514 - INFO - Token: <NUMERO, '10', 18, 7>
2026-04-14 01:28:33,514 - INFO - Token: <DO, 'do', 18, 10>
2026-04-14 01:28:33,514 - INFO - Token: <ABRE_CHAVES, '{', 18, 13>
2026-04-14 01:28:33,514 - INFO - Token: <ID, 'x', 19, 4>
2026-04-14 01:28:33,514 - INFO - Token: <ATRIBUICAO, '=', 19, 6>
2026-04-14 01:28:33,514 - INFO - Token: <ID, 'x', 19, 8>
2026-04-14 01:28:33,514 - INFO - Token: <SOMA, '+', 19, 10>
2026-04-14 01:28:33,514 - INFO - Token: <NUMERO, '1', 19, 12>
2026-04-14 01:28:33,514 - INFO - Token: <PONTO_VIRGULA, ';', 19, 13>
2026-04-14 01:28:33,514 - INFO - Token: <PT, 'pt', 20, 4>
2026-04-14 01:28:33,515 - INFO - Token: <ABRE_PARENTESES, '(', 20, 6>
2026-04-14 01:28:33,515 - INFO - Token: <ID, 'x', 20, 7>
2026-04-14 01:28:33,515 - INFO - Token: <FECHA_PARENTESES, ')', 20, 8>
2026-04-14 01:28:33,515 - INFO - Token: <PONTO_VIRGULA, ';', 20, 9>
2026-04-14 01:28:33,515 - INFO - Token: <FECHA_CHAVES, '}', 21, 0>
2026-04-14 01:28:33,515 - INFO - Iniciando parsing...
2026-04-14 01:28:33,519 - INFO - Parsing concluído.
2026-04-14 01:35:56,253 - INFO - Token: <TIPO_INT, 'i', 1, 0>
2026-04-14 01:35:56,253 - INFO - Token: <ID, 'x', 1, 2>
2026-04-14 01:35:56,253 - INFO - Token: <ATRIBUICAO, '=', 1, 4>
2026-04-14 01:35:56,253 - INFO - Token: <NUMERO, '1', 1, 6>
2026-04-14 01:35:56,253 - INFO - Token: <SOMA, '+', 1, 8>
2026-04-14 01:35:56,253 - INFO - Token: <NUMERO, '2', 1, 10>
2026-04-14 01:35:56,253 - INFO - Token: <SOMA, '+', 1, 12>
2026-04-14 01:35:56,253 - INFO - Token: <NUMERO, '3', 1, 14>
2026-04-14 01:35:56,253 - INFO - Token: <PONTO_VIRGULA, ';', 1, 15>
2026-04-14 01:35:56,253 - INFO - Token: <TIPO_INT, 'i', 2, 0>
2026-04-14 01:35:56,253 - INFO - Token: <ID, 'y', 2, 2>
2026-04-14 01:35:56,253 - INFO - Token: <ATRIBUICAO, '=', 2, 4>
2026-04-14 01:35:56,253 - INFO - Token: <NUMERO, '2', 2, 6>
2026-04-14 01:35:56,253 - INFO - Token: <MULTIPLICACAO, '*', 2, 8>
2026-04-14 01:35:56,253 - INFO - Token: <NUMERO, '3', 2, 10>
2026-04-14 01:35:56,254 - INFO - Token: <PONTO_VIRGULA, ';', 2, 11>
2026-04-14 01:35:56,254 - INFO - Token: <TIPO_INT, 'i', 3, 0>
2026-04-14 01:35:56,254 - INFO - Token: <ID, 'z', 3, 2>
2026-04-14 01:35:56,254 - INFO - Token: <ATRIBUICAO, '=', 3, 4>
2026-04-14 01:35:56,254 - INFO - Token: <NUMERO, '10', 3, 6>
2026-04-14 01:35:56,254 - INFO - Token: <DIVISAO, '/', 3, 9>
2026-04-14 01:35:56,254 - INFO - Token: <NUMERO, '2', 3, 11>
2026-04-14 01:35:56,254 - INFO - Token: <PONTO_VIRGULA, ';', 3, 12>
2026-04-14 01:35:56,254 - INFO - Token: <TIPO_STR, 's', 4, 0>
2026-04-14 01:35:56,254 - INFO - Token: <ID, 'nome', 4, 2>
2026-04-14 01:35:56,254 - INFO - Token: <ATRIBUICAO, '=', 4, 7>
2026-04-14 01:35:56,254 - INFO - Token: <STRING, '"matheus"', 4, 9>
2026-04-14 01:35:56,254 - INFO - Token: <PONTO_VIRGULA, ';', 4, 18>
2026-04-14 01:35:56,254 - INFO - Token: <RD, 'rd', 6, 0>
2026-04-14 01:35:56,254 - INFO - Token: <ABRE_PARENTESES, '(', 6, 2>
2026-04-14 01:35:56,254 - INFO - Token: <ID, 'x', 6, 3>
2026-04-14 01:35:56,254 - INFO - Token: <FECHA_PARENTESES, ')', 6, 4>
2026-04-14 01:35:56,254 - INFO - Token: <PONTO_VIRGULA, ';', 6, 5>
2026-04-14 01:35:56,254 - INFO - Token: <PT, 'pt', 7, 0>
2026-04-14 01:35:56,254 - INFO - Token: <ABRE_PARENTESES, '(', 7, 2>
2026-04-14 01:35:56,254 - INFO - Token: <STRING, '"Olá"', 7, 3>
2026-04-14 01:35:56,254 - INFO - Token: <FECHA_PARENTESES, ')', 7, 8>
2026-04-14 01:35:56,254 - INFO - Token: <PONTO_VIRGULA, ';', 7, 9>
2026-04-14 01:35:56,254 - INFO - Token: <PT, 'pt', 8, 0>
2026-04-14 01:35:56,254 - INFO - Token: <ABRE_PARENTESES, '(', 8, 2>
2026-04-14 01:35:56,254 - INFO - Token: <ID, 'x', 8, 3>
2026-04-14 01:35:56,254 - INFO - Token: <SOMA, '+', 8, 5>
2026-04-14 01:35:56,255 - INFO - Token: <ID, 'y', 8, 7>
2026-04-14 01:35:56,255 - INFO - Token: <FECHA_PARENTESES, ')', 8, 8>
2026-04-14 01:35:56,255 - INFO - Token: <PONTO_VIRGULA, ';', 8, 9>
2026-04-14 01:35:56,255 - INFO - Token: <IF, 'if', 10, 0>
2026-04-14 01:35:56,255 - INFO - Token: <ID, 'x', 10, 3>
2026-04-14 01:35:56,255 - INFO - Token: <IGUAL, '==', 10, 5>
2026-04-14 01:35:56,255 - INFO - Token: <NUMERO, '6', 10, 8>
2026-04-14 01:35:56,255 - INFO - Token: <AND, 'and', 10, 10>
2026-04-14 01:35:56,255 - INFO - Token: <ID, 'y', 10, 14>
2026-04-14 01:35:56,255 - INFO - Token: <MENOR, '<', 10, 16>
2026-04-14 01:35:56,255 - INFO - Token: <NUMERO, '10', 10, 18>
2026-04-14 01:35:56,255 - INFO - Token: <OR, 'or', 10, 21>
2026-04-14 01:35:56,255 - INFO - Token: <NOT, '!', 10, 24>
2026-04-14 01:35:56,255 - INFO - Token: <ID, 'z', 10, 26>
2026-04-14 01:35:56,255 - INFO - Token: <IGUAL, '==', 10, 28>
2026-04-14 01:35:56,255 - INFO - Token: <NUMERO, '5', 10, 31>
2026-04-14 01:35:56,255 - INFO - Token: <ABRE_CHAVES, '{', 10, 33>
2026-04-14 01:35:56,255 - INFO - Token: <TIPO_INT, 'i', 11, 4>
2026-04-14 01:35:56,255 - INFO - Token: <ID, 'w', 11, 6>
2026-04-14 01:35:56,255 - INFO - Token: <ATRIBUICAO, '=', 11, 8>
2026-04-14 01:35:56,255 - INFO - Token: <NUMERO, '10', 11, 10>
2026-04-14 01:35:56,255 - INFO - Token: <PONTO_VIRGULA, ';', 11, 12>
2026-04-14 01:35:56,255 - INFO - Token: <FECHA_CHAVES, '}', 12, 0>
2026-04-14 01:35:56,255 - INFO - Token: <EL, 'el', 12, 2>
2026-04-14 01:35:56,255 - INFO - Token: <ABRE_CHAVES, '{', 12, 5>
2026-04-14 01:35:56,255 - INFO - Token: <TIPO_INT, 'i', 13, 4>
2026-04-14 01:35:56,255 - INFO - Token: <ID, 'w', 13, 6>
2026-04-14 01:35:56,255 - INFO - Token: <ATRIBUICAO, '=', 13, 8>
2026-04-14 01:35:56,256 - INFO - Token: <NUMERO, '20', 13, 10>
2026-04-14 01:35:56,256 - INFO - Token: <PONTO_VIRGULA, ';', 13, 12>
2026-04-14 01:35:56,256 - INFO - Token: <FECHA_CHAVES, '}', 14, 0>
2026-04-14 01:35:56,256 - INFO - Token: <EI, 'ei', 14, 2>
2026-04-14 01:35:56,256 - INFO - Token: <ID, 'x', 14, 5>
2026-04-14 01:35:56,256 - INFO - Token: <IGUAL, '==', 14, 7>
2026-04-14 01:35:56,256 - INFO - Token: <NUMERO, '7', 14, 10>
2026-04-14 01:35:56,256 - INFO - Token: <ABRE_CHAVES, '{', 14, 12>
2026-04-14 01:35:56,256 - INFO - Token: <TIPO_INT, 'i', 15, 4>
2026-04-14 01:35:56,256 - INFO - Token: <ID, 'w', 15, 6>
2026-04-14 01:35:56,256 - INFO - Token: <ATRIBUICAO, '=', 15, 8>
2026-04-14 01:35:56,256 - INFO - Token: <NUMERO, '30', 15, 10>
2026-04-14 01:35:56,256 - INFO - Token: <PONTO_VIRGULA, ';', 15, 12>
2026-04-14 01:35:56,256 - INFO - Token: <FECHA_CHAVES, '}', 16, 0>
2026-04-14 01:35:56,256 - INFO - Token: <WL, 'wl', 18, 0>
2026-04-14 01:35:56,256 - INFO - Token: <ID, 'x', 18, 3>
2026-04-14 01:35:56,256 - INFO - Token: <MENOR, '<', 18, 5>
2026-04-14 01:35:56,256 - INFO - Token: <NUMERO, '10', 18, 7>
2026-04-14 01:35:56,256 - INFO - Token: <DO, 'do', 18, 10>
2026-04-14 01:35:56,256 - INFO - Token: <ABRE_CHAVES, '{', 18, 13>
2026-04-14 01:35:56,256 - INFO - Token: <ID, 'x', 19, 4>
2026-04-14 01:35:56,256 - INFO - Token: <ATRIBUICAO, '=', 19, 6>
2026-04-14 01:35:56,256 - INFO - Token: <ID, 'x', 19, 8>
2026-04-14 01:35:56,256 - INFO - Token: <SOMA, '+', 19, 10>
2026-04-14 01:35:56,256 - INFO - Token: <NUMERO, '1', 19, 12>
2026-04-14 01:35:56,256 - INFO - Token: <PONTO_VIRGULA, ';', 19, 13>
2026-04-14 01:35:56,256 - INFO - Token: <PT, 'pt', 20, 4>
2026-04-14 01:35:56,256 - INFO - Token: <ABRE_PARENTESES, '(', 20, 6>
2026-04-14 01:35:56,256 - INFO - Token: <ID, 'x', 20, 7>
2026-04-14 01:35:56,257 - INFO - Token: <FECHA_PARENTESES, ')', 20, 8>
2026-04-14 01:35:56,257 - INFO - Token: <PONTO_VIRGULA, ';', 20, 9>
2026-04-14 01:35:56,257 - INFO - Token: <FECHA_CHAVES, '}', 21, 0>
2026-04-14 01:35:56,257 - INFO - Iniciando parsing...
2026-04-14 01:35:56,260 - INFO - Parsing concluído.
2026-04-14 01:37:04,068 - INFO - Token: <TIPO_INT, 'i', 1, 0>
2026-04-14 01:37:04,068 - INFO - Token: <ID, 'x', 1, 2>
2026-04-14 01:37:04,068 - INFO - Token: <ATRIBUICAO, '=', 1, 4>
2026-04-14 01:37:04,068 - INFO - Token: <NUMERO, '1', 1, 6>
2026-04-14 01:37:04,068 - INFO - Token: <SOMA, '+', 1, 8>
2026-04-14 01:37:04,068 - INFO - Token: <NUMERO, '2', 1, 10>
2026-04-14 01:37:04,068 - INFO - Token: <SOMA, '+', 1, 12>
2026-04-14 01:37:04,068 - INFO - Token: <NUMERO, '3', 1, 14>
2026-04-14 01:37:04,068 - INFO - Token: <PONTO_VIRGULA, ';', 1, 15>
2026-04-14 01:37:04,068 - INFO - Token: <TIPO_INT, 'i', 2, 0>
2026-04-14 01:37:04,068 - INFO - Token: <ID, 'y', 2, 2>
2026-04-14 01:37:04,068 - INFO - Token: <ATRIBUICAO, '=', 2, 4>
2026-04-14 01:37:04,068 - INFO - Token: <NUMERO, '2', 2, 6>
2026-04-14 01:37:04,068 - INFO - Token: <MULTIPLICACAO, '*', 2, 8>
2026-04-14 01:37:04,069 - INFO - Token: <NUMERO, '3', 2, 10>
2026-04-14 01:37:04,069 - INFO - Token: <PONTO_VIRGULA, ';', 2, 11>
2026-04-14 01:37:04,069 - INFO - Token: <TIPO_INT, 'i', 3, 0>
2026-04-14 01:37:04,069 - INFO - Token: <ID, 'z', 3, 2>
2026-04-14 01:37:04,069 - INFO - Token: <ATRIBUICAO, '=', 3, 4>
2026-04-14 01:37:04,069 - INFO - Token: <NUMERO, '10', 3, 6>
2026-04-14 01:37:04,069 - INFO - Token: <DIVISAO, '/', 3, 9>
2026-04-14 01:37:04,069 - INFO - Token: <NUMERO, '2', 3, 11>
2026-04-14 01:37:04,069 - INFO - Token: <PONTO_VIRGULA, ';', 3, 12>
2026-04-14 01:37:04,069 - INFO - Token: <TIPO_STR, 's', 4, 0>
2026-04-14 01:37:04,069 - INFO - Token: <ID, 'nome', 4, 2>
2026-04-14 01:37:04,069 - INFO - Token: <ATRIBUICAO, '=', 4, 7>
2026-04-14 01:37:04,069 - INFO - Token: <STRING, '"matheus"', 4, 9>
2026-04-14 01:37:04,069 - INFO - Token: <PONTO_VIRGULA, ';', 4, 18>
2026-04-14 01:37:04,069 - INFO - Token: <RD, 'rd', 6, 0>
2026-04-14 01:37:04,069 - INFO - Token: <ABRE_PARENTESES, '(', 6, 2>
2026-04-14 01:37:04,069 - INFO - Token: <ID, 'x', 6, 3>
2026-04-14 01:37:04,069 - INFO - Token: <FECHA_PARENTESES, ')', 6, 4>
2026-04-14 01:37:04,069 - INFO - Token: <PONTO_VIRGULA, ';', 6, 5>
2026-04-14 01:37:04,069 - INFO - Token: <PT, 'pt', 7, 0>
2026-04-14 01:37:04,069 - INFO - Token: <ABRE_PARENTESES, '(', 7, 2>
2026-04-14 01:37:04,069 - INFO - Token: <STRING, '"Olá"', 7, 3>
2026-04-14 01:37:04,069 - INFO - Token: <FECHA_PARENTESES, ')', 7, 8>
2026-04-14 01:37:04,069 - INFO - Token: <PONTO_VIRGULA, ';', 7, 9>
2026-04-14 01:37:04,069 - INFO - Token: <PT, 'pt', 8, 0>
2026-04-14 01:37:04,069 - INFO - Token: <ABRE_PARENTESES, '(', 8, 2>
2026-04-14 01:37:04,069 - INFO - Token: <ID, 'x', 8, 3>
2026-04-14 01:37:04,069 - INFO - Token: <SOMA, '+', 8, 5>
2026-04-14 01:37:04,069 - INFO - Token: <ID, 'y', 8, 7>
2026-04-14 01:37:04,069 - INFO - Token: <FECHA_PARENTESES, ')', 8, 8>
2026-04-14 01:37:04,070 - INFO - Token: <PONTO_VIRGULA, ';', 8, 9>
2026-04-14 01:37:04,070 - INFO - Token: <IF, 'if', 10, 0>
2026-04-14 01:37:04,070 - INFO - Token: <ID, 'x', 10, 3>
2026-04-14 01:37:04,070 - INFO - Token: <IGUAL, '==', 10, 5>
2026-04-14 01:37:04,070 - INFO - Token: <NUMERO, '6', 10, 8>
2026-04-14 01:37:04,070 - INFO - Token: <AND, 'and', 10, 10>
2026-04-14 01:37:04,070 - INFO - Token: <ID, 'y', 10, 14>
2026-04-14 01:37:04,070 - INFO - Token: <MENOR, '<', 10, 16>
2026-04-14 01:37:04,070 - INFO - Token: <NUMERO, '10', 10, 18>
2026-04-14 01:37:04,070 - INFO - Token: <OR, 'or', 10, 21>
2026-04-14 01:37:04,070 - INFO - Token: <NOT, '!', 10, 24>
2026-04-14 01:37:04,070 - INFO - Token: <ID, 'z', 10, 26>
2026-04-14 01:37:04,070 - INFO - Token: <IGUAL, '==', 10, 28>
2026-04-14 01:37:04,070 - INFO - Token: <NUMERO, '5', 10, 31>
2026-04-14 01:37:04,070 - INFO - Token: <ABRE_CHAVES, '{', 10, 33>
2026-04-14 01:37:04,070 - INFO - Token: <TIPO_INT, 'i', 11, 4>
2026-04-14 01:37:04,070 - INFO - Token: <ID, 'w', 11, 6>
2026-04-14 01:37:04,070 - INFO - Token: <ATRIBUICAO, '=', 11, 8>
2026-04-14 01:37:04,070 - INFO - Token: <NUMERO, '10', 11, 10>
2026-04-14 01:37:04,070 - INFO - Token: <PONTO_VIRGULA, ';', 11, 12>
2026-04-14 01:37:04,070 - INFO - Token: <FECHA_CHAVES, '}', 12, 0>
2026-04-14 01:37:04,070 - INFO - Token: <EL, 'el', 12, 2>
2026-04-14 01:37:04,070 - INFO - Token: <ABRE_CHAVES, '{', 12, 5>
2026-04-14 01:37:04,070 - INFO - Token: <TIPO_INT, 'i', 13, 4>
2026-04-14 01:37:04,070 - INFO - Token: <ID, 'w', 13, 6>
2026-04-14 01:37:04,070 - INFO - Token: <ATRIBUICAO, '=', 13, 8>
2026-04-14 01:37:04,070 - INFO - Token: <NUMERO, '20', 13, 10>
2026-04-14 01:37:04,070 - INFO - Token: <PONTO_VIRGULA, ';', 13, 12>
2026-04-14 01:37:04,070 - INFO - Token: <FECHA_CHAVES, '}', 14, 0>
2026-04-14 01:37:04,070 - INFO - Token: <EI, 'ei', 14, 2>
2026-04-14 01:37:04,071 - INFO - Token: <ID, 'x', 14, 5>
2026-04-14 01:37:04,071 - INFO - Token: <IGUAL, '==', 14, 7>
2026-04-14 01:37:04,071 - INFO - Token: <NUMERO, '7', 14, 10>
2026-04-14 01:37:04,071 - INFO - Token: <ABRE_CHAVES, '{', 14, 12>
2026-04-14 01:37:04,071 - INFO - Token: <TIPO_INT, 'i', 15, 4>
2026-04-14 01:37:04,071 - INFO - Token: <ID, 'w', 15, 6>
2026-04-14 01:37:04,071 - INFO - Token: <ATRIBUICAO, '=', 15, 8>
2026-04-14 01:37:04,071 - INFO - Token: <NUMERO, '30', 15, 10>
2026-04-14 01:37:04,071 - INFO - Token: <PONTO_VIRGULA, ';', 15, 12>
2026-04-14 01:37:04,071 - INFO - Token: <FECHA_CHAVES, '}', 16, 0>
2026-04-14 01:37:04,071 - INFO - Token: <WL, 'wl', 18, 0>
2026-04-14 01:37:04,071 - INFO - Token: <ID, 'x', 18, 3>
2026-04-14 01:37:04,071 - INFO - Token: <MENOR, '<', 18, 5>
2026-04-14 01:37:04,071 - INFO - Token: <NUMERO, '10', 18, 7>
2026-04-14 01:37:04,071 - INFO - Token: <DO, 'do', 18, 10>
2026-04-14 01:37:04,071 - INFO - Token: <ABRE_CHAVES, '{', 18, 13>
2026-04-14 01:37:04,071 - INFO - Token: <ID, 'x', 19, 4>
2026-04-14 01:37:04,071 - INFO - Token: <ATRIBUICAO, '=', 19, 6>
2026-04-14 01:37:04,071 - INFO - Token: <ID, 'x', 19, 8>
2026-04-14 01:37:04,071 - INFO - Token: <SOMA, '+', 19, 10>
2026-04-14 01:37:04,071 - INFO - Token: <NUMERO, '1', 19, 12>
2026-04-14 01:37:04,071 - INFO - Token: <PONTO_VIRGULA, ';', 19, 13>
2026-04-14 01:37:04,071 - INFO - Token: <PT, 'pt', 20, 4>
2026-04-14 01:37:04,071 - INFO - Token: <ABRE_PARENTESES, '(', 20, 6>
2026-04-14 01:37:04,071 - INFO - Token: <ID, 'x', 20, 7>
2026-04-14 01:37:04,071 - INFO - Token: <FECHA_PARENTESES, ')', 20, 8>
2026-04-14 01:37:04,071 - INFO - Token: <PONTO_VIRGULA, ';', 20, 9>
2026-04-14 01:37:04,071 - INFO - Token: <FECHA_CHAVES, '}', 21, 0>
2026-04-14 01:37:04,072 - INFO - Iniciando parsing...
2026-04-14 01:37:04,075 - INFO - Parsing concluído.
